\BOOKMARK [0][-]{chapter.1}{\376\377\0001\000\040\000T\000o\000d\000o\000\040\000L\000i\000s\000t}{}% 1
\BOOKMARK [0][-]{chapter.2}{\376\377\0002\000\040\000B\000u\000g\000\040\000L\000i\000s\000t}{}% 2
\BOOKMARK [0][-]{chapter.3}{\376\377\0003\000\040\000F\000i\000l\000e\000\040\000I\000n\000d\000e\000x}{}% 3
\BOOKMARK [1][-]{section.3.1}{\376\377\0003\000.\0001\000\040\000F\000i\000l\000e\000\040\000L\000i\000s\000t}{chapter.3}% 4
\BOOKMARK [0][-]{chapter.4}{\376\377\0004\000\040\000F\000i\000l\000e\000\040\000D\000o\000c\000u\000m\000e\000n\000t\000a\000t\000i\000o\000n}{}% 5
\BOOKMARK [1][-]{section.4.1}{\376\377\0004\000.\0001\000\040\000s\000r\000c\000/\000c\000h\000e\000m\000i\000s\000t\000r\000y\000/\000b\000o\000l\000t\000z\000e\000q\0004\000A\000r\000.\000f\000\040\000F\000i\000l\000e\000\040\000R\000e\000f\000e\000r\000e\000n\000c\000e}{chapter.4}% 6
\BOOKMARK [2][-]{subsection.4.1.1}{\376\377\0004\000.\0001\000.\0001\000\040\000F\000u\000n\000c\000t\000i\000o\000n\000/\000S\000u\000b\000r\000o\000u\000t\000i\000n\000e\000\040\000D\000o\000c\000u\000m\000e\000n\000t\000a\000t\000i\000o\000n}{section.4.1}% 7
\BOOKMARK [3][-]{subsubsection.4.1.1.1}{\376\377\0004\000.\0001\000.\0001\000.\0001\000\040\000b\000o\000l\000t\000z\000e\000q\0004\000A\000r\000\050\000\051}{subsection.4.1.1}% 8
\BOOKMARK [1][-]{section.4.2}{\376\377\0004\000.\0002\000\040\000s\000r\000c\000/\000c\000h\000e\000m\000i\000s\000t\000r\000y\000/\000c\000h\000e\000m\000s\000o\000u\000r\000c\000e\000.\000f\0009\0000\000\040\000F\000i\000l\000e\000\040\000R\000e\000f\000e\000r\000e\000n\000c\000e}{chapter.4}% 9
\BOOKMARK [2][-]{subsection.4.2.1}{\376\377\0004\000.\0002\000.\0001\000\040\000F\000u\000n\000c\000t\000i\000o\000n\000/\000S\000u\000b\000r\000o\000u\000t\000i\000n\000e\000\040\000D\000o\000c\000u\000m\000e\000n\000t\000a\000t\000i\000o\000n}{section.4.2}% 10
\BOOKMARK [3][-]{subsubsection.4.2.1.1}{\376\377\0004\000.\0002\000.\0001\000.\0001\000\040\000c\000h\000e\000m\000s\000o\000u\000r\000c\000e\000\050\000\051}{subsection.4.2.1}% 11
\BOOKMARK [3][-]{subsubsection.4.2.1.2}{\376\377\0004\000.\0002\000.\0001\000.\0002\000\040\000t\000a\000u\000c\000h\000e\000m\0004\000A\000r\000\050\000\051}{subsection.4.2.1}% 12
\BOOKMARK [1][-]{section.4.3}{\376\377\0004\000.\0003\000\040\000s\000r\000c\000/\000c\000h\000e\000m\000i\000s\000t\000r\000y\000/\000c\000u\000r\000r\000e\000n\000t\000f\000l\000u\000x\000.\000F\000\040\000F\000i\000l\000e\000\040\000R\000e\000f\000e\000r\000e\000n\000c\000e}{chapter.4}% 13
\BOOKMARK [2][-]{subsection.4.3.1}{\376\377\0004\000.\0003\000.\0001\000\040\000F\000u\000n\000c\000t\000i\000o\000n\000/\000S\000u\000b\000r\000o\000u\000t\000i\000n\000e\000\040\000D\000o\000c\000u\000m\000e\000n\000t\000a\000t\000i\000o\000n}{section.4.3}% 14
\BOOKMARK [3][-]{subsubsection.4.3.1.1}{\376\377\0004\000.\0003\000.\0001\000.\0001\000\040\000C\000U\000R\000R\000E\000N\000T\000F\000L\000U\000X\000\050\000\051}{subsection.4.3.1}% 15
\BOOKMARK [1][-]{section.4.4}{\376\377\0004\000.\0004\000\040\000s\000r\000c\000/\000c\000h\000e\000m\000i\000s\000t\000r\000y\000/\000e\000l\000e\000c\000t\000c\000o\000n\000d\000.\000f\0009\0000\000\040\000F\000i\000l\000e\000\040\000R\000e\000f\000e\000r\000e\000n\000c\000e}{chapter.4}% 16
\BOOKMARK [2][-]{subsection.4.4.1}{\376\377\0004\000.\0004\000.\0001\000\040\000F\000u\000n\000c\000t\000i\000o\000n\000/\000S\000u\000b\000r\000o\000u\000t\000i\000n\000e\000\040\000D\000o\000c\000u\000m\000e\000n\000t\000a\000t\000i\000o\000n}{section.4.4}% 17
\BOOKMARK [3][-]{subsubsection.4.4.1.1}{\376\377\0004\000.\0004\000.\0001\000.\0001\000\040\000e\000l\000e\000c\000t\000c\000o\000n\000d\000\050\000\051}{subsection.4.4.1}% 18
\BOOKMARK [3][-]{subsubsection.4.4.1.2}{\376\377\0004\000.\0004\000.\0001\000.\0002\000\040\000f\000s\0001\000\050\000\051}{subsection.4.4.1}% 19
\BOOKMARK [3][-]{subsubsection.4.4.1.3}{\376\377\0004\000.\0004\000.\0001\000.\0003\000\040\000f\000s\0002\000\050\000\051}{subsection.4.4.1}% 20
\BOOKMARK [3][-]{subsubsection.4.4.1.4}{\376\377\0004\000.\0004\000.\0001\000.\0004\000\040\000f\000s\0004\000\050\000\051}{subsection.4.4.1}% 21
\BOOKMARK [1][-]{section.4.5}{\376\377\0004\000.\0005\000\040\000s\000r\000c\000/\000c\000h\000e\000m\000i\000s\000t\000r\000y\000/\000g\000e\000t\000s\000i\000g\000m\000a\000.\000f\0009\0000\000\040\000F\000i\000l\000e\000\040\000R\000e\000f\000e\000r\000e\000n\000c\000e}{chapter.4}% 22
\BOOKMARK [2][-]{subsection.4.5.1}{\376\377\0004\000.\0005\000.\0001\000\040\000F\000u\000n\000c\000t\000i\000o\000n\000/\000S\000u\000b\000r\000o\000u\000t\000i\000n\000e\000\040\000D\000o\000c\000u\000m\000e\000n\000t\000a\000t\000i\000o\000n}{section.4.5}% 23
\BOOKMARK [3][-]{subsubsection.4.5.1.1}{\376\377\0004\000.\0005\000.\0001\000.\0001\000\040\000g\000e\000t\000s\000i\000g\000m\000a\000\050\000\051}{subsection.4.5.1}% 24
\BOOKMARK [1][-]{section.4.6}{\376\377\0004\000.\0006\000\040\000s\000r\000c\000/\000c\000h\000e\000m\000i\000s\000t\000r\000y\000/\000i\000o\000n\000d\000e\000g\000r\000e\000e\0004\000A\000r\000.\000f\000\040\000F\000i\000l\000e\000\040\000R\000e\000f\000e\000r\000e\000n\000c\000e}{chapter.4}% 25
\BOOKMARK [2][-]{subsection.4.6.1}{\376\377\0004\000.\0006\000.\0001\000\040\000F\000u\000n\000c\000t\000i\000o\000n\000/\000S\000u\000b\000r\000o\000u\000t\000i\000n\000e\000\040\000D\000o\000c\000u\000m\000e\000n\000t\000a\000t\000i\000o\000n}{section.4.6}% 26
\BOOKMARK [3][-]{subsubsection.4.6.1.1}{\376\377\0004\000.\0006\000.\0001\000.\0001\000\040\000i\000o\000n\000d\000e\000g\000r\000e\000e\0004\000A\000r\000\050\000\051}{subsection.4.6.1}% 27
\BOOKMARK [1][-]{section.4.7}{\376\377\0004\000.\0007\000\040\000s\000r\000c\000/\000c\000h\000e\000m\000i\000s\000t\000r\000y\000/\000m\000a\000s\000s\000a\000c\000t\000i\000o\000n\000.\000f\0009\0000\000\040\000F\000i\000l\000e\000\040\000R\000e\000f\000e\000r\000e\000n\000c\000e}{chapter.4}% 28
\BOOKMARK [2][-]{subsection.4.7.1}{\376\377\0004\000.\0007\000.\0001\000\040\000F\000u\000n\000c\000t\000i\000o\000n\000/\000S\000u\000b\000r\000o\000u\000t\000i\000n\000e\000\040\000D\000o\000c\000u\000m\000e\000n\000t\000a\000t\000i\000o\000n}{section.4.7}% 29
\BOOKMARK [3][-]{subsubsection.4.7.1.1}{\376\377\0004\000.\0007\000.\0001\000.\0001\000\040\000m\000a\000s\000s\000a\000c\000t\000i\000o\000n\000\050\000\051}{subsection.4.7.1}% 30
\BOOKMARK [1][-]{section.4.8}{\376\377\0004\000.\0008\000\040\000s\000r\000c\000/\000c\000h\000e\000m\000i\000s\000t\000r\000y\000/\000m\000a\000s\000s\000a\000c\000t\000i\000o\000n\000S\000U\0002\000.\000f\0009\0000\000\040\000F\000i\000l\000e\000\040\000R\000e\000f\000e\000r\000e\000n\000c\000e}{chapter.4}% 31
\BOOKMARK [2][-]{subsection.4.8.1}{\376\377\0004\000.\0008\000.\0001\000\040\000F\000u\000n\000c\000t\000i\000o\000n\000/\000S\000u\000b\000r\000o\000u\000t\000i\000n\000e\000\040\000D\000o\000c\000u\000m\000e\000n\000t\000a\000t\000i\000o\000n}{section.4.8}% 32
\BOOKMARK [3][-]{subsubsection.4.8.1.1}{\376\377\0004\000.\0008\000.\0001\000.\0001\000\040\000m\000a\000s\000s\000a\000c\000t\000i\000o\000n\000S\000U\0002\000\050\000\051}{subsection.4.8.1}% 33
\BOOKMARK [1][-]{section.4.9}{\376\377\0004\000.\0009\000\040\000s\000r\000c\000/\000c\000h\000e\000m\000i\000s\000t\000r\000y\000/\000o\000h\000m\000s\000o\000u\000r\000c\000e\000.\000f\0009\0000\000\040\000F\000i\000l\000e\000\040\000R\000e\000f\000e\000r\000e\000n\000c\000e}{chapter.4}% 34
\BOOKMARK [2][-]{subsection.4.9.1}{\376\377\0004\000.\0009\000.\0001\000\040\000F\000u\000n\000c\000t\000i\000o\000n\000/\000S\000u\000b\000r\000o\000u\000t\000i\000n\000e\000\040\000D\000o\000c\000u\000m\000e\000n\000t\000a\000t\000i\000o\000n}{section.4.9}% 35
\BOOKMARK [3][-]{subsubsection.4.9.1.1}{\376\377\0004\000.\0009\000.\0001\000.\0001\000\040\000o\000h\000m\000h\000e\000a\000t\000\050\000\051}{subsection.4.9.1}% 36
\BOOKMARK [1][-]{section.4.10}{\376\377\0004\000.\0001\0000\000\040\000s\000r\000c\000/\000c\000h\000e\000m\000i\000s\000t\000r\000y\000/\000p\000l\000a\000s\000f\000l\000o\000w\000\137\000i\000n\000f\000.\000f\000\040\000F\000i\000l\000e\000\040\000R\000e\000f\000e\000r\000e\000n\000c\000e}{chapter.4}% 37
\BOOKMARK [2][-]{subsection.4.10.1}{\376\377\0004\000.\0001\0000\000.\0001\000\040\000F\000u\000n\000c\000t\000i\000o\000n\000/\000S\000u\000b\000r\000o\000u\000t\000i\000n\000e\000\040\000D\000o\000c\000u\000m\000e\000n\000t\000a\000t\000i\000o\000n}{section.4.10}% 38
\BOOKMARK [3][-]{subsubsection.4.10.1.1}{\376\377\0004\000.\0001\0000\000.\0001\000.\0001\000\040\000P\000L\000A\000S\000F\000L\000O\000W\000\137\000I\000N\000F\000\050\000\051}{subsection.4.10.1}% 39
\BOOKMARK [1][-]{section.4.11}{\376\377\0004\000.\0001\0001\000\040\000s\000r\000c\000/\000c\000h\000e\000m\000i\000s\000t\000r\000y\000/\000r\000a\000t\000e\000.\000f\0009\0000\000\040\000F\000i\000l\000e\000\040\000R\000e\000f\000e\000r\000e\000n\000c\000e}{chapter.4}% 40
\BOOKMARK [2][-]{subsection.4.11.1}{\376\377\0004\000.\0001\0001\000.\0001\000\040\000F\000u\000n\000c\000t\000i\000o\000n\000/\000S\000u\000b\000r\000o\000u\000t\000i\000n\000e\000\040\000D\000o\000c\000u\000m\000e\000n\000t\000a\000t\000i\000o\000n}{section.4.11}% 41
\BOOKMARK [3][-]{subsubsection.4.11.1.1}{\376\377\0004\000.\0001\0001\000.\0001\000.\0001\000\040\000f\0001\000\050\000\051}{subsection.4.11.1}% 42
\BOOKMARK [3][-]{subsubsection.4.11.1.2}{\376\377\0004\000.\0001\0001\000.\0001\000.\0002\000\040\000f\0002\000\050\000\051}{subsection.4.11.1}% 43
\BOOKMARK [3][-]{subsubsection.4.11.1.3}{\376\377\0004\000.\0001\0001\000.\0001\000.\0003\000\040\000f\0003\000\050\000\051}{subsection.4.11.1}% 44
\BOOKMARK [3][-]{subsubsection.4.11.1.4}{\376\377\0004\000.\0001\0001\000.\0001\000.\0004\000\040\000f\000b\000v\000\050\000\051}{subsection.4.11.1}% 45
\BOOKMARK [3][-]{subsubsection.4.11.1.5}{\376\377\0004\000.\0001\0001\000.\0001\000.\0005\000\040\000r\000a\000t\000e\000\050\000\051}{subsection.4.11.1}% 46
\BOOKMARK [1][-]{section.4.12}{\376\377\0004\000.\0001\0002\000\040\000s\000r\000c\000/\000c\000h\000e\000m\000i\000s\000t\000r\000y\000/\000r\000e\000a\000d\000A\000r\000g\000o\000n\000.\000f\0009\0000\000\040\000F\000i\000l\000e\000\040\000R\000e\000f\000e\000r\000e\000n\000c\000e}{chapter.4}% 47
\BOOKMARK [2][-]{subsection.4.12.1}{\376\377\0004\000.\0001\0002\000.\0001\000\040\000F\000u\000n\000c\000t\000i\000o\000n\000/\000S\000u\000b\000r\000o\000u\000t\000i\000n\000e\000\040\000D\000o\000c\000u\000m\000e\000n\000t\000a\000t\000i\000o\000n}{section.4.12}% 48
\BOOKMARK [3][-]{subsubsection.4.12.1.1}{\376\377\0004\000.\0001\0002\000.\0001\000.\0001\000\040\000r\000e\000a\000d\000A\000r\000g\000o\000n\000\050\000\051}{subsection.4.12.1}% 49
\BOOKMARK [1][-]{section.4.13}{\376\377\0004\000.\0001\0003\000\040\000s\000r\000c\000/\000c\000h\000e\000m\000i\000s\000t\000r\000y\000/\000T\000R\000A\000S\000H\000/\000c\000h\000e\000m\000s\000o\000u\000r\000c\000e\000I\000I\000.\000f\0009\0000\000\040\000F\000i\000l\000e\000\040\000R\000e\000f\000e\000r\000e\000n\000c\000e}{chapter.4}% 50
\BOOKMARK [2][-]{subsection.4.13.1}{\376\377\0004\000.\0001\0003\000.\0001\000\040\000F\000u\000n\000c\000t\000i\000o\000n\000/\000S\000u\000b\000r\000o\000u\000t\000i\000n\000e\000\040\000D\000o\000c\000u\000m\000e\000n\000t\000a\000t\000i\000o\000n}{section.4.13}% 51
\BOOKMARK [3][-]{subsubsection.4.13.1.1}{\376\377\0004\000.\0001\0003\000.\0001\000.\0001\000\040\000c\000h\000e\000m\000s\000o\000u\000r\000c\000e\000I\000I\000\050\000\051}{subsection.4.13.1}% 52
\BOOKMARK [1][-]{section.4.14}{\376\377\0004\000.\0001\0004\000\040\000s\000r\000c\000/\000e\000u\000l\000e\000r\000/\000b\000c\0002\0008\000v\000i\000i\000.\000F\000\040\000F\000i\000l\000e\000\040\000R\000e\000f\000e\000r\000e\000n\000c\000e}{chapter.4}% 53
\BOOKMARK [2][-]{subsection.4.14.1}{\376\377\0004\000.\0001\0004\000.\0001\000\040\000F\000u\000n\000c\000t\000i\000o\000n\000/\000S\000u\000b\000r\000o\000u\000t\000i\000n\000e\000\040\000D\000o\000c\000u\000m\000e\000n\000t\000a\000t\000i\000o\000n}{section.4.14}% 54
\BOOKMARK [3][-]{subsubsection.4.14.1.1}{\376\377\0004\000.\0001\0004\000.\0001\000.\0001\000\040\000B\000C\0002\0008\000V\000I\000I\000\050\000\051}{subsection.4.14.1}% 55
\BOOKMARK [1][-]{section.4.15}{\376\377\0004\000.\0001\0005\000\040\000s\000r\000c\000/\000e\000u\000l\000e\000r\000/\000b\000c\0002\0008\000v\000i\000i\0004\000A\000r\000.\000F\000\040\000F\000i\000l\000e\000\040\000R\000e\000f\000e\000r\000e\000n\000c\000e}{chapter.4}% 56
\BOOKMARK [2][-]{subsection.4.15.1}{\376\377\0004\000.\0001\0005\000.\0001\000\040\000F\000u\000n\000c\000t\000i\000o\000n\000/\000S\000u\000b\000r\000o\000u\000t\000i\000n\000e\000\040\000D\000o\000c\000u\000m\000e\000n\000t\000a\000t\000i\000o\000n}{section.4.15}% 57
\BOOKMARK [3][-]{subsubsection.4.15.1.1}{\376\377\0004\000.\0001\0005\000.\0001\000.\0001\000\040\000B\000C\0002\0008\000V\000I\000I\0004\000A\000r\000\050\000\051}{subsection.4.15.1}% 58
\BOOKMARK [1][-]{section.4.16}{\376\377\0004\000.\0001\0006\000\040\000s\000r\000c\000/\000e\000u\000l\000e\000r\000/\000b\000c\0002\0008\000v\000i\000i\000i\000.\000F\000\040\000F\000i\000l\000e\000\040\000R\000e\000f\000e\000r\000e\000n\000c\000e}{chapter.4}% 59
\BOOKMARK [2][-]{subsection.4.16.1}{\376\377\0004\000.\0001\0006\000.\0001\000\040\000F\000u\000n\000c\000t\000i\000o\000n\000/\000S\000u\000b\000r\000o\000u\000t\000i\000n\000e\000\040\000D\000o\000c\000u\000m\000e\000n\000t\000a\000t\000i\000o\000n}{section.4.16}% 60
\BOOKMARK [3][-]{subsubsection.4.16.1.1}{\376\377\0004\000.\0001\0006\000.\0001\000.\0001\000\040\000B\000C\0002\0008\000V\000I\000I\000I\000\050\000\051}{subsection.4.16.1}% 61
\BOOKMARK [1][-]{section.4.17}{\376\377\0004\000.\0001\0007\000\040\000s\000r\000c\000/\000e\000u\000l\000e\000r\000/\000b\000c\0004\000v\000i\000i\000.\000F\000\040\000F\000i\000l\000e\000\040\000R\000e\000f\000e\000r\000e\000n\000c\000e}{chapter.4}% 62
\BOOKMARK [2][-]{subsection.4.17.1}{\376\377\0004\000.\0001\0007\000.\0001\000\040\000F\000u\000n\000c\000t\000i\000o\000n\000/\000S\000u\000b\000r\000o\000u\000t\000i\000n\000e\000\040\000D\000o\000c\000u\000m\000e\000n\000t\000a\000t\000i\000o\000n}{section.4.17}% 63
\BOOKMARK [3][-]{subsubsection.4.17.1.1}{\376\377\0004\000.\0001\0007\000.\0001\000.\0001\000\040\000B\000C\0004\000V\000I\000I\000\050\000\051}{subsection.4.17.1}% 64
\BOOKMARK [3][-]{subsubsection.4.17.1.2}{\376\377\0004\000.\0001\0007\000.\0001\000.\0002\000\040\000C\000A\000L\000C\000P\000Z\000\050\000\051}{subsection.4.17.1}% 65
\BOOKMARK [3][-]{subsubsection.4.17.1.3}{\376\377\0004\000.\0001\0007\000.\0001\000.\0003\000\040\000C\000A\000L\000C\000P\000Z\0002\000\050\000\051}{subsection.4.17.1}% 66
\BOOKMARK [1][-]{section.4.18}{\376\377\0004\000.\0001\0008\000\040\000s\000r\000c\000/\000e\000u\000l\000e\000r\000/\000b\000c\0005\000v\000i\000i\000.\000F\000\040\000F\000i\000l\000e\000\040\000R\000e\000f\000e\000r\000e\000n\000c\000e}{chapter.4}% 67
\BOOKMARK [2][-]{subsection.4.18.1}{\376\377\0004\000.\0001\0008\000.\0001\000\040\000F\000u\000n\000c\000t\000i\000o\000n\000/\000S\000u\000b\000r\000o\000u\000t\000i\000n\000e\000\040\000D\000o\000c\000u\000m\000e\000n\000t\000a\000t\000i\000o\000n}{section.4.18}% 68
\BOOKMARK [3][-]{subsubsection.4.18.1.1}{\376\377\0004\000.\0001\0008\000.\0001\000.\0001\000\040\000B\000C\0005\000V\000I\000I\000\050\000\051}{subsection.4.18.1}% 69
\BOOKMARK [1][-]{section.4.19}{\376\377\0004\000.\0001\0009\000\040\000s\000r\000c\000/\000e\000u\000l\000e\000r\000/\000b\000c\0005\000v\000i\000i\0004\000A\000r\000.\000F\000\040\000F\000i\000l\000e\000\040\000R\000e\000f\000e\000r\000e\000n\000c\000e}{chapter.4}% 70
\BOOKMARK [2][-]{subsection.4.19.1}{\376\377\0004\000.\0001\0009\000.\0001\000\040\000F\000u\000n\000c\000t\000i\000o\000n\000/\000S\000u\000b\000r\000o\000u\000t\000i\000n\000e\000\040\000D\000o\000c\000u\000m\000e\000n\000t\000a\000t\000i\000o\000n}{section.4.19}% 71
\BOOKMARK [3][-]{subsubsection.4.19.1.1}{\376\377\0004\000.\0001\0009\000.\0001\000.\0001\000\040\000B\000C\0005\000V\000I\000I\0004\000A\000r\000\050\000\051}{subsection.4.19.1}% 72
\BOOKMARK [1][-]{section.4.20}{\376\377\0004\000.\0002\0000\000\040\000s\000r\000c\000/\000e\000u\000l\000e\000r\000/\000b\000c\0005\000v\000i\000i\000i\000.\000f\000\040\000F\000i\000l\000e\000\040\000R\000e\000f\000e\000r\000e\000n\000c\000e}{chapter.4}% 73
\BOOKMARK [2][-]{subsection.4.20.1}{\376\377\0004\000.\0002\0000\000.\0001\000\040\000F\000u\000n\000c\000t\000i\000o\000n\000/\000S\000u\000b\000r\000o\000u\000t\000i\000n\000e\000\040\000D\000o\000c\000u\000m\000e\000n\000t\000a\000t\000i\000o\000n}{section.4.20}% 74
\BOOKMARK [3][-]{subsubsection.4.20.1.1}{\376\377\0004\000.\0002\0000\000.\0001\000.\0001\000\040\000B\000C\0005\000V\000I\000I\000I\000\050\000\051}{subsection.4.20.1}% 75
\BOOKMARK [1][-]{section.4.21}{\376\377\0004\000.\0002\0001\000\040\000s\000r\000c\000/\000e\000u\000l\000e\000r\000/\000b\000e\000t\000a\000.\000f\000\040\000F\000i\000l\000e\000\040\000R\000e\000f\000e\000r\000e\000n\000c\000e}{chapter.4}% 76
\BOOKMARK [2][-]{subsection.4.21.1}{\376\377\0004\000.\0002\0001\000.\0001\000\040\000F\000u\000n\000c\000t\000i\000o\000n\000/\000S\000u\000b\000r\000o\000u\000t\000i\000n\000e\000\040\000D\000o\000c\000u\000m\000e\000n\000t\000a\000t\000i\000o\000n}{section.4.21}% 77
\BOOKMARK [3][-]{subsubsection.4.21.1.1}{\376\377\0004\000.\0002\0001\000.\0001\000.\0001\000\040\000F\000U\000N\000\137\000B\000E\000T\000A\000\137\000A\000L\000D\000O\000\050\000\051}{subsection.4.21.1}% 78
\BOOKMARK [1][-]{section.4.22}{\376\377\0004\000.\0002\0002\000\040\000s\000r\000c\000/\000e\000u\000l\000e\000r\000/\000c\000h\000e\000c\000k\000.\000f\000\040\000F\000i\000l\000e\000\040\000R\000e\000f\000e\000r\000e\000n\000c\000e}{chapter.4}% 79
\BOOKMARK [2][-]{subsection.4.22.1}{\376\377\0004\000.\0002\0002\000.\0001\000\040\000F\000u\000n\000c\000t\000i\000o\000n\000/\000S\000u\000b\000r\000o\000u\000t\000i\000n\000e\000\040\000D\000o\000c\000u\000m\000e\000n\000t\000a\000t\000i\000o\000n}{section.4.22}% 80
\BOOKMARK [3][-]{subsubsection.4.22.1.1}{\376\377\0004\000.\0002\0002\000.\0001\000.\0001\000\040\000C\000H\000E\000C\000K\000\050\000\051}{subsection.4.22.1}% 81
\BOOKMARK [1][-]{section.4.23}{\376\377\0004\000.\0002\0003\000\040\000s\000r\000c\000/\000e\000u\000l\000e\000r\000/\000c\000o\000n\000s\0002\000p\000a\000r\000m\000.\000f\000\040\000F\000i\000l\000e\000\040\000R\000e\000f\000e\000r\000e\000n\000c\000e}{chapter.4}% 82
\BOOKMARK [2][-]{subsection.4.23.1}{\376\377\0004\000.\0002\0003\000.\0001\000\040\000F\000u\000n\000c\000t\000i\000o\000n\000/\000S\000u\000b\000r\000o\000u\000t\000i\000n\000e\000\040\000D\000o\000c\000u\000m\000e\000n\000t\000a\000t\000i\000o\000n}{section.4.23}% 83
\BOOKMARK [3][-]{subsubsection.4.23.1.1}{\376\377\0004\000.\0002\0003\000.\0001\000.\0001\000\040\000C\000O\000N\000S\0002\000P\000A\000R\000M\000\050\000\051}{subsection.4.23.1}% 84
\BOOKMARK [1][-]{section.4.24}{\376\377\0004\000.\0002\0004\000\040\000s\000r\000c\000/\000e\000u\000l\000e\000r\000/\000c\000o\000n\000s\0002\000p\000a\000r\000m\0004\000A\000r\000.\000f\000\040\000F\000i\000l\000e\000\040\000R\000e\000f\000e\000r\000e\000n\000c\000e}{chapter.4}% 85
\BOOKMARK [2][-]{subsection.4.24.1}{\376\377\0004\000.\0002\0004\000.\0001\000\040\000F\000u\000n\000c\000t\000i\000o\000n\000/\000S\000u\000b\000r\000o\000u\000t\000i\000n\000e\000\040\000D\000o\000c\000u\000m\000e\000n\000t\000a\000t\000i\000o\000n}{section.4.24}% 86
\BOOKMARK [3][-]{subsubsection.4.24.1.1}{\376\377\0004\000.\0002\0004\000.\0001\000.\0001\000\040\000C\000O\000N\000S\0002\000P\000A\000R\000M\0004\000A\000r\000\050\000\051}{subsection.4.24.1}% 87
\BOOKMARK [1][-]{section.4.25}{\376\377\0004\000.\0002\0005\000\040\000s\000r\000c\000/\000e\000u\000l\000e\000r\000/\000c\000o\000n\000s\0002\000s\000y\000m\000m\000.\000f\000\040\000F\000i\000l\000e\000\040\000R\000e\000f\000e\000r\000e\000n\000c\000e}{chapter.4}% 88
\BOOKMARK [2][-]{subsection.4.25.1}{\376\377\0004\000.\0002\0005\000.\0001\000\040\000F\000u\000n\000c\000t\000i\000o\000n\000/\000S\000u\000b\000r\000o\000u\000t\000i\000n\000e\000\040\000D\000o\000c\000u\000m\000e\000n\000t\000a\000t\000i\000o\000n}{section.4.25}% 89
\BOOKMARK [3][-]{subsubsection.4.25.1.1}{\376\377\0004\000.\0002\0005\000.\0001\000.\0001\000\040\000C\000O\000N\000S\0002\000S\000Y\000M\000M\000\050\000\051}{subsection.4.25.1}% 90
\BOOKMARK [1][-]{section.4.26}{\376\377\0004\000.\0002\0006\000\040\000s\000r\000c\000/\000e\000u\000l\000e\000r\000/\000e\000i\000g\000e\000n\000\137\000I\000I\000.\000F\000\040\000F\000i\000l\000e\000\040\000R\000e\000f\000e\000r\000e\000n\000c\000e}{chapter.4}% 91
\BOOKMARK [2][-]{subsection.4.26.1}{\376\377\0004\000.\0002\0006\000.\0001\000\040\000F\000u\000n\000c\000t\000i\000o\000n\000/\000S\000u\000b\000r\000o\000u\000t\000i\000n\000e\000\040\000D\000o\000c\000u\000m\000e\000n\000t\000a\000t\000i\000o\000n}{section.4.26}% 92
\BOOKMARK [3][-]{subsubsection.4.26.1.1}{\376\377\0004\000.\0002\0006\000.\0001\000.\0001\000\040\000E\000i\000g\000e\000n\000\137\000I\000I\000\050\000\051}{subsection.4.26.1}% 93
\BOOKMARK [1][-]{section.4.27}{\376\377\0004\000.\0002\0007\000\040\000s\000r\000c\000/\000e\000u\000l\000e\000r\000/\000e\000i\000g\000e\000n\000\137\000I\000I\000b\000i\000s\000.\000F\000\040\000F\000i\000l\000e\000\040\000R\000e\000f\000e\000r\000e\000n\000c\000e}{chapter.4}% 94
\BOOKMARK [2][-]{subsection.4.27.1}{\376\377\0004\000.\0002\0007\000.\0001\000\040\000F\000u\000n\000c\000t\000i\000o\000n\000/\000S\000u\000b\000r\000o\000u\000t\000i\000n\000e\000\040\000D\000o\000c\000u\000m\000e\000n\000t\000a\000t\000i\000o\000n}{section.4.27}% 95
\BOOKMARK [3][-]{subsubsection.4.27.1.1}{\376\377\0004\000.\0002\0007\000.\0001\000.\0001\000\040\000E\000i\000g\000e\000n\000\137\000I\000I\000b\000i\000s\000\050\000\051}{subsection.4.27.1}% 96
\BOOKMARK [1][-]{section.4.28}{\376\377\0004\000.\0002\0008\000\040\000s\000r\000c\000/\000e\000u\000l\000e\000r\000/\000e\000i\000g\000e\000n\000\137\000I\000X\000.\000F\000\040\000F\000i\000l\000e\000\040\000R\000e\000f\000e\000r\000e\000n\000c\000e}{chapter.4}% 97
\BOOKMARK [2][-]{subsection.4.28.1}{\376\377\0004\000.\0002\0008\000.\0001\000\040\000F\000u\000n\000c\000t\000i\000o\000n\000/\000S\000u\000b\000r\000o\000u\000t\000i\000n\000e\000\040\000D\000o\000c\000u\000m\000e\000n\000t\000a\000t\000i\000o\000n}{section.4.28}% 98
\BOOKMARK [3][-]{subsubsection.4.28.1.1}{\376\377\0004\000.\0002\0008\000.\0001\000.\0001\000\040\000E\000i\000g\000e\000n\000\137\000I\000X\000\050\000\051}{subsection.4.28.1}% 99
\BOOKMARK [1][-]{section.4.29}{\376\377\0004\000.\0002\0009\000\040\000s\000r\000c\000/\000e\000u\000l\000e\000r\000/\000e\000i\000g\000e\000n\000\137\000V\000I\000I\000.\000F\000\040\000F\000i\000l\000e\000\040\000R\000e\000f\000e\000r\000e\000n\000c\000e}{chapter.4}% 100
\BOOKMARK [2][-]{subsection.4.29.1}{\376\377\0004\000.\0002\0009\000.\0001\000\040\000F\000u\000n\000c\000t\000i\000o\000n\000/\000S\000u\000b\000r\000o\000u\000t\000i\000n\000e\000\040\000D\000o\000c\000u\000m\000e\000n\000t\000a\000t\000i\000o\000n}{section.4.29}% 101
\BOOKMARK [3][-]{subsubsection.4.29.1.1}{\376\377\0004\000.\0002\0009\000.\0001\000.\0001\000\040\000E\000i\000g\000e\000n\000\137\000V\000I\000I\000\050\000\051}{subsection.4.29.1}% 102
\BOOKMARK [1][-]{section.4.30}{\376\377\0004\000.\0003\0000\000\040\000s\000r\000c\000/\000e\000u\000l\000e\000r\000/\000e\000i\000g\000e\000n\000\137\000V\000I\000I\000I\000.\000f\000\040\000F\000i\000l\000e\000\040\000R\000e\000f\000e\000r\000e\000n\000c\000e}{chapter.4}% 103
\BOOKMARK [2][-]{subsection.4.30.1}{\376\377\0004\000.\0003\0000\000.\0001\000\040\000F\000u\000n\000c\000t\000i\000o\000n\000/\000S\000u\000b\000r\000o\000u\000t\000i\000n\000e\000\040\000D\000o\000c\000u\000m\000e\000n\000t\000a\000t\000i\000o\000n}{section.4.30}% 104
\BOOKMARK [3][-]{subsubsection.4.30.1.1}{\376\377\0004\000.\0003\0000\000.\0001\000.\0001\000\040\000E\000i\000g\000e\000n\000\137\000V\000I\000I\000I\000\050\000\051}{subsection.4.30.1}% 105
\BOOKMARK [1][-]{section.4.31}{\376\377\0004\000.\0003\0001\000\040\000s\000r\000c\000/\000e\000u\000l\000e\000r\000/\000e\000i\000g\000e\000n\000\137\000X\000.\000F\000\040\000F\000i\000l\000e\000\040\000R\000e\000f\000e\000r\000e\000n\000c\000e}{chapter.4}% 106
\BOOKMARK [2][-]{subsection.4.31.1}{\376\377\0004\000.\0003\0001\000.\0001\000\040\000F\000u\000n\000c\000t\000i\000o\000n\000/\000S\000u\000b\000r\000o\000u\000t\000i\000n\000e\000\040\000D\000o\000c\000u\000m\000e\000n\000t\000a\000t\000i\000o\000n}{section.4.31}% 107
\BOOKMARK [3][-]{subsubsection.4.31.1.1}{\376\377\0004\000.\0003\0001\000.\0001\000.\0001\000\040\000E\000i\000g\000e\000n\000\137\000X\000\050\000\051}{subsection.4.31.1}% 108
\BOOKMARK [1][-]{section.4.32}{\376\377\0004\000.\0003\0002\000\040\000s\000r\000c\000/\000e\000u\000l\000e\000r\000/\000e\000i\000g\000e\000n\000\137\000X\000I\000.\000F\000\040\000F\000i\000l\000e\000\040\000R\000e\000f\000e\000r\000e\000n\000c\000e}{chapter.4}% 109
\BOOKMARK [2][-]{subsection.4.32.1}{\376\377\0004\000.\0003\0002\000.\0001\000\040\000F\000u\000n\000c\000t\000i\000o\000n\000/\000S\000u\000b\000r\000o\000u\000t\000i\000n\000e\000\040\000D\000o\000c\000u\000m\000e\000n\000t\000a\000t\000i\000o\000n}{section.4.32}% 110
\BOOKMARK [3][-]{subsubsection.4.32.1.1}{\376\377\0004\000.\0003\0002\000.\0001\000.\0001\000\040\000E\000i\000g\000e\000n\000\137\000X\000I\000\050\000\051}{subsection.4.32.1}% 111
\BOOKMARK [1][-]{section.4.33}{\376\377\0004\000.\0003\0003\000\040\000s\000r\000c\000/\000e\000u\000l\000e\000r\000/\000e\000i\000g\000e\000n\000\137\000X\000I\000I\000.\000F\000\040\000F\000i\000l\000e\000\040\000R\000e\000f\000e\000r\000e\000n\000c\000e}{chapter.4}% 112
\BOOKMARK [2][-]{subsection.4.33.1}{\376\377\0004\000.\0003\0003\000.\0001\000\040\000F\000u\000n\000c\000t\000i\000o\000n\000/\000S\000u\000b\000r\000o\000u\000t\000i\000n\000e\000\040\000D\000o\000c\000u\000m\000e\000n\000t\000a\000t\000i\000o\000n}{section.4.33}% 113
\BOOKMARK [3][-]{subsubsection.4.33.1.1}{\376\377\0004\000.\0003\0003\000.\0001\000.\0001\000\040\000E\000i\000g\000e\000n\000\137\000X\000I\000I\000\050\000\051}{subsection.4.33.1}% 114
\BOOKMARK [1][-]{section.4.34}{\376\377\0004\000.\0003\0004\000\040\000s\000r\000c\000/\000e\000u\000l\000e\000r\000/\000E\000u\000l\000e\000r\000I\000I\000.\000F\000\040\000F\000i\000l\000e\000\040\000R\000e\000f\000e\000r\000e\000n\000c\000e}{chapter.4}% 115
\BOOKMARK [2][-]{subsection.4.34.1}{\376\377\0004\000.\0003\0004\000.\0001\000\040\000F\000u\000n\000c\000t\000i\000o\000n\000/\000S\000u\000b\000r\000o\000u\000t\000i\000n\000e\000\040\000D\000o\000c\000u\000m\000e\000n\000t\000a\000t\000i\000o\000n}{section.4.34}% 116
\BOOKMARK [3][-]{subsubsection.4.34.1.1}{\376\377\0004\000.\0003\0004\000.\0001\000.\0001\000\040\000E\000u\000l\000e\000r\000I\000I\000\050\000\051}{subsection.4.34.1}% 117
\BOOKMARK [1][-]{section.4.35}{\376\377\0004\000.\0003\0005\000\040\000s\000r\000c\000/\000e\000u\000l\000e\000r\000/\000E\000u\000l\000e\000r\000I\000I\000b\000i\000s\000.\000f\000\040\000F\000i\000l\000e\000\040\000R\000e\000f\000e\000r\000e\000n\000c\000e}{chapter.4}% 118
\BOOKMARK [2][-]{subsection.4.35.1}{\376\377\0004\000.\0003\0005\000.\0001\000\040\000F\000u\000n\000c\000t\000i\000o\000n\000/\000S\000u\000b\000r\000o\000u\000t\000i\000n\000e\000\040\000D\000o\000c\000u\000m\000e\000n\000t\000a\000t\000i\000o\000n}{section.4.35}% 119
\BOOKMARK [3][-]{subsubsection.4.35.1.1}{\376\377\0004\000.\0003\0005\000.\0001\000.\0001\000\040\000E\000u\000l\000e\000r\000I\000I\000b\000i\000s\000\050\000\051}{subsection.4.35.1}% 120
\BOOKMARK [1][-]{section.4.36}{\376\377\0004\000.\0003\0006\000\040\000s\000r\000c\000/\000e\000u\000l\000e\000r\000/\000E\000u\000l\000e\000r\000I\000X\000.\000f\000\040\000F\000i\000l\000e\000\040\000R\000e\000f\000e\000r\000e\000n\000c\000e}{chapter.4}% 121
\BOOKMARK [2][-]{subsection.4.36.1}{\376\377\0004\000.\0003\0006\000.\0001\000\040\000F\000u\000n\000c\000t\000i\000o\000n\000/\000S\000u\000b\000r\000o\000u\000t\000i\000n\000e\000\040\000D\000o\000c\000u\000m\000e\000n\000t\000a\000t\000i\000o\000n}{section.4.36}% 122
\BOOKMARK [3][-]{subsubsection.4.36.1.1}{\376\377\0004\000.\0003\0006\000.\0001\000.\0001\000\040\000E\000u\000l\000e\000r\000I\000X\000\050\000\051}{subsection.4.36.1}% 123
\BOOKMARK [1][-]{section.4.37}{\376\377\0004\000.\0003\0007\000\040\000s\000r\000c\000/\000e\000u\000l\000e\000r\000/\000E\000u\000l\000e\000r\000V\000I\000I\000.\000f\000\040\000F\000i\000l\000e\000\040\000R\000e\000f\000e\000r\000e\000n\000c\000e}{chapter.4}% 124
\BOOKMARK [2][-]{subsection.4.37.1}{\376\377\0004\000.\0003\0007\000.\0001\000\040\000F\000u\000n\000c\000t\000i\000o\000n\000/\000S\000u\000b\000r\000o\000u\000t\000i\000n\000e\000\040\000D\000o\000c\000u\000m\000e\000n\000t\000a\000t\000i\000o\000n}{section.4.37}% 125
\BOOKMARK [3][-]{subsubsection.4.37.1.1}{\376\377\0004\000.\0003\0007\000.\0001\000.\0001\000\040\000E\000u\000l\000e\000r\000V\000I\000I\000\050\000\051}{subsection.4.37.1}% 126
\BOOKMARK [1][-]{section.4.38}{\376\377\0004\000.\0003\0008\000\040\000s\000r\000c\000/\000e\000u\000l\000e\000r\000/\000E\000u\000l\000e\000r\000V\000I\000I\000I\000.\000f\000\040\000F\000i\000l\000e\000\040\000R\000e\000f\000e\000r\000e\000n\000c\000e}{chapter.4}% 127
\BOOKMARK [2][-]{subsection.4.38.1}{\376\377\0004\000.\0003\0008\000.\0001\000\040\000F\000u\000n\000c\000t\000i\000o\000n\000/\000S\000u\000b\000r\000o\000u\000t\000i\000n\000e\000\040\000D\000o\000c\000u\000m\000e\000n\000t\000a\000t\000i\000o\000n}{section.4.38}% 128
\BOOKMARK [3][-]{subsubsection.4.38.1.1}{\376\377\0004\000.\0003\0008\000.\0001\000.\0001\000\040\000E\000u\000l\000e\000r\000V\000I\000I\000I\000\050\000\051}{subsection.4.38.1}% 129
\BOOKMARK [1][-]{section.4.39}{\376\377\0004\000.\0003\0009\000\040\000s\000r\000c\000/\000e\000u\000l\000e\000r\000/\000E\000u\000l\000e\000r\000X\000.\000f\000\040\000F\000i\000l\000e\000\040\000R\000e\000f\000e\000r\000e\000n\000c\000e}{chapter.4}% 130
\BOOKMARK [2][-]{subsection.4.39.1}{\376\377\0004\000.\0003\0009\000.\0001\000\040\000F\000u\000n\000c\000t\000i\000o\000n\000/\000S\000u\000b\000r\000o\000u\000t\000i\000n\000e\000\040\000D\000o\000c\000u\000m\000e\000n\000t\000a\000t\000i\000o\000n}{section.4.39}% 131
\BOOKMARK [3][-]{subsubsection.4.39.1.1}{\376\377\0004\000.\0003\0009\000.\0001\000.\0001\000\040\000E\000u\000l\000e\000r\000X\000\050\000\051}{subsection.4.39.1}% 132
\BOOKMARK [1][-]{section.4.40}{\376\377\0004\000.\0004\0000\000\040\000s\000r\000c\000/\000e\000u\000l\000e\000r\000/\000E\000u\000l\000e\000r\000X\000I\000.\000f\000\040\000F\000i\000l\000e\000\040\000R\000e\000f\000e\000r\000e\000n\000c\000e}{chapter.4}% 133
\BOOKMARK [2][-]{subsection.4.40.1}{\376\377\0004\000.\0004\0000\000.\0001\000\040\000F\000u\000n\000c\000t\000i\000o\000n\000/\000S\000u\000b\000r\000o\000u\000t\000i\000n\000e\000\040\000D\000o\000c\000u\000m\000e\000n\000t\000a\000t\000i\000o\000n}{section.4.40}% 134
\BOOKMARK [3][-]{subsubsection.4.40.1.1}{\376\377\0004\000.\0004\0000\000.\0001\000.\0001\000\040\000E\000u\000l\000e\000r\000X\000I\000\050\000\051}{subsection.4.40.1}% 135
\BOOKMARK [1][-]{section.4.41}{\376\377\0004\000.\0004\0001\000\040\000s\000r\000c\000/\000e\000u\000l\000e\000r\000/\000E\000u\000l\000e\000r\000X\000I\000I\000.\000f\000\040\000F\000i\000l\000e\000\040\000R\000e\000f\000e\000r\000e\000n\000c\000e}{chapter.4}% 136
\BOOKMARK [2][-]{subsection.4.41.1}{\376\377\0004\000.\0004\0001\000.\0001\000\040\000F\000u\000n\000c\000t\000i\000o\000n\000/\000S\000u\000b\000r\000o\000u\000t\000i\000n\000e\000\040\000D\000o\000c\000u\000m\000e\000n\000t\000a\000t\000i\000o\000n}{section.4.41}% 137
\BOOKMARK [3][-]{subsubsection.4.41.1.1}{\376\377\0004\000.\0004\0001\000.\0001\000.\0001\000\040\000E\000u\000l\000e\000r\000X\000I\000I\000\050\000\051}{subsection.4.41.1}% 138
\BOOKMARK [1][-]{section.4.42}{\376\377\0004\000.\0004\0002\000\040\000s\000r\000c\000/\000e\000u\000l\000e\000r\000/\000f\000l\000x\000a\000l\000e\000.\000f\000\040\000F\000i\000l\000e\000\040\000R\000e\000f\000e\000r\000e\000n\000c\000e}{chapter.4}% 139
\BOOKMARK [2][-]{subsection.4.42.1}{\376\377\0004\000.\0004\0002\000.\0001\000\040\000F\000u\000n\000c\000t\000i\000o\000n\000/\000S\000u\000b\000r\000o\000u\000t\000i\000n\000e\000\040\000D\000o\000c\000u\000m\000e\000n\000t\000a\000t\000i\000o\000n}{section.4.42}% 140
\BOOKMARK [3][-]{subsubsection.4.42.1.1}{\376\377\0004\000.\0004\0002\000.\0001\000.\0001\000\040\000a\000l\000e\000f\000l\000u\000x\000\050\000\051}{subsection.4.42.1}% 141
\BOOKMARK [3][-]{subsubsection.4.42.1.2}{\376\377\0004\000.\0004\0002\000.\0001\000.\0002\000\040\000i\000n\000t\000a\000l\000e\000\050\000\051}{subsection.4.42.1}% 142
\BOOKMARK [1][-]{section.4.43}{\376\377\0004\000.\0004\0003\000\040\000s\000r\000c\000/\000e\000u\000l\000e\000r\000/\000f\000l\000x\000b\0004\000.\000f\000\040\000F\000i\000l\000e\000\040\000R\000e\000f\000e\000r\000e\000n\000c\000e}{chapter.4}% 143
\BOOKMARK [2][-]{subsection.4.43.1}{\376\377\0004\000.\0004\0003\000.\0001\000\040\000F\000u\000n\000c\000t\000i\000o\000n\000/\000S\000u\000b\000r\000o\000u\000t\000i\000n\000e\000\040\000D\000o\000c\000u\000m\000e\000n\000t\000a\000t\000i\000o\000n}{section.4.43}% 144
\BOOKMARK [3][-]{subsubsection.4.43.1.1}{\376\377\0004\000.\0004\0003\000.\0001\000.\0001\000\040\000F\000L\000X\000B\0004\000\050\000\051}{subsection.4.43.1}% 145
\BOOKMARK [1][-]{section.4.44}{\376\377\0004\000.\0004\0004\000\040\000s\000r\000c\000/\000e\000u\000l\000e\000r\000/\000f\000l\000x\000w\0002\000.\000f\000\040\000F\000i\000l\000e\000\040\000R\000e\000f\000e\000r\000e\000n\000c\000e}{chapter.4}% 146
\BOOKMARK [2][-]{subsection.4.44.1}{\376\377\0004\000.\0004\0004\000.\0001\000\040\000F\000u\000n\000c\000t\000i\000o\000n\000/\000S\000u\000b\000r\000o\000u\000t\000i\000n\000e\000\040\000D\000o\000c\000u\000m\000e\000n\000t\000a\000t\000i\000o\000n}{section.4.44}% 147
\BOOKMARK [3][-]{subsubsection.4.44.1.1}{\376\377\0004\000.\0004\0004\000.\0001\000.\0001\000\040\000F\000L\000X\000W\0002\000\050\000\051}{subsection.4.44.1}% 148
\BOOKMARK [1][-]{section.4.45}{\376\377\0004\000.\0004\0005\000\040\000s\000r\000c\000/\000e\000u\000l\000e\000r\000/\000f\000l\000x\000w\0004\000.\000f\000\040\000F\000i\000l\000e\000\040\000R\000e\000f\000e\000r\000e\000n\000c\000e}{chapter.4}% 149
\BOOKMARK [2][-]{subsection.4.45.1}{\376\377\0004\000.\0004\0005\000.\0001\000\040\000F\000u\000n\000c\000t\000i\000o\000n\000/\000S\000u\000b\000r\000o\000u\000t\000i\000n\000e\000\040\000D\000o\000c\000u\000m\000e\000n\000t\000a\000t\000i\000o\000n}{section.4.45}% 150
\BOOKMARK [3][-]{subsubsection.4.45.1.1}{\376\377\0004\000.\0004\0005\000.\0001\000.\0001\000\040\000F\000L\000X\000W\0004\000\050\000\051}{subsection.4.45.1}% 151
\BOOKMARK [3][-]{subsubsection.4.45.1.2}{\376\377\0004\000.\0004\0005\000.\0001\000.\0002\000\040\000F\000L\000X\000W\0004\0004\000A\000r\000\050\000\051}{subsection.4.45.1}% 152
\BOOKMARK [1][-]{section.4.46}{\376\377\0004\000.\0004\0006\000\040\000s\000r\000c\000/\000e\000u\000l\000e\000r\000/\000f\000r\000a\000m\000e\000.\000f\000\040\000F\000i\000l\000e\000\040\000R\000e\000f\000e\000r\000e\000n\000c\000e}{chapter.4}% 153
\BOOKMARK [2][-]{subsection.4.46.1}{\376\377\0004\000.\0004\0006\000.\0001\000\040\000F\000u\000n\000c\000t\000i\000o\000n\000/\000S\000u\000b\000r\000o\000u\000t\000i\000n\000e\000\040\000D\000o\000c\000u\000m\000e\000n\000t\000a\000t\000i\000o\000n}{section.4.46}% 154
\BOOKMARK [3][-]{subsubsection.4.46.1.1}{\376\377\0004\000.\0004\0006\000.\0001\000.\0001\000\040\000S\000t\000r\000e\000a\000m\000A\000l\000i\000g\000n\000e\000d\000F\000r\000a\000m\000e\000\050\000\051}{subsection.4.46.1}% 155
\BOOKMARK [1][-]{section.4.47}{\376\377\0004\000.\0004\0007\000\040\000s\000r\000c\000/\000e\000u\000l\000e\000r\000/\000g\000r\000a\000d\000p\000r\000i\000m\000.\000f\000\040\000F\000i\000l\000e\000\040\000R\000e\000f\000e\000r\000e\000n\000c\000e}{chapter.4}% 156
\BOOKMARK [2][-]{subsection.4.47.1}{\376\377\0004\000.\0004\0007\000.\0001\000\040\000F\000u\000n\000c\000t\000i\000o\000n\000/\000S\000u\000b\000r\000o\000u\000t\000i\000n\000e\000\040\000D\000o\000c\000u\000m\000e\000n\000t\000a\000t\000i\000o\000n}{section.4.47}% 157
\BOOKMARK [3][-]{subsubsection.4.47.1.1}{\376\377\0004\000.\0004\0007\000.\0001\000.\0001\000\040\000G\000R\000A\000D\000P\000R\000I\000M\000\050\000\051}{subsection.4.47.1}% 158
\BOOKMARK [1][-]{section.4.48}{\376\377\0004\000.\0004\0008\000\040\000s\000r\000c\000/\000e\000u\000l\000e\000r\000/\000l\000a\000g\000m\000i\000n\000.\000f\000\040\000F\000i\000l\000e\000\040\000R\000e\000f\000e\000r\000e\000n\000c\000e}{chapter.4}% 159
\BOOKMARK [2][-]{subsection.4.48.1}{\376\377\0004\000.\0004\0008\000.\0001\000\040\000F\000u\000n\000c\000t\000i\000o\000n\000/\000S\000u\000b\000r\000o\000u\000t\000i\000n\000e\000\040\000D\000o\000c\000u\000m\000e\000n\000t\000a\000t\000i\000o\000n}{section.4.48}% 160
\BOOKMARK [3][-]{subsubsection.4.48.1.1}{\376\377\0004\000.\0004\0008\000.\0001\000.\0001\000\040\000L\000A\000G\000M\000I\000N\000\050\000\051}{subsection.4.48.1}% 161
\BOOKMARK [1][-]{section.4.49}{\376\377\0004\000.\0004\0009\000\040\000s\000r\000c\000/\000e\000u\000l\000e\000r\000/\000l\000i\000n\000a\000v\000g\000.\000f\000\040\000F\000i\000l\000e\000\040\000R\000e\000f\000e\000r\000e\000n\000c\000e}{chapter.4}% 162
\BOOKMARK [2][-]{subsection.4.49.1}{\376\377\0004\000.\0004\0009\000.\0001\000\040\000F\000u\000n\000c\000t\000i\000o\000n\000/\000S\000u\000b\000r\000o\000u\000t\000i\000n\000e\000\040\000D\000o\000c\000u\000m\000e\000n\000t\000a\000t\000i\000o\000n}{section.4.49}% 163
\BOOKMARK [3][-]{subsubsection.4.49.1.1}{\376\377\0004\000.\0004\0009\000.\0001\000.\0001\000\040\000L\000I\000N\000A\000V\000G\000\050\000\051}{subsection.4.49.1}% 164
\BOOKMARK [1][-]{section.4.50}{\376\377\0004\000.\0005\0000\000\040\000s\000r\000c\000/\000e\000u\000l\000e\000r\000/\000l\000i\000n\000e\000a\000r\000i\000z\000e\000.\000f\000\040\000F\000i\000l\000e\000\040\000R\000e\000f\000e\000r\000e\000n\000c\000e}{chapter.4}% 165
\BOOKMARK [2][-]{subsection.4.50.1}{\376\377\0004\000.\0005\0000\000.\0001\000\040\000F\000u\000n\000c\000t\000i\000o\000n\000/\000S\000u\000b\000r\000o\000u\000t\000i\000n\000e\000\040\000D\000o\000c\000u\000m\000e\000n\000t\000a\000t\000i\000o\000n}{section.4.50}% 166
\BOOKMARK [3][-]{subsubsection.4.50.1.1}{\376\377\0004\000.\0005\0000\000.\0001\000.\0001\000\040\000L\000I\000N\000E\000A\000R\000I\000Z\000E\000\050\000\051}{subsection.4.50.1}% 167
\BOOKMARK [1][-]{section.4.51}{\376\377\0004\000.\0005\0001\000\040\000s\000r\000c\000/\000e\000u\000l\000e\000r\000/\000M\000a\000t\000r\000i\000x\000S\000p\000l\000i\000t\000t\000i\000n\000g\000.\000f\000\040\000F\000i\000l\000e\000\040\000R\000e\000f\000e\000r\000e\000n\000c\000e}{chapter.4}% 168
\BOOKMARK [2][-]{subsection.4.51.1}{\376\377\0004\000.\0005\0001\000.\0001\000\040\000F\000u\000n\000c\000t\000i\000o\000n\000/\000S\000u\000b\000r\000o\000u\000t\000i\000n\000e\000\040\000D\000o\000c\000u\000m\000e\000n\000t\000a\000t\000i\000o\000n}{section.4.51}% 169
\BOOKMARK [3][-]{subsubsection.4.51.1.1}{\376\377\0004\000.\0005\0001\000.\0001\000.\0001\000\040\000M\000a\000t\000S\000p\000l\000i\000t\000N\000u\000m\000\050\000\051}{subsection.4.51.1}% 170
\BOOKMARK [1][-]{section.4.52}{\376\377\0004\000.\0005\0002\000\040\000s\000r\000c\000/\000e\000u\000l\000e\000r\000/\000m\000a\000t\000s\000p\000l\000I\000I\000.\000F\000\040\000F\000i\000l\000e\000\040\000R\000e\000f\000e\000r\000e\000n\000c\000e}{chapter.4}% 171
\BOOKMARK [2][-]{subsection.4.52.1}{\376\377\0004\000.\0005\0002\000.\0001\000\040\000F\000u\000n\000c\000t\000i\000o\000n\000/\000S\000u\000b\000r\000o\000u\000t\000i\000n\000e\000\040\000D\000o\000c\000u\000m\000e\000n\000t\000a\000t\000i\000o\000n}{section.4.52}% 172
\BOOKMARK [3][-]{subsubsection.4.52.1.1}{\376\377\0004\000.\0005\0002\000.\0001\000.\0001\000\040\000M\000a\000t\000S\000p\000l\000i\000t\000I\000I\000\050\000\051}{subsection.4.52.1}% 173
\BOOKMARK [1][-]{section.4.53}{\376\377\0004\000.\0005\0003\000\040\000s\000r\000c\000/\000e\000u\000l\000e\000r\000/\000m\000a\000t\000s\000p\000l\000I\000X\000.\000F\000\040\000F\000i\000l\000e\000\040\000R\000e\000f\000e\000r\000e\000n\000c\000e}{chapter.4}% 174
\BOOKMARK [2][-]{subsection.4.53.1}{\376\377\0004\000.\0005\0003\000.\0001\000\040\000F\000u\000n\000c\000t\000i\000o\000n\000/\000S\000u\000b\000r\000o\000u\000t\000i\000n\000e\000\040\000D\000o\000c\000u\000m\000e\000n\000t\000a\000t\000i\000o\000n}{section.4.53}% 175
\BOOKMARK [3][-]{subsubsection.4.53.1.1}{\376\377\0004\000.\0005\0003\000.\0001\000.\0001\000\040\000M\000a\000t\000S\000p\000l\000i\000t\000I\000X\000\050\000\051}{subsection.4.53.1}% 176
\BOOKMARK [1][-]{section.4.54}{\376\377\0004\000.\0005\0004\000\040\000s\000r\000c\000/\000e\000u\000l\000e\000r\000/\000m\000a\000t\000s\000p\000l\000V\000I\000I\000.\000F\000\040\000F\000i\000l\000e\000\040\000R\000e\000f\000e\000r\000e\000n\000c\000e}{chapter.4}% 177
\BOOKMARK [2][-]{subsection.4.54.1}{\376\377\0004\000.\0005\0004\000.\0001\000\040\000F\000u\000n\000c\000t\000i\000o\000n\000/\000S\000u\000b\000r\000o\000u\000t\000i\000n\000e\000\040\000D\000o\000c\000u\000m\000e\000n\000t\000a\000t\000i\000o\000n}{section.4.54}% 178
\BOOKMARK [3][-]{subsubsection.4.54.1.1}{\376\377\0004\000.\0005\0004\000.\0001\000.\0001\000\040\000M\000a\000t\000S\000p\000l\000i\000t\000V\000I\000I\000\050\000\051}{subsection.4.54.1}% 179
\BOOKMARK [1][-]{section.4.55}{\376\377\0004\000.\0005\0005\000\040\000s\000r\000c\000/\000e\000u\000l\000e\000r\000/\000m\000a\000t\000s\000p\000l\000V\000I\000I\000I\000.\000F\000\040\000F\000i\000l\000e\000\040\000R\000e\000f\000e\000r\000e\000n\000c\000e}{chapter.4}% 180
\BOOKMARK [2][-]{subsection.4.55.1}{\376\377\0004\000.\0005\0005\000.\0001\000\040\000F\000u\000n\000c\000t\000i\000o\000n\000/\000S\000u\000b\000r\000o\000u\000t\000i\000n\000e\000\040\000D\000o\000c\000u\000m\000e\000n\000t\000a\000t\000i\000o\000n}{section.4.55}% 181
\BOOKMARK [3][-]{subsubsection.4.55.1.1}{\376\377\0004\000.\0005\0005\000.\0001\000.\0001\000\040\000M\000a\000t\000S\000p\000l\000i\000t\000V\000I\000I\000I\000\050\000\051}{subsection.4.55.1}% 182
\BOOKMARK [1][-]{section.4.56}{\376\377\0004\000.\0005\0006\000\040\000s\000r\000c\000/\000e\000u\000l\000e\000r\000/\000m\000a\000t\000s\000p\000l\000X\000.\000F\000\040\000F\000i\000l\000e\000\040\000R\000e\000f\000e\000r\000e\000n\000c\000e}{chapter.4}% 183
\BOOKMARK [2][-]{subsection.4.56.1}{\376\377\0004\000.\0005\0006\000.\0001\000\040\000F\000u\000n\000c\000t\000i\000o\000n\000/\000S\000u\000b\000r\000o\000u\000t\000i\000n\000e\000\040\000D\000o\000c\000u\000m\000e\000n\000t\000a\000t\000i\000o\000n}{section.4.56}% 184
\BOOKMARK [3][-]{subsubsection.4.56.1.1}{\376\377\0004\000.\0005\0006\000.\0001\000.\0001\000\040\000M\000a\000t\000S\000p\000l\000i\000t\000X\000\050\000\051}{subsection.4.56.1}% 185
\BOOKMARK [1][-]{section.4.57}{\376\377\0004\000.\0005\0007\000\040\000s\000r\000c\000/\000e\000u\000l\000e\000r\000/\000m\000a\000t\000s\000p\000l\000X\000I\000.\000F\000\040\000F\000i\000l\000e\000\040\000R\000e\000f\000e\000r\000e\000n\000c\000e}{chapter.4}% 186
\BOOKMARK [2][-]{subsection.4.57.1}{\376\377\0004\000.\0005\0007\000.\0001\000\040\000F\000u\000n\000c\000t\000i\000o\000n\000/\000S\000u\000b\000r\000o\000u\000t\000i\000n\000e\000\040\000D\000o\000c\000u\000m\000e\000n\000t\000a\000t\000i\000o\000n}{section.4.57}% 187
\BOOKMARK [3][-]{subsubsection.4.57.1.1}{\376\377\0004\000.\0005\0007\000.\0001\000.\0001\000\040\000M\000a\000t\000S\000p\000l\000i\000t\000X\000I\000\050\000\051}{subsection.4.57.1}% 188
\BOOKMARK [1][-]{section.4.58}{\376\377\0004\000.\0005\0008\000\040\000s\000r\000c\000/\000e\000u\000l\000e\000r\000/\000m\000a\000t\000s\000p\000l\000X\000I\000I\000.\000F\000\040\000F\000i\000l\000e\000\040\000R\000e\000f\000e\000r\000e\000n\000c\000e}{chapter.4}% 189
\BOOKMARK [2][-]{subsection.4.58.1}{\376\377\0004\000.\0005\0008\000.\0001\000\040\000F\000u\000n\000c\000t\000i\000o\000n\000/\000S\000u\000b\000r\000o\000u\000t\000i\000n\000e\000\040\000D\000o\000c\000u\000m\000e\000n\000t\000a\000t\000i\000o\000n}{section.4.58}% 190
\BOOKMARK [3][-]{subsubsection.4.58.1.1}{\376\377\0004\000.\0005\0008\000.\0001\000.\0001\000\040\000M\000a\000t\000S\000p\000l\000i\000t\000X\000I\000I\000\050\000\051}{subsection.4.58.1}% 191
\BOOKMARK [3][-]{subsubsection.4.58.1.2}{\376\377\0004\000.\0005\0008\000.\0001\000.\0002\000\040\000P\000I\000E\000\050\000\051}{subsection.4.58.1}% 192
\BOOKMARK [3][-]{subsubsection.4.58.1.3}{\376\377\0004\000.\0005\0008\000.\0001\000.\0003\000\040\000P\000I\000M\000\050\000\051}{subsection.4.58.1}% 193
\BOOKMARK [3][-]{subsubsection.4.58.1.4}{\376\377\0004\000.\0005\0008\000.\0001\000.\0004\000\040\000P\000I\000R\000\050\000\051}{subsection.4.58.1}% 194
\BOOKMARK [1][-]{section.4.59}{\376\377\0004\000.\0005\0009\000\040\000s\000r\000c\000/\000e\000u\000l\000e\000r\000/\000p\000a\000r\000m\0002\000c\000h\000a\000r\000H\000E\000.\000f\000\040\000F\000i\000l\000e\000\040\000R\000e\000f\000e\000r\000e\000n\000c\000e}{chapter.4}% 195
\BOOKMARK [2][-]{subsection.4.59.1}{\376\377\0004\000.\0005\0009\000.\0001\000\040\000F\000u\000n\000c\000t\000i\000o\000n\000/\000S\000u\000b\000r\000o\000u\000t\000i\000n\000e\000\040\000D\000o\000c\000u\000m\000e\000n\000t\000a\000t\000i\000o\000n}{section.4.59}% 196
\BOOKMARK [3][-]{subsubsection.4.59.1.1}{\376\377\0004\000.\0005\0009\000.\0001\000.\0001\000\040\000p\000a\000r\000m\0002\000c\000h\000a\000r\000H\000E\000\050\000\051}{subsection.4.59.1}% 197
\BOOKMARK [1][-]{section.4.60}{\376\377\0004\000.\0006\0000\000\040\000s\000r\000c\000/\000e\000u\000l\000e\000r\000/\000p\000a\000r\000m\0002\000c\000o\000n\000s\000.\000f\000\040\000F\000i\000l\000e\000\040\000R\000e\000f\000e\000r\000e\000n\000c\000e}{chapter.4}% 198
\BOOKMARK [2][-]{subsection.4.60.1}{\376\377\0004\000.\0006\0000\000.\0001\000\040\000F\000u\000n\000c\000t\000i\000o\000n\000/\000S\000u\000b\000r\000o\000u\000t\000i\000n\000e\000\040\000D\000o\000c\000u\000m\000e\000n\000t\000a\000t\000i\000o\000n}{section.4.60}% 199
\BOOKMARK [3][-]{subsubsection.4.60.1.1}{\376\377\0004\000.\0006\0000\000.\0001\000.\0001\000\040\000P\000A\000R\000M\0002\000C\000O\000N\000S\000\050\000\051}{subsection.4.60.1}% 200
\BOOKMARK [1][-]{section.4.61}{\376\377\0004\000.\0006\0001\000\040\000s\000r\000c\000/\000e\000u\000l\000e\000r\000/\000p\000a\000r\000m\0002\000c\000o\000n\000s\0004\000A\000r\000.\000f\000\040\000F\000i\000l\000e\000\040\000R\000e\000f\000e\000r\000e\000n\000c\000e}{chapter.4}% 201
\BOOKMARK [2][-]{subsection.4.61.1}{\376\377\0004\000.\0006\0001\000.\0001\000\040\000F\000u\000n\000c\000t\000i\000o\000n\000/\000S\000u\000b\000r\000o\000u\000t\000i\000n\000e\000\040\000D\000o\000c\000u\000m\000e\000n\000t\000a\000t\000i\000o\000n}{section.4.61}% 202
\BOOKMARK [3][-]{subsubsection.4.61.1.1}{\376\377\0004\000.\0006\0001\000.\0001\000.\0001\000\040\000P\000A\000R\000M\0002\000C\000O\000N\000S\0004\000A\000r\000\050\000\051}{subsection.4.61.1}% 203
\BOOKMARK [1][-]{section.4.62}{\376\377\0004\000.\0006\0002\000\040\000s\000r\000c\000/\000e\000u\000l\000e\000r\000/\000p\000a\000r\000m\0002\000c\000o\000n\000s\000S\000A\000.\000f\000\040\000F\000i\000l\000e\000\040\000R\000e\000f\000e\000r\000e\000n\000c\000e}{chapter.4}% 204
\BOOKMARK [2][-]{subsection.4.62.1}{\376\377\0004\000.\0006\0002\000.\0001\000\040\000F\000u\000n\000c\000t\000i\000o\000n\000/\000S\000u\000b\000r\000o\000u\000t\000i\000n\000e\000\040\000D\000o\000c\000u\000m\000e\000n\000t\000a\000t\000i\000o\000n}{section.4.62}% 205
\BOOKMARK [3][-]{subsubsection.4.62.1.1}{\376\377\0004\000.\0006\0002\000.\0001\000.\0001\000\040\000P\000A\000R\000M\0002\000C\000O\000N\000S\000\050\000\051}{subsection.4.62.1}% 206
\BOOKMARK [1][-]{section.4.63}{\376\377\0004\000.\0006\0003\000\040\000s\000r\000c\000/\000e\000u\000l\000e\000r\000/\000p\000a\000r\000m\0002\000p\000r\000i\000m\000.\000f\000\040\000F\000i\000l\000e\000\040\000R\000e\000f\000e\000r\000e\000n\000c\000e}{chapter.4}% 207
\BOOKMARK [2][-]{subsection.4.63.1}{\376\377\0004\000.\0006\0003\000.\0001\000\040\000F\000u\000n\000c\000t\000i\000o\000n\000/\000S\000u\000b\000r\000o\000u\000t\000i\000n\000e\000\040\000D\000o\000c\000u\000m\000e\000n\000t\000a\000t\000i\000o\000n}{section.4.63}% 208
\BOOKMARK [3][-]{subsubsection.4.63.1.1}{\376\377\0004\000.\0006\0003\000.\0001\000.\0001\000\040\000P\000A\000R\000M\000\137\000P\000R\000I\000M\000\050\000\051}{subsection.4.63.1}% 209
\BOOKMARK [1][-]{section.4.64}{\376\377\0004\000.\0006\0004\000\040\000s\000r\000c\000/\000e\000u\000l\000e\000r\000/\000p\000a\000r\000m\0002\000s\000y\000m\000m\000.\000f\000\040\000F\000i\000l\000e\000\040\000R\000e\000f\000e\000r\000e\000n\000c\000e}{chapter.4}% 210
\BOOKMARK [2][-]{subsection.4.64.1}{\376\377\0004\000.\0006\0004\000.\0001\000\040\000F\000u\000n\000c\000t\000i\000o\000n\000/\000S\000u\000b\000r\000o\000u\000t\000i\000n\000e\000\040\000D\000o\000c\000u\000m\000e\000n\000t\000a\000t\000i\000o\000n}{section.4.64}% 211
\BOOKMARK [3][-]{subsubsection.4.64.1.1}{\376\377\0004\000.\0006\0004\000.\0001\000.\0001\000\040\000P\000A\000R\000M\0002\000S\000Y\000M\000M\000\050\000\051}{subsection.4.64.1}% 212
\BOOKMARK [1][-]{section.4.65}{\376\377\0004\000.\0006\0005\000\040\000s\000r\000c\000/\000e\000u\000l\000e\000r\000/\000p\000f\000o\000r\000c\000e\000.\000f\000\040\000F\000i\000l\000e\000\040\000R\000e\000f\000e\000r\000e\000n\000c\000e}{chapter.4}% 213
\BOOKMARK [2][-]{subsection.4.65.1}{\376\377\0004\000.\0006\0005\000.\0001\000\040\000F\000u\000n\000c\000t\000i\000o\000n\000/\000S\000u\000b\000r\000o\000u\000t\000i\000n\000e\000\040\000D\000o\000c\000u\000m\000e\000n\000t\000a\000t\000i\000o\000n}{section.4.65}% 214
\BOOKMARK [3][-]{subsubsection.4.65.1.1}{\376\377\0004\000.\0006\0005\000.\0001\000.\0001\000\040\000P\000F\000O\000R\000C\000E\000\050\000\051}{subsection.4.65.1}% 215
\BOOKMARK [3][-]{subsubsection.4.65.1.2}{\376\377\0004\000.\0006\0005\000.\0001\000.\0002\000\040\000P\000F\000O\000R\000C\000E\000S\000i\000m\000p\000s\000o\000n\000\050\000\051}{subsection.4.65.1}% 216
\BOOKMARK [1][-]{section.4.66}{\376\377\0004\000.\0006\0006\000\040\000s\000r\000c\000/\000e\000u\000l\000e\000r\000/\000p\000r\000e\000s\000s\000c\000.\000f\000\040\000F\000i\000l\000e\000\040\000R\000e\000f\000e\000r\000e\000n\000c\000e}{chapter.4}% 217
\BOOKMARK [2][-]{subsection.4.66.1}{\376\377\0004\000.\0006\0006\000.\0001\000\040\000F\000u\000n\000c\000t\000i\000o\000n\000/\000S\000u\000b\000r\000o\000u\000t\000i\000n\000e\000\040\000D\000o\000c\000u\000m\000e\000n\000t\000a\000t\000i\000o\000n}{section.4.66}% 218
\BOOKMARK [3][-]{subsubsection.4.66.1.1}{\376\377\0004\000.\0006\0006\000.\0001\000.\0001\000\040\000P\000R\000E\000S\000S\0004\000A\000R\000\050\000\051}{subsection.4.66.1}% 219
\BOOKMARK [3][-]{subsubsection.4.66.1.2}{\376\377\0004\000.\0006\0006\000.\0001\000.\0002\000\040\000P\000R\000E\000S\000S\000C\000\050\000\051}{subsection.4.66.1}% 220
\BOOKMARK [1][-]{section.4.67}{\376\377\0004\000.\0006\0007\000\040\000s\000r\000c\000/\000e\000u\000l\000e\000r\000/\000p\000r\000e\000s\000s\000d\000e\000r\000i\000v\000.\000f\000\040\000F\000i\000l\000e\000\040\000R\000e\000f\000e\000r\000e\000n\000c\000e}{chapter.4}% 221
\BOOKMARK [2][-]{subsection.4.67.1}{\376\377\0004\000.\0006\0007\000.\0001\000\040\000F\000u\000n\000c\000t\000i\000o\000n\000/\000S\000u\000b\000r\000o\000u\000t\000i\000n\000e\000\040\000D\000o\000c\000u\000m\000e\000n\000t\000a\000t\000i\000o\000n}{section.4.67}% 222
\BOOKMARK [3][-]{subsubsection.4.67.1.1}{\376\377\0004\000.\0006\0007\000.\0001\000.\0001\000\040\000p\000r\000e\000s\000s\000d\000e\000r\000i\000v\000\050\000\051}{subsection.4.67.1}% 223
\BOOKMARK [1][-]{section.4.68}{\376\377\0004\000.\0006\0008\000\040\000s\000r\000c\000/\000e\000u\000l\000e\000r\000/\000p\000r\000e\000s\000s\000i\000.\000f\000\040\000F\000i\000l\000e\000\040\000R\000e\000f\000e\000r\000e\000n\000c\000e}{chapter.4}% 224
\BOOKMARK [2][-]{subsection.4.68.1}{\376\377\0004\000.\0006\0008\000.\0001\000\040\000F\000u\000n\000c\000t\000i\000o\000n\000/\000S\000u\000b\000r\000o\000u\000t\000i\000n\000e\000\040\000D\000o\000c\000u\000m\000e\000n\000t\000a\000t\000i\000o\000n}{section.4.68}% 225
\BOOKMARK [3][-]{subsubsection.4.68.1.1}{\376\377\0004\000.\0006\0008\000.\0001\000.\0001\000\040\000P\000R\000E\000S\000S\000I\000\050\000\051}{subsection.4.68.1}% 226
\BOOKMARK [1][-]{section.4.69}{\376\377\0004\000.\0006\0009\000\040\000s\000r\000c\000/\000e\000u\000l\000e\000r\000/\000s\000y\000m\000m\0002\000c\000o\000n\000s\000.\000f\000\040\000F\000i\000l\000e\000\040\000R\000e\000f\000e\000r\000e\000n\000c\000e}{chapter.4}% 227
\BOOKMARK [2][-]{subsection.4.69.1}{\376\377\0004\000.\0006\0009\000.\0001\000\040\000F\000u\000n\000c\000t\000i\000o\000n\000/\000S\000u\000b\000r\000o\000u\000t\000i\000n\000e\000\040\000D\000o\000c\000u\000m\000e\000n\000t\000a\000t\000i\000o\000n}{section.4.69}% 228
\BOOKMARK [3][-]{subsubsection.4.69.1.1}{\376\377\0004\000.\0006\0009\000.\0001\000.\0001\000\040\000S\000Y\000M\000M\0002\000C\000O\000N\000S\000\050\000\051}{subsection.4.69.1}% 229
\BOOKMARK [1][-]{section.4.70}{\376\377\0004\000.\0007\0000\000\040\000s\000r\000c\000/\000e\000u\000l\000e\000r\000/\000s\000y\000m\000m\0002\000p\000a\000r\000m\000.\000f\000\040\000F\000i\000l\000e\000\040\000R\000e\000f\000e\000r\000e\000n\000c\000e}{chapter.4}% 230
\BOOKMARK [2][-]{subsection.4.70.1}{\376\377\0004\000.\0007\0000\000.\0001\000\040\000F\000u\000n\000c\000t\000i\000o\000n\000/\000S\000u\000b\000r\000o\000u\000t\000i\000n\000e\000\040\000D\000o\000c\000u\000m\000e\000n\000t\000a\000t\000i\000o\000n}{section.4.70}% 231
\BOOKMARK [3][-]{subsubsection.4.70.1.1}{\376\377\0004\000.\0007\0000\000.\0001\000.\0001\000\040\000S\000Y\000M\000M\0002\000P\000A\000R\000M\000\050\000\051}{subsection.4.70.1}% 232
\BOOKMARK [1][-]{section.4.71}{\376\377\0004\000.\0007\0001\000\040\000s\000r\000c\000/\000e\000u\000l\000e\000r\000/\000t\000r\000a\000n\000s\000f\000.\000f\000\040\000F\000i\000l\000e\000\040\000R\000e\000f\000e\000r\000e\000n\000c\000e}{chapter.4}% 233
\BOOKMARK [2][-]{subsection.4.71.1}{\376\377\0004\000.\0007\0001\000.\0001\000\040\000F\000u\000n\000c\000t\000i\000o\000n\000/\000S\000u\000b\000r\000o\000u\000t\000i\000n\000e\000\040\000D\000o\000c\000u\000m\000e\000n\000t\000a\000t\000i\000o\000n}{section.4.71}% 234
\BOOKMARK [3][-]{subsubsection.4.71.1.1}{\376\377\0004\000.\0007\0001\000.\0001\000.\0001\000\040\000c\000o\000n\000s\000\137\000t\000o\000\137\000p\000a\000r\000m\000\050\000\051}{subsection.4.71.1}% 235
\BOOKMARK [3][-]{subsubsection.4.71.1.2}{\376\377\0004\000.\0007\0001\000.\0001\000.\0002\000\040\000c\000o\000n\000s\000\137\000t\000o\000\137\000p\000a\000r\000m\0004\000A\000r\000\050\000\051}{subsection.4.71.1}% 236
\BOOKMARK [3][-]{subsubsection.4.71.1.3}{\376\377\0004\000.\0007\0001\000.\0001\000.\0003\000\040\000P\000A\000R\000M\0002\000P\000R\000I\000M\000\050\000\051}{subsection.4.71.1}% 237
\BOOKMARK [3][-]{subsubsection.4.71.1.4}{\376\377\0004\000.\0007\0001\000.\0001\000.\0004\000\040\000P\000A\000R\000M\0002\000P\000R\000I\000M\0004\000A\000r\000\050\000\051}{subsection.4.71.1}% 238
\BOOKMARK [3][-]{subsubsection.4.71.1.5}{\376\377\0004\000.\0007\0001\000.\0001\000.\0005\000\040\000p\000a\000r\000m\000\137\000t\000o\000\137\000c\000o\000n\000s\000\050\000\051}{subsection.4.71.1}% 239
\BOOKMARK [3][-]{subsubsection.4.71.1.6}{\376\377\0004\000.\0007\0001\000.\0001\000.\0006\000\040\000p\000a\000r\000m\000\137\000t\000o\000\137\000c\000o\000n\000s\0004\000A\000r\000\050\000\051}{subsection.4.71.1}% 240
\BOOKMARK [1][-]{section.4.72}{\376\377\0004\000.\0007\0002\000\040\000s\000r\000c\000/\000e\000u\000l\000e\000r\000/\000v\000s\000t\000a\000t\000e\000.\000f\000\040\000F\000i\000l\000e\000\040\000R\000e\000f\000e\000r\000e\000n\000c\000e}{chapter.4}% 241
\BOOKMARK [2][-]{subsection.4.72.1}{\376\377\0004\000.\0007\0002\000.\0001\000\040\000F\000u\000n\000c\000t\000i\000o\000n\000/\000S\000u\000b\000r\000o\000u\000t\000i\000n\000e\000\040\000D\000o\000c\000u\000m\000e\000n\000t\000a\000t\000i\000o\000n}{section.4.72}% 242
\BOOKMARK [3][-]{subsubsection.4.72.1.1}{\376\377\0004\000.\0007\0002\000.\0001\000.\0001\000\040\000g\000h\000o\000s\000t\0002\000v\000i\000i\000\050\000\051}{subsection.4.72.1}% 243
\BOOKMARK [3][-]{subsubsection.4.72.1.2}{\376\377\0004\000.\0007\0002\000.\0001\000.\0002\000\040\000g\000h\000o\000s\000t\0002\000v\000i\000i\0004\000A\000r\000\050\000\051}{subsection.4.72.1}% 244
\BOOKMARK [3][-]{subsubsection.4.72.1.3}{\376\377\0004\000.\0007\0002\000.\0001\000.\0003\000\040\000g\000h\000o\000s\000t\0002\000v\000i\000i\000i\000\050\000\051}{subsection.4.72.1}% 245
\BOOKMARK [3][-]{subsubsection.4.72.1.4}{\376\377\0004\000.\0007\0002\000.\0001\000.\0004\000\040\000g\000h\000o\000s\000t\0008\000v\000i\000i\000\050\000\051}{subsection.4.72.1}% 246
\BOOKMARK [3][-]{subsubsection.4.72.1.5}{\376\377\0004\000.\0007\0002\000.\0001\000.\0005\000\040\000g\000h\000o\000s\000t\0008\000v\000i\000i\0004\000A\000r\000\050\000\051}{subsection.4.72.1}% 247
\BOOKMARK [3][-]{subsubsection.4.72.1.6}{\376\377\0004\000.\0007\0002\000.\0001\000.\0006\000\040\000g\000h\000o\000s\000t\0008\000v\000i\000i\000i\000\050\000\051}{subsection.4.72.1}% 248
\BOOKMARK [1][-]{section.4.73}{\376\377\0004\000.\0007\0003\000\040\000s\000r\000c\000/\000e\000u\000l\000e\000r\000/\000w\000a\000l\000l\000.\000f\000\040\000F\000i\000l\000e\000\040\000R\000e\000f\000e\000r\000e\000n\000c\000e}{chapter.4}% 249
\BOOKMARK [2][-]{subsection.4.73.1}{\376\377\0004\000.\0007\0003\000.\0001\000\040\000F\000u\000n\000c\000t\000i\000o\000n\000/\000S\000u\000b\000r\000o\000u\000t\000i\000n\000e\000\040\000D\000o\000c\000u\000m\000e\000n\000t\000a\000t\000i\000o\000n}{section.4.73}% 250
\BOOKMARK [3][-]{subsubsection.4.73.1.1}{\376\377\0004\000.\0007\0003\000.\0001\000.\0001\000\040\000G\000E\000T\000D\000F\0002\000C\000O\000R\000R\000D\000U\000\050\000\051}{subsection.4.73.1}% 251
\BOOKMARK [3][-]{subsubsection.4.73.1.2}{\376\377\0004\000.\0007\0003\000.\0001\000.\0002\000\040\000G\000E\000T\000D\000F\0004\000C\000O\000R\000R\000D\000U\000\050\000\051}{subsection.4.73.1}% 252
\BOOKMARK [3][-]{subsubsection.4.73.1.3}{\376\377\0004\000.\0007\0003\000.\0001\000.\0003\000\040\000G\000E\000T\000D\000F\0004\000C\000O\000R\000R\000D\000U\0004\000A\000r\000\050\000\051}{subsection.4.73.1}% 253
\BOOKMARK [3][-]{subsubsection.4.73.1.4}{\376\377\0004\000.\0007\0003\000.\0001\000.\0004\000\040\000I\000N\000V\000W\000L\000L\000\050\000\051}{subsection.4.73.1}% 254
\BOOKMARK [3][-]{subsubsection.4.73.1.5}{\376\377\0004\000.\0007\0003\000.\0001\000.\0005\000\040\000I\000N\000V\000W\000L\000L\0004\000A\000r\000\050\000\051}{subsection.4.73.1}% 255
\BOOKMARK [3][-]{subsubsection.4.73.1.6}{\376\377\0004\000.\0007\0003\000.\0001\000.\0006\000\040\000I\000N\000V\000W\000L\000L\000I\000\050\000\051}{subsection.4.73.1}% 256
\BOOKMARK [1][-]{section.4.74}{\376\377\0004\000.\0007\0004\000\040\000s\000r\000c\000/\000g\000e\000o\000m\000e\000t\000r\000y\000/\000a\000r\000a\000t\000i\000o\000.\000f\000\040\000F\000i\000l\000e\000\040\000R\000e\000f\000e\000r\000e\000n\000c\000e}{chapter.4}% 257
\BOOKMARK [2][-]{subsection.4.74.1}{\376\377\0004\000.\0007\0004\000.\0001\000\040\000F\000u\000n\000c\000t\000i\000o\000n\000/\000S\000u\000b\000r\000o\000u\000t\000i\000n\000e\000\040\000D\000o\000c\000u\000m\000e\000n\000t\000a\000t\000i\000o\000n}{section.4.74}% 258
\BOOKMARK [3][-]{subsubsection.4.74.1.1}{\376\377\0004\000.\0007\0004\000.\0001\000.\0001\000\040\000A\000R\000A\000T\000I\000O\000\050\000\051}{subsection.4.74.1}% 259
\BOOKMARK [1][-]{section.4.75}{\376\377\0004\000.\0007\0005\000\040\000s\000r\000c\000/\000g\000e\000o\000m\000e\000t\000r\000y\000/\000a\000v\000g\000f\000l\000x\000.\000f\000\040\000F\000i\000l\000e\000\040\000R\000e\000f\000e\000r\000e\000n\000c\000e}{chapter.4}% 260
\BOOKMARK [2][-]{subsection.4.75.1}{\376\377\0004\000.\0007\0005\000.\0001\000\040\000F\000u\000n\000c\000t\000i\000o\000n\000/\000S\000u\000b\000r\000o\000u\000t\000i\000n\000e\000\040\000D\000o\000c\000u\000m\000e\000n\000t\000a\000t\000i\000o\000n}{section.4.75}% 261
\BOOKMARK [3][-]{subsubsection.4.75.1.1}{\376\377\0004\000.\0007\0005\000.\0001\000.\0001\000\040\000A\000V\000G\000F\000L\000X\000\050\000\051}{subsection.4.75.1}% 262
\BOOKMARK [3][-]{subsubsection.4.75.1.2}{\376\377\0004\000.\0007\0005\000.\0001\000.\0002\000\040\000G\000E\000T\000A\000V\000G\000Z\000\050\000\051}{subsection.4.75.1}% 263
\BOOKMARK [3][-]{subsubsection.4.75.1.3}{\376\377\0004\000.\0007\0005\000.\0001\000.\0003\000\040\000G\000E\000T\000D\000F\000D\000Z\000\050\000\051}{subsection.4.75.1}% 264
\BOOKMARK [1][-]{section.4.76}{\376\377\0004\000.\0007\0006\000\040\000s\000r\000c\000/\000g\000e\000o\000m\000e\000t\000r\000y\000/\000b\000a\000c\000k\000u\000p\000.\000f\000\040\000F\000i\000l\000e\000\040\000R\000e\000f\000e\000r\000e\000n\000c\000e}{chapter.4}% 265
\BOOKMARK [2][-]{subsection.4.76.1}{\376\377\0004\000.\0007\0006\000.\0001\000\040\000F\000u\000n\000c\000t\000i\000o\000n\000/\000S\000u\000b\000r\000o\000u\000t\000i\000n\000e\000\040\000D\000o\000c\000u\000m\000e\000n\000t\000a\000t\000i\000o\000n}{section.4.76}% 266
\BOOKMARK [3][-]{subsubsection.4.76.1.1}{\376\377\0004\000.\0007\0006\000.\0001\000.\0001\000\040\000B\000A\000C\000K\000U\000P\000\050\000\051}{subsection.4.76.1}% 267
\BOOKMARK [1][-]{section.4.77}{\376\377\0004\000.\0007\0007\000\040\000s\000r\000c\000/\000g\000e\000o\000m\000e\000t\000r\000y\000/\000b\000n\000d\000c\000h\000k\000.\000f\000\040\000F\000i\000l\000e\000\040\000R\000e\000f\000e\000r\000e\000n\000c\000e}{chapter.4}% 268
\BOOKMARK [2][-]{subsection.4.77.1}{\376\377\0004\000.\0007\0007\000.\0001\000\040\000F\000u\000n\000c\000t\000i\000o\000n\000/\000S\000u\000b\000r\000o\000u\000t\000i\000n\000e\000\040\000D\000o\000c\000u\000m\000e\000n\000t\000a\000t\000i\000o\000n}{section.4.77}% 269
\BOOKMARK [3][-]{subsubsection.4.77.1.1}{\376\377\0004\000.\0007\0007\000.\0001\000.\0001\000\040\000C\000H\000K\000B\000N\000D\000\050\000\051}{subsection.4.77.1}% 270
\BOOKMARK [1][-]{section.4.78}{\376\377\0004\000.\0007\0008\000\040\000s\000r\000c\000/\000g\000e\000o\000m\000e\000t\000r\000y\000/\000c\000d\000i\000s\000t\000.\000f\000\040\000F\000i\000l\000e\000\040\000R\000e\000f\000e\000r\000e\000n\000c\000e}{chapter.4}% 271
\BOOKMARK [2][-]{subsection.4.78.1}{\376\377\0004\000.\0007\0008\000.\0001\000\040\000F\000u\000n\000c\000t\000i\000o\000n\000/\000S\000u\000b\000r\000o\000u\000t\000i\000n\000e\000\040\000D\000o\000c\000u\000m\000e\000n\000t\000a\000t\000i\000o\000n}{section.4.78}% 272
\BOOKMARK [3][-]{subsubsection.4.78.1.1}{\376\377\0004\000.\0007\0008\000.\0001\000.\0001\000\040\000c\000\137\000d\000i\000s\000t\000i\000j\000\050\000\051}{subsection.4.78.1}% 273
\BOOKMARK [1][-]{section.4.79}{\376\377\0004\000.\0007\0009\000\040\000s\000r\000c\000/\000g\000e\000o\000m\000e\000t\000r\000y\000/\000c\000e\000l\000n\000h\000b\000.\000f\000\040\000F\000i\000l\000e\000\040\000R\000e\000f\000e\000r\000e\000n\000c\000e}{chapter.4}% 274
\BOOKMARK [2][-]{subsection.4.79.1}{\376\377\0004\000.\0007\0009\000.\0001\000\040\000F\000u\000n\000c\000t\000i\000o\000n\000/\000S\000u\000b\000r\000o\000u\000t\000i\000n\000e\000\040\000D\000o\000c\000u\000m\000e\000n\000t\000a\000t\000i\000o\000n}{section.4.79}% 275
\BOOKMARK [3][-]{subsubsection.4.79.1.1}{\376\377\0004\000.\0007\0009\000.\0001\000.\0001\000\040\000C\000E\000L\000N\000H\000B\000\050\000\051}{subsection.4.79.1}% 276
\BOOKMARK [1][-]{section.4.80}{\376\377\0004\000.\0008\0000\000\040\000s\000r\000c\000/\000g\000e\000o\000m\000e\000t\000r\000y\000/\000c\000e\000l\000p\000t\000r\000.\000f\000\040\000F\000i\000l\000e\000\040\000R\000e\000f\000e\000r\000e\000n\000c\000e}{chapter.4}% 277
\BOOKMARK [2][-]{subsection.4.80.1}{\376\377\0004\000.\0008\0000\000.\0001\000\040\000F\000u\000n\000c\000t\000i\000o\000n\000/\000S\000u\000b\000r\000o\000u\000t\000i\000n\000e\000\040\000D\000o\000c\000u\000m\000e\000n\000t\000a\000t\000i\000o\000n}{section.4.80}% 278
\BOOKMARK [3][-]{subsubsection.4.80.1.1}{\376\377\0004\000.\0008\0000\000.\0001\000.\0001\000\040\000C\000E\000L\000P\000T\000R\000\050\000\051}{subsection.4.80.1}% 279
\BOOKMARK [1][-]{section.4.81}{\376\377\0004\000.\0008\0001\000\040\000s\000r\000c\000/\000g\000e\000o\000m\000e\000t\000r\000y\000/\000c\000h\000k\000f\000l\000x\000.\000f\000\040\000F\000i\000l\000e\000\040\000R\000e\000f\000e\000r\000e\000n\000c\000e}{chapter.4}% 280
\BOOKMARK [2][-]{subsection.4.81.1}{\376\377\0004\000.\0008\0001\000.\0001\000\040\000F\000u\000n\000c\000t\000i\000o\000n\000/\000S\000u\000b\000r\000o\000u\000t\000i\000n\000e\000\040\000D\000o\000c\000u\000m\000e\000n\000t\000a\000t\000i\000o\000n}{section.4.81}% 281
\BOOKMARK [3][-]{subsubsection.4.81.1.1}{\376\377\0004\000.\0008\0001\000.\0001\000.\0001\000\040\000C\000H\000K\000F\000L\000X\000\050\000\051}{subsection.4.81.1}% 282
\BOOKMARK [3][-]{subsubsection.4.81.1.2}{\376\377\0004\000.\0008\0001\000.\0001\000.\0002\000\040\000F\000L\000U\000X\0004\000\050\000\051}{subsection.4.81.1}% 283
\BOOKMARK [1][-]{section.4.82}{\376\377\0004\000.\0008\0002\000\040\000s\000r\000c\000/\000g\000e\000o\000m\000e\000t\000r\000y\000/\000c\000h\000k\000f\000l\000x\0002\000.\000f\000\040\000F\000i\000l\000e\000\040\000R\000e\000f\000e\000r\000e\000n\000c\000e}{chapter.4}% 284
\BOOKMARK [2][-]{subsection.4.82.1}{\376\377\0004\000.\0008\0002\000.\0001\000\040\000F\000u\000n\000c\000t\000i\000o\000n\000/\000S\000u\000b\000r\000o\000u\000t\000i\000n\000e\000\040\000D\000o\000c\000u\000m\000e\000n\000t\000a\000t\000i\000o\000n}{section.4.82}% 285
\BOOKMARK [3][-]{subsubsection.4.82.1.1}{\376\377\0004\000.\0008\0002\000.\0001\000.\0001\000\040\000C\000H\000K\000F\000L\000X\0002\000\050\000\051}{subsection.4.82.1}% 286
\BOOKMARK [1][-]{section.4.83}{\376\377\0004\000.\0008\0003\000\040\000s\000r\000c\000/\000g\000e\000o\000m\000e\000t\000r\000y\000/\000c\000h\000k\000g\000c\000l\000.\000f\000\040\000F\000i\000l\000e\000\040\000R\000e\000f\000e\000r\000e\000n\000c\000e}{chapter.4}% 287
\BOOKMARK [2][-]{subsection.4.83.1}{\376\377\0004\000.\0008\0003\000.\0001\000\040\000F\000u\000n\000c\000t\000i\000o\000n\000/\000S\000u\000b\000r\000o\000u\000t\000i\000n\000e\000\040\000D\000o\000c\000u\000m\000e\000n\000t\000a\000t\000i\000o\000n}{section.4.83}% 288
\BOOKMARK [3][-]{subsubsection.4.83.1.1}{\376\377\0004\000.\0008\0003\000.\0001\000.\0001\000\040\000C\000H\000K\000G\000C\000L\000\050\000\051}{subsection.4.83.1}% 289
\BOOKMARK [1][-]{section.4.84}{\376\377\0004\000.\0008\0004\000\040\000s\000r\000c\000/\000g\000e\000o\000m\000e\000t\000r\000y\000/\000c\000h\000k\000i\000n\000t\000.\000f\000\040\000F\000i\000l\000e\000\040\000R\000e\000f\000e\000r\000e\000n\000c\000e}{chapter.4}% 290
\BOOKMARK [2][-]{subsection.4.84.1}{\376\377\0004\000.\0008\0004\000.\0001\000\040\000F\000u\000n\000c\000t\000i\000o\000n\000/\000S\000u\000b\000r\000o\000u\000t\000i\000n\000e\000\040\000D\000o\000c\000u\000m\000e\000n\000t\000a\000t\000i\000o\000n}{section.4.84}% 291
\BOOKMARK [3][-]{subsubsection.4.84.1.1}{\376\377\0004\000.\0008\0004\000.\0001\000.\0001\000\040\000C\000H\000K\000I\000N\000T\000\050\000\051}{subsection.4.84.1}% 292
\BOOKMARK [1][-]{section.4.85}{\376\377\0004\000.\0008\0005\000\040\000s\000r\000c\000/\000g\000e\000o\000m\000e\000t\000r\000y\000/\000f\000f\000.\000f\000\040\000F\000i\000l\000e\000\040\000R\000e\000f\000e\000r\000e\000n\000c\000e}{chapter.4}% 293
\BOOKMARK [2][-]{subsection.4.85.1}{\376\377\0004\000.\0008\0005\000.\0001\000\040\000F\000u\000n\000c\000t\000i\000o\000n\000/\000S\000u\000b\000r\000o\000u\000t\000i\000n\000e\000\040\000D\000o\000c\000u\000m\000e\000n\000t\000a\000t\000i\000o\000n}{section.4.85}% 294
\BOOKMARK [3][-]{subsubsection.4.85.1.1}{\376\377\0004\000.\0008\0005\000.\0001\000.\0001\000\040\000F\000F\000\050\000\051}{subsection.4.85.1}% 295
\BOOKMARK [1][-]{section.4.86}{\376\377\0004\000.\0008\0006\000\040\000s\000r\000c\000/\000g\000e\000o\000m\000e\000t\000r\000y\000/\000g\000e\000t\000v\000o\000l\000.\000f\000\040\000F\000i\000l\000e\000\040\000R\000e\000f\000e\000r\000e\000n\000c\000e}{chapter.4}% 296
\BOOKMARK [2][-]{subsection.4.86.1}{\376\377\0004\000.\0008\0006\000.\0001\000\040\000F\000u\000n\000c\000t\000i\000o\000n\000/\000S\000u\000b\000r\000o\000u\000t\000i\000n\000e\000\040\000D\000o\000c\000u\000m\000e\000n\000t\000a\000t\000i\000o\000n}{section.4.86}% 297
\BOOKMARK [3][-]{subsubsection.4.86.1.1}{\376\377\0004\000.\0008\0006\000.\0001\000.\0001\000\040\000C\000M\000P\000V\000O\000L\000\050\000\051}{subsection.4.86.1}% 298
\BOOKMARK [1][-]{section.4.87}{\376\377\0004\000.\0008\0007\000\040\000s\000r\000c\000/\000g\000e\000o\000m\000e\000t\000r\000y\000/\000M\000a\000t\000G\000e\000t\000S\000i\000z\000e\000S\000e\000q\000.\000f\000\040\000F\000i\000l\000e\000\040\000R\000e\000f\000e\000r\000e\000n\000c\000e}{chapter.4}% 299
\BOOKMARK [2][-]{subsection.4.87.1}{\376\377\0004\000.\0008\0007\000.\0001\000\040\000F\000u\000n\000c\000t\000i\000o\000n\000/\000S\000u\000b\000r\000o\000u\000t\000i\000n\000e\000\040\000D\000o\000c\000u\000m\000e\000n\000t\000a\000t\000i\000o\000n}{section.4.87}% 300
\BOOKMARK [3][-]{subsubsection.4.87.1.1}{\376\377\0004\000.\0008\0007\000.\0001\000.\0001\000\040\000M\000a\000t\000G\000e\000t\000S\000i\000z\000e\000S\000e\000q\000\050\000\051}{subsection.4.87.1}% 301
\BOOKMARK [1][-]{section.4.88}{\376\377\0004\000.\0008\0008\000\040\000s\000r\000c\000/\000g\000e\000o\000m\000e\000t\000r\000y\000/\000m\000e\000d\000i\000a\000n\000.\000f\000\040\000F\000i\000l\000e\000\040\000R\000e\000f\000e\000r\000e\000n\000c\000e}{chapter.4}% 302
\BOOKMARK [2][-]{subsection.4.88.1}{\376\377\0004\000.\0008\0008\000.\0001\000\040\000F\000u\000n\000c\000t\000i\000o\000n\000/\000S\000u\000b\000r\000o\000u\000t\000i\000n\000e\000\040\000D\000o\000c\000u\000m\000e\000n\000t\000a\000t\000i\000o\000n}{section.4.88}% 303
\BOOKMARK [3][-]{subsubsection.4.88.1.1}{\376\377\0004\000.\0008\0008\000.\0001\000.\0001\000\040\000M\000E\000D\000I\000A\000N\000\050\000\051}{subsection.4.88.1}% 304
\BOOKMARK [1][-]{section.4.89}{\376\377\0004\000.\0008\0009\000\040\000s\000r\000c\000/\000g\000e\000o\000m\000e\000t\000r\000y\000/\000m\000o\000t\000i\000o\000n\000\137\000t\000y\000p\000e\000.\000f\000\040\000F\000i\000l\000e\000\040\000R\000e\000f\000e\000r\000e\000n\000c\000e}{chapter.4}% 305
\BOOKMARK [2][-]{subsection.4.89.1}{\376\377\0004\000.\0008\0009\000.\0001\000\040\000F\000u\000n\000c\000t\000i\000o\000n\000/\000S\000u\000b\000r\000o\000u\000t\000i\000n\000e\000\040\000D\000o\000c\000u\000m\000e\000n\000t\000a\000t\000i\000o\000n}{section.4.89}% 306
\BOOKMARK [3][-]{subsubsection.4.89.1.1}{\376\377\0004\000.\0008\0009\000.\0001\000.\0001\000\040\000M\000O\000V\000E\000X\000Y\000Z\000\050\000\051}{subsection.4.89.1}% 307
\BOOKMARK [3][-]{subsubsection.4.89.1.2}{\376\377\0004\000.\0008\0009\000.\0001\000.\0002\000\040\000M\000O\000V\000E\000X\000Y\000Z\000\137\0001\000\050\000\051}{subsection.4.89.1}% 308
\BOOKMARK [3][-]{subsubsection.4.89.1.3}{\376\377\0004\000.\0008\0009\000.\0001\000.\0003\000\040\000M\000O\000V\000E\000X\000Y\000Z\000\137\0002\000\050\000\051}{subsection.4.89.1}% 309
\BOOKMARK [3][-]{subsubsection.4.89.1.4}{\376\377\0004\000.\0008\0009\000.\0001\000.\0004\000\040\000M\000O\000V\000E\000X\000Y\000Z\000\137\0003\000\050\000\051}{subsection.4.89.1}% 310
\BOOKMARK [3][-]{subsubsection.4.89.1.5}{\376\377\0004\000.\0008\0009\000.\0001\000.\0005\000\040\000M\000O\000V\000E\000X\000Y\000Z\000\137\0004\000\050\000\051}{subsection.4.89.1}% 311
\BOOKMARK [3][-]{subsubsection.4.89.1.6}{\376\377\0004\000.\0008\0009\000.\0001\000.\0006\000\040\000M\000O\000V\000E\000X\000Y\000Z\000\137\0005\000\050\000\051}{subsection.4.89.1}% 312
\BOOKMARK [3][-]{subsubsection.4.89.1.7}{\376\377\0004\000.\0008\0009\000.\0001\000.\0007\000\040\000M\000O\000V\000E\000X\000Y\000Z\000\137\0006\000\050\000\051}{subsection.4.89.1}% 313
\BOOKMARK [3][-]{subsubsection.4.89.1.8}{\376\377\0004\000.\0008\0009\000.\0001\000.\0008\000\040\000M\000O\000V\000E\000X\000Y\000Z\000\137\0007\000\050\000\051}{subsection.4.89.1}% 314
\BOOKMARK [3][-]{subsubsection.4.89.1.9}{\376\377\0004\000.\0008\0009\000.\0001\000.\0009\000\040\000M\000O\000V\000E\000X\000Y\000Z\000\137\0008\000\050\000\051}{subsection.4.89.1}% 315
\BOOKMARK [3][-]{subsubsection.4.89.1.10}{\376\377\0004\000.\0008\0009\000.\0001\000.\0001\0000\000\040\000M\000O\000V\000E\000X\000Y\000Z\000\137\0009\000\050\000\051}{subsection.4.89.1}% 316
\BOOKMARK [1][-]{section.4.90}{\376\377\0004\000.\0009\0000\000\040\000s\000r\000c\000/\000g\000e\000o\000m\000e\000t\000r\000y\000/\000m\000s\000h\000c\000n\000t\000.\000F\000\040\000F\000i\000l\000e\000\040\000R\000e\000f\000e\000r\000e\000n\000c\000e}{chapter.4}% 317
\BOOKMARK [2][-]{subsection.4.90.1}{\376\377\0004\000.\0009\0000\000.\0001\000\040\000F\000u\000n\000c\000t\000i\000o\000n\000/\000S\000u\000b\000r\000o\000u\000t\000i\000n\000e\000\040\000D\000o\000c\000u\000m\000e\000n\000t\000a\000t\000i\000o\000n}{section.4.90}% 318
\BOOKMARK [3][-]{subsubsection.4.90.1.1}{\376\377\0004\000.\0009\0000\000.\0001\000.\0001\000\040\000M\000S\000H\000C\000N\000T\000\050\000\051}{subsection.4.90.1}% 319
\BOOKMARK [1][-]{section.4.91}{\376\377\0004\000.\0009\0001\000\040\000s\000r\000c\000/\000g\000e\000o\000m\000e\000t\000r\000y\000/\000n\000o\000d\000c\000o\000d\000.\000f\000\040\000F\000i\000l\000e\000\040\000R\000e\000f\000e\000r\000e\000n\000c\000e}{chapter.4}% 320
\BOOKMARK [2][-]{subsection.4.91.1}{\376\377\0004\000.\0009\0001\000.\0001\000\040\000F\000u\000n\000c\000t\000i\000o\000n\000/\000S\000u\000b\000r\000o\000u\000t\000i\000n\000e\000\040\000D\000o\000c\000u\000m\000e\000n\000t\000a\000t\000i\000o\000n}{section.4.91}% 321
\BOOKMARK [3][-]{subsubsection.4.91.1.1}{\376\377\0004\000.\0009\0001\000.\0001\000.\0001\000\040\000N\000O\000D\000C\000O\000D\000\050\000\051}{subsection.4.91.1}% 322
\BOOKMARK [1][-]{section.4.92}{\376\377\0004\000.\0009\0002\000\040\000s\000r\000c\000/\000g\000e\000o\000m\000e\000t\000r\000y\000/\000p\000e\000r\000i\000o\000d\000i\000c\000.\000F\000\040\000F\000i\000l\000e\000\040\000R\000e\000f\000e\000r\000e\000n\000c\000e}{chapter.4}% 323
\BOOKMARK [2][-]{subsection.4.92.1}{\376\377\0004\000.\0009\0002\000.\0001\000\040\000F\000u\000n\000c\000t\000i\000o\000n\000/\000S\000u\000b\000r\000o\000u\000t\000i\000n\000e\000\040\000D\000o\000c\000u\000m\000e\000n\000t\000a\000t\000i\000o\000n}{section.4.92}% 324
\BOOKMARK [3][-]{subsubsection.4.92.1.1}{\376\377\0004\000.\0009\0002\000.\0001\000.\0001\000\040\000P\000E\000R\000I\000O\000D\000I\000C\000\050\000\051}{subsection.4.92.1}% 325
\BOOKMARK [1][-]{section.4.93}{\376\377\0004\000.\0009\0003\000\040\000s\000r\000c\000/\000g\000e\000o\000m\000e\000t\000r\000y\000/\000p\000r\000o\000b\000e\000.\000f\000\040\000F\000i\000l\000e\000\040\000R\000e\000f\000e\000r\000e\000n\000c\000e}{chapter.4}% 326
\BOOKMARK [2][-]{subsection.4.93.1}{\376\377\0004\000.\0009\0003\000.\0001\000\040\000F\000u\000n\000c\000t\000i\000o\000n\000/\000S\000u\000b\000r\000o\000u\000t\000i\000n\000e\000\040\000D\000o\000c\000u\000m\000e\000n\000t\000a\000t\000i\000o\000n}{section.4.93}% 327
\BOOKMARK [3][-]{subsubsection.4.93.1.1}{\376\377\0004\000.\0009\0003\000.\0001\000.\0001\000\040\000P\000R\000O\000B\000E\000I\000N\000\050\000\051}{subsection.4.93.1}% 328
\BOOKMARK [3][-]{subsubsection.4.93.1.2}{\376\377\0004\000.\0009\0003\000.\0001\000.\0002\000\040\000P\000R\000O\000B\000E\000O\000U\000T\000\050\000\051}{subsection.4.93.1}% 329
\BOOKMARK [1][-]{section.4.94}{\376\377\0004\000.\0009\0004\000\040\000s\000r\000c\000/\000g\000e\000o\000m\000e\000t\000r\000y\000/\000r\000a\000n\000k\000c\000l\000.\000f\000\040\000F\000i\000l\000e\000\040\000R\000e\000f\000e\000r\000e\000n\000c\000e}{chapter.4}% 330
\BOOKMARK [2][-]{subsection.4.94.1}{\376\377\0004\000.\0009\0004\000.\0001\000\040\000F\000u\000n\000c\000t\000i\000o\000n\000/\000S\000u\000b\000r\000o\000u\000t\000i\000n\000e\000\040\000D\000o\000c\000u\000m\000e\000n\000t\000a\000t\000i\000o\000n}{section.4.94}% 331
\BOOKMARK [3][-]{subsubsection.4.94.1.1}{\376\377\0004\000.\0009\0004\000.\0001\000.\0001\000\040\000R\000A\000N\000K\000C\000L\000\050\000\051}{subsection.4.94.1}% 332
\BOOKMARK [1][-]{section.4.95}{\376\377\0004\000.\0009\0005\000\040\000s\000r\000c\000/\000g\000e\000o\000m\000e\000t\000r\000y\000/\000r\000o\000t\000a\000t\000e\000.\000f\000\040\000F\000i\000l\000e\000\040\000R\000e\000f\000e\000r\000e\000n\000c\000e}{chapter.4}% 333
\BOOKMARK [2][-]{subsection.4.95.1}{\376\377\0004\000.\0009\0005\000.\0001\000\040\000F\000u\000n\000c\000t\000i\000o\000n\000/\000S\000u\000b\000r\000o\000u\000t\000i\000n\000e\000\040\000D\000o\000c\000u\000m\000e\000n\000t\000a\000t\000i\000o\000n}{section.4.95}% 334
\BOOKMARK [3][-]{subsubsection.4.95.1.1}{\376\377\0004\000.\0009\0005\000.\0001\000.\0001\000\040\000I\000N\000I\000Q\000M\000A\000T\000\050\000\051}{subsection.4.95.1}% 335
\BOOKMARK [3][-]{subsubsection.4.95.1.2}{\376\377\0004\000.\0009\0005\000.\0001\000.\0002\000\040\000R\000O\000T\000A\000T\000E\000\050\000\051}{subsection.4.95.1}% 336
\BOOKMARK [3][-]{subsubsection.4.95.1.3}{\376\377\0004\000.\0009\0005\000.\0001\000.\0003\000\040\000R\000O\000T\000A\000T\000E\000C\000I\000J\000\050\000\051}{subsection.4.95.1}% 337
\BOOKMARK [1][-]{section.4.96}{\376\377\0004\000.\0009\0006\000\040\000s\000r\000c\000/\000g\000e\000o\000m\000e\000t\000r\000y\000/\000s\000e\000g\0003\000d\000.\000f\000\040\000F\000i\000l\000e\000\040\000R\000e\000f\000e\000r\000e\000n\000c\000e}{chapter.4}% 338
\BOOKMARK [2][-]{subsection.4.96.1}{\376\377\0004\000.\0009\0006\000.\0001\000\040\000F\000u\000n\000c\000t\000i\000o\000n\000/\000S\000u\000b\000r\000o\000u\000t\000i\000n\000e\000\040\000D\000o\000c\000u\000m\000e\000n\000t\000a\000t\000i\000o\000n}{section.4.96}% 339
\BOOKMARK [3][-]{subsubsection.4.96.1.1}{\376\377\0004\000.\0009\0006\000.\0001\000.\0001\000\040\000s\000e\000g\0003\000d\000\050\000\051}{subsection.4.96.1}% 340
\BOOKMARK [1][-]{section.4.97}{\376\377\0004\000.\0009\0007\000\040\000s\000r\000c\000/\000g\000e\000o\000m\000e\000t\000r\000y\000/\000s\000e\000t\000b\000n\000d\000f\000l\000x\000p\000t\000r\000.\000f\000\040\000F\000i\000l\000e\000\040\000R\000e\000f\000e\000r\000e\000n\000c\000e}{chapter.4}% 341
\BOOKMARK [2][-]{subsection.4.97.1}{\376\377\0004\000.\0009\0007\000.\0001\000\040\000F\000u\000n\000c\000t\000i\000o\000n\000/\000S\000u\000b\000r\000o\000u\000t\000i\000n\000e\000\040\000D\000o\000c\000u\000m\000e\000n\000t\000a\000t\000i\000o\000n}{section.4.97}% 342
\BOOKMARK [3][-]{subsubsection.4.97.1.1}{\376\377\0004\000.\0009\0007\000.\0001\000.\0001\000\040\000S\000E\000T\000B\000N\000D\000F\000L\000X\000P\000T\000R\000\050\000\051}{subsection.4.97.1}% 343
\BOOKMARK [1][-]{section.4.98}{\376\377\0004\000.\0009\0008\000\040\000s\000r\000c\000/\000g\000e\000o\000m\000e\000t\000r\000y\000/\000s\000e\000t\000p\000t\000o\000.\000f\000\040\000F\000i\000l\000e\000\040\000R\000e\000f\000e\000r\000e\000n\000c\000e}{chapter.4}% 344
\BOOKMARK [2][-]{subsection.4.98.1}{\376\377\0004\000.\0009\0008\000.\0001\000\040\000F\000u\000n\000c\000t\000i\000o\000n\000/\000S\000u\000b\000r\000o\000u\000t\000i\000n\000e\000\040\000D\000o\000c\000u\000m\000e\000n\000t\000a\000t\000i\000o\000n}{section.4.98}% 345
\BOOKMARK [3][-]{subsubsection.4.98.1.1}{\376\377\0004\000.\0009\0008\000.\0001\000.\0001\000\040\000S\000E\000T\000P\000T\000O\000\050\000\051}{subsection.4.98.1}% 346
\BOOKMARK [1][-]{section.4.99}{\376\377\0004\000.\0009\0009\000\040\000s\000r\000c\000/\000g\000e\000o\000m\000e\000t\000r\000y\000/\000s\000u\000b\000y\000y\000.\000f\000\040\000F\000i\000l\000e\000\040\000R\000e\000f\000e\000r\000e\000n\000c\000e}{chapter.4}% 347
\BOOKMARK [2][-]{subsection.4.99.1}{\376\377\0004\000.\0009\0009\000.\0001\000\040\000F\000u\000n\000c\000t\000i\000o\000n\000/\000S\000u\000b\000r\000o\000u\000t\000i\000n\000e\000\040\000D\000o\000c\000u\000m\000e\000n\000t\000a\000t\000i\000o\000n}{section.4.99}% 348
\BOOKMARK [3][-]{subsubsection.4.99.1.1}{\376\377\0004\000.\0009\0009\000.\0001\000.\0001\000\040\000s\000u\000b\000y\000y\000\050\000\051}{subsection.4.99.1}% 349
\BOOKMARK [1][-]{section.4.100}{\376\377\0004\000.\0001\0000\0000\000\040\000s\000r\000c\000/\000g\000e\000o\000m\000e\000t\000r\000y\000/\000s\000u\000b\000y\000z\000.\000f\000\040\000F\000i\000l\000e\000\040\000R\000e\000f\000e\000r\000e\000n\000c\000e}{chapter.4}% 350
\BOOKMARK [2][-]{subsection.4.100.1}{\376\377\0004\000.\0001\0000\0000\000.\0001\000\040\000F\000u\000n\000c\000t\000i\000o\000n\000/\000S\000u\000b\000r\000o\000u\000t\000i\000n\000e\000\040\000D\000o\000c\000u\000m\000e\000n\000t\000a\000t\000i\000o\000n}{section.4.100}% 351
\BOOKMARK [3][-]{subsubsection.4.100.1.1}{\376\377\0004\000.\0001\0000\0000\000.\0001\000.\0001\000\040\000s\000u\000b\000y\000z\000\050\000\051}{subsection.4.100.1}% 352
\BOOKMARK [3][-]{subsubsection.4.100.1.2}{\376\377\0004\000.\0001\0000\0000\000.\0001\000.\0002\000\040\000v\000a\000l\000u\000e\000\050\000\051}{subsection.4.100.1}% 353
\BOOKMARK [1][-]{section.4.101}{\376\377\0004\000.\0001\0000\0001\000\040\000s\000r\000c\000/\000g\000e\000o\000m\000e\000t\000r\000y\000/\000u\000p\000d\000t\000p\000.\000f\000\040\000F\000i\000l\000e\000\040\000R\000e\000f\000e\000r\000e\000n\000c\000e}{chapter.4}% 354
\BOOKMARK [2][-]{subsection.4.101.1}{\376\377\0004\000.\0001\0000\0001\000.\0001\000\040\000F\000u\000n\000c\000t\000i\000o\000n\000/\000S\000u\000b\000r\000o\000u\000t\000i\000n\000e\000\040\000D\000o\000c\000u\000m\000e\000n\000t\000a\000t\000i\000o\000n}{section.4.101}% 355
\BOOKMARK [3][-]{subsubsection.4.101.1.1}{\376\377\0004\000.\0001\0000\0001\000.\0001\000.\0001\000\040\000U\000P\000D\000T\000P\000\050\000\051}{subsection.4.101.1}% 356
\BOOKMARK [1][-]{section.4.102}{\376\377\0004\000.\0001\0000\0002\000\040\000s\000r\000c\000/\000n\000a\000v\000i\000e\000r\000-\000s\000t\000o\000k\000e\000s\000/\000b\000v\000s\000f\000l\000x\0002\000.\000f\000\040\000F\000i\000l\000e\000\040\000R\000e\000f\000e\000r\000e\000n\000c\000e}{chapter.4}% 357
\BOOKMARK [2][-]{subsection.4.102.1}{\376\377\0004\000.\0001\0000\0002\000.\0001\000\040\000F\000u\000n\000c\000t\000i\000o\000n\000/\000S\000u\000b\000r\000o\000u\000t\000i\000n\000e\000\040\000D\000o\000c\000u\000m\000e\000n\000t\000a\000t\000i\000o\000n}{section.4.102}% 358
\BOOKMARK [3][-]{subsubsection.4.102.1.1}{\376\377\0004\000.\0001\0000\0002\000.\0001\000.\0001\000\040\000B\000V\000S\000F\000L\000X\0002\000\050\000\051}{subsection.4.102.1}% 359
\BOOKMARK [1][-]{section.4.103}{\376\377\0004\000.\0001\0000\0003\000\040\000s\000r\000c\000/\000n\000a\000v\000i\000e\000r\000-\000s\000t\000o\000k\000e\000s\000/\000b\000v\000s\000f\000l\000x\0004\000.\000f\000\040\000F\000i\000l\000e\000\040\000R\000e\000f\000e\000r\000e\000n\000c\000e}{chapter.4}% 360
\BOOKMARK [2][-]{subsection.4.103.1}{\376\377\0004\000.\0001\0000\0003\000.\0001\000\040\000F\000u\000n\000c\000t\000i\000o\000n\000/\000S\000u\000b\000r\000o\000u\000t\000i\000n\000e\000\040\000D\000o\000c\000u\000m\000e\000n\000t\000a\000t\000i\000o\000n}{section.4.103}% 361
\BOOKMARK [3][-]{subsubsection.4.103.1.1}{\376\377\0004\000.\0001\0000\0003\000.\0001\000.\0001\000\040\000B\000V\000S\000F\000L\000X\0004\000\050\000\051}{subsection.4.103.1}% 362
\BOOKMARK [1][-]{section.4.104}{\376\377\0004\000.\0001\0000\0004\000\040\000s\000r\000c\000/\000n\000a\000v\000i\000e\000r\000-\000s\000t\000o\000k\000e\000s\000/\000l\000a\000m\000i\000n\000a\000r\000.\000f\000\040\000F\000i\000l\000e\000\040\000R\000e\000f\000e\000r\000e\000n\000c\000e}{chapter.4}% 363
\BOOKMARK [2][-]{subsection.4.104.1}{\376\377\0004\000.\0001\0000\0004\000.\0001\000\040\000F\000u\000n\000c\000t\000i\000o\000n\000/\000S\000u\000b\000r\000o\000u\000t\000i\000n\000e\000\040\000D\000o\000c\000u\000m\000e\000n\000t\000a\000t\000i\000o\000n}{section.4.104}% 364
\BOOKMARK [3][-]{subsubsection.4.104.1.1}{\376\377\0004\000.\0001\0000\0004\000.\0001\000.\0001\000\040\000L\000A\000M\000I\000N\000A\000R\000\050\000\051}{subsection.4.104.1}% 365
\BOOKMARK [1][-]{section.4.105}{\376\377\0004\000.\0001\0000\0005\000\040\000s\000r\000c\000/\000n\000a\000v\000i\000e\000r\000-\000s\000t\000o\000k\000e\000s\000/\000s\000u\000t\000h\000e\000r\000l\000a\000w\000.\000f\000\040\000F\000i\000l\000e\000\040\000R\000e\000f\000e\000r\000e\000n\000c\000e}{chapter.4}% 366
\BOOKMARK [2][-]{subsection.4.105.1}{\376\377\0004\000.\0001\0000\0005\000.\0001\000\040\000F\000u\000n\000c\000t\000i\000o\000n\000/\000S\000u\000b\000r\000o\000u\000t\000i\000n\000e\000\040\000D\000o\000c\000u\000m\000e\000n\000t\000a\000t\000i\000o\000n}{section.4.105}% 367
\BOOKMARK [3][-]{subsubsection.4.105.1.1}{\376\377\0004\000.\0001\0000\0005\000.\0001\000.\0001\000\040\000S\000U\000T\000H\000E\000R\000L\000A\000W\000\050\000\051}{subsection.4.105.1}% 368
\BOOKMARK [1][-]{section.4.106}{\376\377\0004\000.\0001\0000\0006\000\040\000s\000r\000c\000/\000n\000a\000v\000i\000e\000r\000-\000s\000t\000o\000k\000e\000s\000/\000v\000s\000f\000l\000x\0002\000.\000f\000\040\000F\000i\000l\000e\000\040\000R\000e\000f\000e\000r\000e\000n\000c\000e}{chapter.4}% 369
\BOOKMARK [2][-]{subsection.4.106.1}{\376\377\0004\000.\0001\0000\0006\000.\0001\000\040\000F\000u\000n\000c\000t\000i\000o\000n\000/\000S\000u\000b\000r\000o\000u\000t\000i\000n\000e\000\040\000D\000o\000c\000u\000m\000e\000n\000t\000a\000t\000i\000o\000n}{section.4.106}% 370
\BOOKMARK [3][-]{subsubsection.4.106.1.1}{\376\377\0004\000.\0001\0000\0006\000.\0001\000.\0001\000\040\000V\000S\000F\000L\000X\0002\000\050\000\051}{subsection.4.106.1}% 371
\BOOKMARK [1][-]{section.4.107}{\376\377\0004\000.\0001\0000\0007\000\040\000s\000r\000c\000/\000n\000a\000v\000i\000e\000r\000-\000s\000t\000o\000k\000e\000s\000/\000v\000s\000f\000l\000x\0004\000.\000f\000\040\000F\000i\000l\000e\000\040\000R\000e\000f\000e\000r\000e\000n\000c\000e}{chapter.4}% 372
\BOOKMARK [2][-]{subsection.4.107.1}{\376\377\0004\000.\0001\0000\0007\000.\0001\000\040\000F\000u\000n\000c\000t\000i\000o\000n\000/\000S\000u\000b\000r\000o\000u\000t\000i\000n\000e\000\040\000D\000o\000c\000u\000m\000e\000n\000t\000a\000t\000i\000o\000n}{section.4.107}% 373
\BOOKMARK [3][-]{subsubsection.4.107.1.1}{\376\377\0004\000.\0001\0000\0007\000.\0001\000.\0001\000\040\000V\000S\000F\000L\000X\0004\000\050\000\051}{subsection.4.107.1}% 374
\BOOKMARK [1][-]{section.4.108}{\376\377\0004\000.\0001\0000\0008\000\040\000s\000r\000c\000/\000n\000a\000v\000i\000e\000r\000-\000s\000t\000o\000k\000e\000s\000/\000w\000s\000k\000i\000n\000.\000F\000\040\000F\000i\000l\000e\000\040\000R\000e\000f\000e\000r\000e\000n\000c\000e}{chapter.4}% 375
\BOOKMARK [2][-]{subsection.4.108.1}{\376\377\0004\000.\0001\0000\0008\000.\0001\000\040\000F\000u\000n\000c\000t\000i\000o\000n\000/\000S\000u\000b\000r\000o\000u\000t\000i\000n\000e\000\040\000D\000o\000c\000u\000m\000e\000n\000t\000a\000t\000i\000o\000n}{section.4.108}% 376
\BOOKMARK [3][-]{subsubsection.4.108.1.1}{\376\377\0004\000.\0001\0000\0008\000.\0001\000.\0001\000\040\000W\000S\000K\000I\000N\000\050\000\051}{subsection.4.108.1}% 377
\BOOKMARK [1][-]{section.4.109}{\376\377\0004\000.\0001\0000\0009\000\040\000s\000r\000c\000/\000s\000c\000a\000l\000a\000r\000/\000a\000d\000v\000e\000c\000t\000.\000f\000\040\000F\000i\000l\000e\000\040\000R\000e\000f\000e\000r\000e\000n\000c\000e}{chapter.4}% 378
\BOOKMARK [2][-]{subsection.4.109.1}{\376\377\0004\000.\0001\0000\0009\000.\0001\000\040\000F\000u\000n\000c\000t\000i\000o\000n\000/\000S\000u\000b\000r\000o\000u\000t\000i\000n\000e\000\040\000D\000o\000c\000u\000m\000e\000n\000t\000a\000t\000i\000o\000n}{section.4.109}% 379
\BOOKMARK [3][-]{subsubsection.4.109.1.1}{\376\377\0004\000.\0001\0000\0009\000.\0001\000.\0001\000\040\000A\000D\000V\000E\000C\000T\000\050\000\051}{subsection.4.109.1}% 380
\BOOKMARK [3][-]{subsubsection.4.109.1.2}{\376\377\0004\000.\0001\0000\0009\000.\0001\000.\0002\000\040\000F\000U\000N\000S\000O\000U\0001\000\050\000\051}{subsection.4.109.1}% 381
