This is pdfTeX, Version 3.14159265-2.6-1.40.20 (TeX Live 2019/Debian) (preloaded format=pdflatex 2021.4.1)  23 AUG 2021 10:56
entering extended mode
 restricted \write18 enabled.
 %&-line parsing enabled.
**refman
(./refman.tex
LaTeX2e <2020-02-02> patch level 2
L3 programming layer <2020-02-14>
(/usr/share/texlive/texmf-dist/tex/latex/base/book.cls
Document Class: book 2019/12/20 v1.4l Standard LaTeX document class
(/usr/share/texlive/texmf-dist/tex/latex/base/bk10.clo
File: bk10.clo 2019/12/20 v1.4l Standard LaTeX file (size option)
)
\c@part=\count167
\c@chapter=\count168
\c@section=\count169
\c@subsection=\count170
\c@subsubsection=\count171
\c@paragraph=\count172
\c@subparagraph=\count173
\c@figure=\count174
\c@table=\count175
\abovecaptionskip=\skip47
\belowcaptionskip=\skip48
\bibindent=\dimen134
)
(/usr/share/texlive/texmf-dist/tex/latex/base/ifthen.sty
Package: ifthen 2014/09/29 v1.1c Standard LaTeX ifthen package (DPC)
)
(/usr/share/texlive/texmf-dist/tex/latex/tools/array.sty
Rollback for package 'array' requested -> date 2016-10-06.
         Best approximation is the release introduced on 2016-10-06.

(/usr/share/texlive/texmf-dist/tex/latex/tools/array-2016-10-06.sty
Package: array 2016/10/06 v2.4d Tabular extension package (FMi)
\col@sep=\dimen135
\extrarowheight=\dimen136
\NC@list=\toks14
\extratabsurround=\skip49
\backup@length=\skip50
))
(/usr/share/texlive/texmf-dist/tex/latex/base/fixltx2e.sty
Package: fixltx2e 2016/12/29 v2.1a fixes to LaTeX (obsolete)
Applying: [2015/01/01] Old fixltx2e package on input line 46.


Package fixltx2e Warning: fixltx2e is not required with releases after 2015
(fixltx2e)                All fixes are now in the LaTeX kernel.
(fixltx2e)                See the latexrelease package for details.

Already applied: [0000/00/00] Old fixltx2e package on input line 53.
) (/usr/share/texlive/texmf-dist/tex/latex/tools/calc.sty
Package: calc 2017/05/25 v4.3 Infix arithmetic (KKT,FJ)
\calc@Acount=\count176
\calc@Bcount=\count177
\calc@Adimen=\dimen137
\calc@Bdimen=\dimen138
\calc@Askip=\skip51
\calc@Bskip=\skip52
LaTeX Info: Redefining \setlength on input line 80.
LaTeX Info: Redefining \addtolength on input line 81.
\calc@Ccount=\count178
\calc@Cskip=\skip53
) (./doxygen.sty
Package: doxygen 

(/usr/share/texlive/texmf-dist/tex/latex/base/alltt.sty
Package: alltt 1997/06/16 v2.0g defines alltt environment
)
(/usr/share/texlive/texmf-dist/tex/latex/float/float.sty
Package: float 2001/11/08 v1.3d Float enhancements (AL)
\c@float@type=\count179
\float@exts=\toks15
\float@box=\box45
\@float@everytoks=\toks16
\@floatcapt=\box46
)
(/usr/share/texlive/texmf-dist/tex/latex/tools/verbatim.sty
Package: verbatim 2019/11/10 v1.5r LaTeX2e package for verbatim enhancements
\every@verbatim=\toks17
\verbatim@line=\toks18
\verbatim@in@stream=\read2
)
(/usr/share/texlive/texmf-dist/tex/latex/xcolor/xcolor.sty
Package: xcolor 2016/05/11 v2.12 LaTeX color extensions (UK)

(/usr/share/texlive/texmf-dist/tex/latex/graphics-cfg/color.cfg
File: color.cfg 2016/01/02 v1.6 sample color configuration
)
Package xcolor Info: Driver file: pdftex.def on input line 225.

(/usr/share/texlive/texmf-dist/tex/latex/graphics-def/pdftex.def
File: pdftex.def 2018/01/08 v1.0l Graphics/color driver for pdftex
)
(/usr/share/texlive/texmf-dist/tex/latex/colortbl/colortbl.sty
Package: colortbl 2020/01/04 v1.0e Color table columns (DPC)
\everycr=\toks19
\minrowclearance=\skip54
)
\rownum=\count180
Package xcolor Info: Model `cmy' substituted by `cmy0' on input line 1348.
Package xcolor Info: Model `hsb' substituted by `rgb' on input line 1352.
Package xcolor Info: Model `RGB' extended on input line 1364.
Package xcolor Info: Model `HTML' substituted by `rgb' on input line 1366.
Package xcolor Info: Model `Hsb' substituted by `hsb' on input line 1367.
Package xcolor Info: Model `tHsb' substituted by `hsb' on input line 1368.
Package xcolor Info: Model `HSB' substituted by `hsb' on input line 1369.
Package xcolor Info: Model `Gray' substituted by `gray' on input line 1370.
Package xcolor Info: Model `wave' substituted by `hsb' on input line 1371.
)
(./longtable_doxygen.sty
Package: longtable_doxygen 2014/10/28 v4.11 Multi-page Table package (DPC) - fr
ozen version for doxygen
\LTleft=\skip55
\LTright=\skip56
\LTpre=\skip57
\LTpost=\skip58
\LTchunksize=\count181
\LTcapwidth=\dimen139
\LT@head=\box47
\LT@firsthead=\box48
\LT@foot=\box49
\LT@lastfoot=\box50
\LT@cols=\count182
\LT@rows=\count183
\c@LT@tables=\count184
\c@LT@chunks=\count185
\LT@p@ftn=\toks20
) (./tabu_doxygen.sty
Package: tabu_doxygen 2011/02/26 v2.8 - flexible LaTeX tabulars (FC), frozen ve
rsion for doxygen

(/usr/share/texlive/texmf-dist/tex/latex/varwidth/varwidth.sty
Package: varwidth 2009/03/30 ver 0.92;  Variable-width minipages
\@vwid@box=\box51
\sift@deathcycles=\count186
\@vwid@loff=\dimen140
\@vwid@roff=\dimen141
)
\c@taburow=\count187
\tabu@nbcols=\count188
\tabu@cnt=\count189
\tabu@Xcol=\count190
\tabu@alloc=\count191
\tabu@nested=\count192
\tabu@target=\dimen142
\tabu@spreadtarget=\dimen143
\tabu@naturalX=\dimen144
\tabucolX=\dimen145
\tabu@Xsum=\dimen146
\extrarowdepth=\dimen147
\abovetabulinesep=\dimen148
\belowtabulinesep=\dimen149
\tabustrutrule=\dimen150
\tabu@thebody=\toks21
\tabu@footnotes=\toks22
\tabu@box=\box52
\tabu@arstrutbox=\box53
\tabu@hleads=\box54
\tabu@vleads=\box55
\tabu@cellskip=\skip59
)
(/usr/share/texlive/texmf-dist/tex/latex/fancyvrb/fancyvrb.sty
Package: fancyvrb 2020/01/13 v3.5 verbatim text (tvz,hv)

(/usr/share/texlive/texmf-dist/tex/latex/graphics/keyval.sty
Package: keyval 2014/10/28 v1.15 key=value parser (DPC)
\KV@toks@=\toks23
)
\FV@CodeLineNo=\count193
\FV@InFile=\read3
\FV@TabBox=\box56
\c@FancyVerbLine=\count194
\FV@StepNumber=\count195
\FV@OutFile=\write3
)
(/usr/share/texlive/texmf-dist/tex/latex/tools/tabularx.sty
Package: tabularx 2020/01/15 v2.11c `tabularx' package (DPC)
\TX@col@width=\dimen151
\TX@old@table=\dimen152
\TX@old@col=\dimen153
\TX@target=\dimen154
\TX@delta=\dimen155
\TX@cols=\count196
\TX@ftn=\toks24
)
(/usr/share/texlive/texmf-dist/tex/latex/multirow/multirow.sty
Package: multirow 2019/05/31 v2.5 Span multiple rows of a table
\multirow@colwidth=\skip60
\multirow@cntb=\count197
\multirow@dima=\skip61
\bigstrutjot=\dimen156
)
(/usr/share/texlive/texmf-dist/tex/latex/hanging/hanging.sty
Package: hanging 2009/09/02 v1.2b hanging paragraphs and punctuation
\h@ngcommawd=\skip62
\h@ngfstopwd=\skip63
\h@ngquotewd=\skip64
\h@ngdquotewd=\skip65
\h@ngquerywd=\skip66
\h@ngexclwd=\skip67
\h@ngcolonwd=\skip68
\h@ngscolonwd=\skip69
)
(/usr/share/texlive/texmf-dist/tex/generic/iftex/ifpdf.sty
Package: ifpdf 2019/10/25 v3.4 ifpdf legacy package. Use iftex instead.

(/usr/share/texlive/texmf-dist/tex/generic/iftex/iftex.sty
Package: iftex 2019/11/07 v1.0c TeX engine tests
))
(/usr/share/texlive/texmf-dist/tex/latex/adjustbox/adjustbox.sty
Package: adjustbox 2019/01/04 v1.2 Adjusting TeX boxes (trim, clip, ...)

(/usr/share/texlive/texmf-dist/tex/latex/xkeyval/xkeyval.sty
Package: xkeyval 2014/12/03 v2.7a package option processing (HA)

(/usr/share/texlive/texmf-dist/tex/generic/xkeyval/xkeyval.tex
(/usr/share/texlive/texmf-dist/tex/generic/xkeyval/xkvutils.tex
\XKV@toks=\toks25
\XKV@tempa@toks=\toks26
)
\XKV@depth=\count198
File: xkeyval.tex 2014/12/03 v2.7a key=value parser (HA)
))
(/usr/share/texlive/texmf-dist/tex/latex/adjustbox/adjcalc.sty
Package: adjcalc 2012/05/16 v1.1 Provides advanced setlength with multiple back
-ends (calc, etex, pgfmath)
)
(/usr/share/texlive/texmf-dist/tex/latex/adjustbox/trimclip.sty
Package: trimclip 2018/04/08 v1.1 Trim and clip general TeX material

(/usr/share/texlive/texmf-dist/tex/latex/graphics/graphicx.sty
Package: graphicx 2019/11/30 v1.2a Enhanced LaTeX Graphics (DPC,SPQR)

(/usr/share/texlive/texmf-dist/tex/latex/graphics/graphics.sty
Package: graphics 2019/11/30 v1.4a Standard LaTeX Graphics (DPC,SPQR)

(/usr/share/texlive/texmf-dist/tex/latex/graphics/trig.sty
Package: trig 2016/01/03 v1.10 sin cos tan (DPC)
)
(/usr/share/texlive/texmf-dist/tex/latex/graphics-cfg/graphics.cfg
File: graphics.cfg 2016/06/04 v1.11 sample graphics configuration
)
Package graphics Info: Driver file: pdftex.def on input line 105.
)
\Gin@req@height=\dimen157
\Gin@req@width=\dimen158
)
(/usr/share/texlive/texmf-dist/tex/latex/collectbox/collectbox.sty
Package: collectbox 2012/05/17 v0.4b Collect macro arguments as boxes
\collectedbox=\box57
)
\tc@llx=\dimen159
\tc@lly=\dimen160
\tc@urx=\dimen161
\tc@ury=\dimen162
Package trimclip Info: Using driver 'tc-pdftex.def'.

(/usr/share/texlive/texmf-dist/tex/latex/adjustbox/tc-pdftex.def
File: tc-pdftex.def 2019/01/04 v2.2 Clipping driver for pdftex
))
\adjbox@Width=\dimen163
\adjbox@Height=\dimen164
\adjbox@Depth=\dimen165
\adjbox@Totalheight=\dimen166
\adjbox@pwidth=\dimen167
\adjbox@pheight=\dimen168
\adjbox@pdepth=\dimen169
\adjbox@ptotalheight=\dimen170

(/usr/share/texlive/texmf-dist/tex/latex/ifoddpage/ifoddpage.sty
Package: ifoddpage 2016/04/23 v1.1 Conditionals for odd/even page detection
\c@checkoddpage=\count199
))
(/usr/share/texlive/texmf-dist/tex/latex/amsfonts/amssymb.sty
Package: amssymb 2013/01/14 v3.01 AMS font symbols

(/usr/share/texlive/texmf-dist/tex/latex/amsfonts/amsfonts.sty
Package: amsfonts 2013/01/14 v3.01 Basic AMSFonts support
\@emptytoks=\toks27
\symAMSa=\mathgroup4
\symAMSb=\mathgroup5
LaTeX Font Info:    Redeclaring math symbol \hbar on input line 98.
LaTeX Font Info:    Overwriting math alphabet `\mathfrak' in version `bold'
(Font)                  U/euf/m/n --> U/euf/b/n on input line 106.
))
(/usr/share/texlive/texmf-dist/tex/latex/stackengine/stackengine.sty
Package: stackengine 2017/02/13 v4.01\ Stacking text and objects in convenient 
ways

(/usr/share/texlive/texmf-dist/tex/latex/etoolbox/etoolbox.sty
Package: etoolbox 2019/09/21 v2.5h e-TeX tools for LaTeX (JAW)
\etb@tempcnta=\count266
)
(/usr/share/texlive/texmf-dist/tex/generic/listofitems/listofitems.sty
(/usr/share/texlive/texmf-dist/tex/generic/listofitems/listofitems.tex
\loi_cnt_foreach_nest=\count267
\loi_nestcnt=\count268
)
Package: listofitems 2019/08/21 v1.63 Grab items in lists using user-specified 
sep char (CT)
)
\c@@stackindex=\count269
\@boxshift=\skip70
\stack@tmplength=\skip71
\temp@stkl=\skip72
\@stackedboxwidth=\skip73
\@addedbox=\box58
\@anchorbox=\box59
\stackedbox=\box60
\@centerbox=\box61
\c@ROWcellindex@=\count270
)
(/usr/share/texlive/texmf-dist/tex/generic/ulem/ulem.sty
\UL@box=\box62
\UL@hyphenbox=\box63
\UL@skip=\skip74
\UL@hook=\toks28
\UL@height=\dimen171
\UL@pe=\count271
\UL@pixel=\dimen172
\ULC@box=\box64
Package: ulem 2019/11/18
\ULdepth=\dimen173
)
\xrefbox=\box65
\xreflength=\skip75
\CodeWidthChar=\skip76
\CodeHeightChar=\skip77
\DoxyCodeWidth=\skip78
)
(/usr/share/texlive/texmf-dist/tex/latex/base/inputenc.sty
Package: inputenc 2018/08/11 v1.3c Input encoding file
\inpenc@prehook=\toks29
\inpenc@posthook=\toks30
)
(/usr/share/texlive/texmf-dist/tex/latex/base/makeidx.sty
Package: makeidx 2014/09/29 v1.0m Standard LaTeX package
)
(/usr/share/texlive/texmf-dist/tex/latex/tools/multicol.sty
Package: multicol 2019/12/09 v1.8y multicolumn formatting (FMi)
\c@tracingmulticols=\count272
\mult@box=\box66
\multicol@leftmargin=\dimen174
\c@unbalance=\count273
\c@collectmore=\count274
\doublecol@number=\count275
\multicoltolerance=\count276
\multicolpretolerance=\count277
\full@width=\dimen175
\page@free=\dimen176
\premulticols=\dimen177
\postmulticols=\dimen178
\multicolsep=\skip79
\multicolbaselineskip=\skip80
\partial@page=\box67
\last@line=\box68
\maxbalancingoverflow=\dimen179
\mult@rightbox=\box69
\mult@grightbox=\box70
\mult@gfirstbox=\box71
\mult@firstbox=\box72
\@tempa=\box73
\@tempa=\box74
\@tempa=\box75
\@tempa=\box76
\@tempa=\box77
\@tempa=\box78
\@tempa=\box79
\@tempa=\box80
\@tempa=\box81
\@tempa=\box82
\@tempa=\box83
\@tempa=\box84
\@tempa=\box85
\@tempa=\box86
\@tempa=\box87
\@tempa=\box88
\@tempa=\box89
\@tempa=\box90
\@tempa=\box91
\@tempa=\box92
\@tempa=\box93
\@tempa=\box94
\@tempa=\box95
\@tempa=\box96
\@tempa=\box97
\@tempa=\box98
\@tempa=\box99
\@tempa=\box100
\@tempa=\box101
\@tempa=\box102
\@tempa=\box103
\@tempa=\box104
\@tempa=\box105
\@tempa=\box106
\@tempa=\box107
\@tempa=\box108
\@tempa=\box109
\c@minrows=\count278
\c@columnbadness=\count279
\c@finalcolumnbadness=\count280
\last@try=\dimen180
\multicolovershoot=\dimen181
\multicolundershoot=\dimen182
\mult@nat@firstbox=\box110
\colbreak@box=\box111
\mc@col@check@num=\count281
)
(/usr/share/texlive/texmf-dist/tex/latex/base/textcomp.sty
Package: textcomp 2020/02/02 v2.0n Standard LaTeX package
)
(/usr/share/texlive/texmf-dist/tex/latex/wasysym/wasysym.sty
Package: wasysym 2020/01/19 v2.4 Wasy-2 symbol support package
\symwasy=\mathgroup6
LaTeX Font Info:    Overwriting symbol font `wasy' in version `bold'
(Font)                  U/wasy/m/n --> U/wasy/b/n on input line 93.
)
(/usr/share/texlive/texmf-dist/tex/generic/iftex/ifxetex.sty
Package: ifxetex 2019/10/25 v0.7 ifxetex legacy package. Use iftex instead.
)
(/usr/share/texlive/texmf-dist/tex/latex/base/fontenc.sty
Package: fontenc 2020/02/11 v2.0o Standard LaTeX package
)
(/usr/share/texlive/texmf-dist/tex/latex/psnfss/helvet.sty
Package: helvet 2005/04/12 PSNFSS-v9.2a (WaS) 
)
(/usr/share/texlive/texmf-dist/tex/latex/psnfss/courier.sty
Package: courier 2005/04/12 PSNFSS-v9.2a (WaS) 
)
(/usr/share/texlive/texmf-dist/tex/latex/sectsty/sectsty.sty
Package: sectsty 2002/02/25 v2.0.2 Commands to change all sectional heading sty
les


LaTeX Warning: Command \underbar  has changed.
               Check if current package is valid.


LaTeX Warning: Command \underline  has changed.
               Check if current package is valid.

) (/usr/share/texlive/texmf-dist/tex/latex/geometry/geometry.sty
Package: geometry 2020/01/02 v5.9 Page Geometry

(/usr/share/texlive/texmf-dist/tex/generic/iftex/ifvtex.sty
Package: ifvtex 2019/10/25 v1.7 ifvtex legacy package. Use iftex instead.
)
\Gm@cnth=\count282
\Gm@cntv=\count283
\c@Gm@tempcnt=\count284
\Gm@bindingoffset=\dimen183
\Gm@wd@mp=\dimen184
\Gm@odd@mp=\dimen185
\Gm@even@mp=\dimen186
\Gm@layoutwidth=\dimen187
\Gm@layoutheight=\dimen188
\Gm@layouthoffset=\dimen189
\Gm@layoutvoffset=\dimen190
\Gm@dimlist=\toks31
)
(/usr/share/texlive/texmf-dist/tex/latex/fancyhdr/fancyhdr.sty
Package: fancyhdr 2019/01/31 v3.10 Extensive control of page headers and footer
s
\f@nch@headwidth=\skip81
\f@nch@O@elh=\skip82
\f@nch@O@erh=\skip83
\f@nch@O@olh=\skip84
\f@nch@O@orh=\skip85
\f@nch@O@elf=\skip86
\f@nch@O@erf=\skip87
\f@nch@O@olf=\skip88
\f@nch@O@orf=\skip89
)
(/usr/share/texlive/texmf-dist/tex/latex/natbib/natbib.sty
Package: natbib 2010/09/13 8.31b (PWD, AO)
\bibhang=\skip90
\bibsep=\skip91
LaTeX Info: Redefining \cite on input line 694.
\c@NAT@ctr=\count285
)
(/usr/share/texlive/texmf-dist/tex/latex/tocloft/tocloft.sty
Package: tocloft 2017/08/31 v2.3i parameterised ToC, etc., typesetting
Package tocloft Info: The document has chapter divisions on input line 51.
\cftparskip=\skip92
\cftbeforetoctitleskip=\skip93
\cftaftertoctitleskip=\skip94
\cftbeforepartskip=\skip95
\cftpartnumwidth=\skip96
\cftpartindent=\skip97
\cftbeforechapskip=\skip98
\cftchapindent=\skip99
\cftchapnumwidth=\skip100
\cftbeforesecskip=\skip101
\cftsecindent=\skip102
\cftsecnumwidth=\skip103
\cftbeforesubsecskip=\skip104
\cftsubsecindent=\skip105
\cftsubsecnumwidth=\skip106
\cftbeforesubsubsecskip=\skip107
\cftsubsubsecindent=\skip108
\cftsubsubsecnumwidth=\skip109
\cftbeforeparaskip=\skip110
\cftparaindent=\skip111
\cftparanumwidth=\skip112
\cftbeforesubparaskip=\skip113
\cftsubparaindent=\skip114
\cftsubparanumwidth=\skip115
\cftbeforeloftitleskip=\skip116
\cftafterloftitleskip=\skip117
\cftbeforefigskip=\skip118
\cftfigindent=\skip119
\cftfignumwidth=\skip120
\c@lofdepth=\count286
\c@lotdepth=\count287
\cftbeforelottitleskip=\skip121
\cftafterlottitleskip=\skip122
\cftbeforetabskip=\skip123
\cfttabindent=\skip124
\cfttabnumwidth=\skip125
)
\@indexfile=\write4
\openout4 = `refman.idx'.


Writing index file refman.idx
(/usr/share/texlive/texmf-dist/tex/latex/newunicodechar/newunicodechar.sty
Package: newunicodechar 2018/04/08 v1.2 Defining Unicode characters
)

Package newunicodechar Warning: Redefining Unicode character on input line 112.



Package newunicodechar Warning: Redefining Unicode character on input line 113.


(/usr/share/texlive/texmf-dist/tex/latex/hyperref/hyperref.sty
Package: hyperref 2020/01/14 v7.00d Hypertext links for LaTeX

(/usr/share/texlive/texmf-dist/tex/generic/ltxcmds/ltxcmds.sty
Package: ltxcmds 2019/12/15 v1.24 LaTeX kernel commands for general use (HO)
)
(/usr/share/texlive/texmf-dist/tex/latex/pdftexcmds/pdftexcmds.sty
Package: pdftexcmds 2019/11/24 v0.31 Utility functions of pdfTeX for LuaTeX (HO
)

(/usr/share/texlive/texmf-dist/tex/generic/infwarerr/infwarerr.sty
Package: infwarerr 2019/12/03 v1.5 Providing info/warning/error messages (HO)
)
Package pdftexcmds Info: \pdf@primitive is available.
Package pdftexcmds Info: \pdf@ifprimitive is available.
Package pdftexcmds Info: \pdfdraftmode found.
)
(/usr/share/texlive/texmf-dist/tex/generic/kvsetkeys/kvsetkeys.sty
Package: kvsetkeys 2019/12/15 v1.18 Key value parser (HO)
)
(/usr/share/texlive/texmf-dist/tex/generic/kvdefinekeys/kvdefinekeys.sty
Package: kvdefinekeys 2019-12-19 v1.6 Define keys (HO)
)
(/usr/share/texlive/texmf-dist/tex/generic/pdfescape/pdfescape.sty
Package: pdfescape 2019/12/09 v1.15 Implements pdfTeX's escape features (HO)
)
(/usr/share/texlive/texmf-dist/tex/latex/hycolor/hycolor.sty
Package: hycolor 2020-01-27 v1.10 Color options for hyperref/bookmark (HO)
)
(/usr/share/texlive/texmf-dist/tex/latex/letltxmacro/letltxmacro.sty
Package: letltxmacro 2019/12/03 v1.6 Let assignment for LaTeX macros (HO)
)
(/usr/share/texlive/texmf-dist/tex/latex/auxhook/auxhook.sty
Package: auxhook 2019-12-17 v1.6 Hooks for auxiliary files (HO)
)
(/usr/share/texlive/texmf-dist/tex/latex/kvoptions/kvoptions.sty
Package: kvoptions 2019/11/29 v3.13 Key value format for package options (HO)
)
\@linkdim=\dimen191
\Hy@linkcounter=\count288
\Hy@pagecounter=\count289

(/usr/share/texlive/texmf-dist/tex/latex/hyperref/pd1enc.def
File: pd1enc.def 2020/01/14 v7.00d Hyperref: PDFDocEncoding definition (HO)
Now handling font encoding PD1 ...
... no UTF-8 mapping file for font encoding PD1
)
(/usr/share/texlive/texmf-dist/tex/generic/intcalc/intcalc.sty
Package: intcalc 2019/12/15 v1.3 Expandable calculations with integers (HO)
)
(/usr/share/texlive/texmf-dist/tex/generic/etexcmds/etexcmds.sty
Package: etexcmds 2019/12/15 v1.7 Avoid name clashes with e-TeX commands (HO)
)
\Hy@SavedSpaceFactor=\count290
\pdfmajorversion=\count291
Package hyperref Info: Hyper figures OFF on input line 4547.
Package hyperref Info: Link nesting OFF on input line 4552.
Package hyperref Info: Hyper index ON on input line 4555.
Package hyperref Info: Plain pages OFF on input line 4562.
Package hyperref Info: Backreferencing ON on input line 4565.
Package hyperref Info: Implicit mode ON; LaTeX internals redefined.
Package hyperref Info: Bookmarks ON on input line 4800.

(/usr/share/texlive/texmf-dist/tex/latex/hyperref/backref.sty
Package: backref 2020/01/14 v1.40 Bibliographical back referencing

(/usr/share/texlive/texmf-dist/tex/latex/rerunfilecheck/rerunfilecheck.sty
Package: rerunfilecheck 2019/12/05 v1.9 Rerun checks for auxiliary files (HO)

(/usr/share/texlive/texmf-dist/tex/latex/atveryend/atveryend.sty
Package: atveryend 2019-12-11 v1.11 Hooks at the very end of document (HO)
)
(/usr/share/texlive/texmf-dist/tex/generic/uniquecounter/uniquecounter.sty
Package: uniquecounter 2019/12/15 v1.4 Provide unlimited unique counter (HO)

(/usr/share/texlive/texmf-dist/tex/generic/bigintcalc/bigintcalc.sty
Package: bigintcalc 2019/12/15 v1.5 Expandable calculations on big integers (HO
)
))
Package uniquecounter Info: New unique counter `rerunfilecheck' on input line 2
86.
))
\c@Hy@tempcnt=\count292

(/usr/share/texlive/texmf-dist/tex/latex/url/url.sty
\Urlmuskip=\muskip16
Package: url 2013/09/16  ver 3.4  Verb mode for urls, etc.
)
LaTeX Info: Redefining \url on input line 5159.
\XeTeXLinkMargin=\dimen192

(/usr/share/texlive/texmf-dist/tex/generic/bitset/bitset.sty
Package: bitset 2019/12/09 v1.3 Handle bit-vector datatype (HO)
)
\Fld@menulength=\count293
\Field@Width=\dimen193
\Fld@charsize=\dimen194
Package hyperref Info: Hyper figures OFF on input line 6430.
Package hyperref Info: Link nesting OFF on input line 6435.
Package hyperref Info: Hyper index ON on input line 6438.
Package hyperref Info: backreferencing ON on input line 6443.
Package hyperref Info: Link coloring OFF on input line 6450.
Package hyperref Info: Link coloring with OCG OFF on input line 6455.
Package hyperref Info: PDF/A mode OFF on input line 6460.
LaTeX Info: Redefining \ref on input line 6500.
LaTeX Info: Redefining \pageref on input line 6504.

(/usr/share/texlive/texmf-dist/tex/generic/atbegshi/atbegshi.sty
Package: atbegshi 2019/12/05 v1.19 At begin shipout hook (HO)
)
\Hy@abspage=\count294
\c@Item=\count295
\c@Hfootnote=\count296
)
Package hyperref Info: Driver: hpdftex.

(/usr/share/texlive/texmf-dist/tex/latex/hyperref/hpdftex.def
File: hpdftex.def 2020/01/14 v7.00d Hyperref driver for pdfTeX
\Fld@listcount=\count297
\c@bookmark@seq@number=\count298
\Hy@SectionHShift=\skip126
)
Package hyperref Info: Option `colorlinks' set `true' on input line 131.
Package hyperref Info: Option `unicode' set `true' on input line 131.

(/usr/share/texlive/texmf-dist/tex/latex/hyperref/puenc.def
File: puenc.def 2020/01/14 v7.00d Hyperref: PDF Unicode definition (HO)
Now handling font encoding PU ...
... no UTF-8 mapping file for font encoding PU
)
(/usr/share/texlive/texmf-dist/tex/latex/caption/caption.sty
Package: caption 2020/01/03 v3.4h Customizing captions (AR)

(/usr/share/texlive/texmf-dist/tex/latex/caption/caption3.sty
Package: caption3 2020/01/03 v1.8h caption3 kernel (AR)
Package caption3 Info: TeX engine: e-TeX on input line 61.
\captionmargin=\dimen195
\captionmargin@=\dimen196
\captionwidth=\dimen197
\caption@tempdima=\dimen198
\caption@indent=\dimen199
\caption@parindent=\dimen256
\caption@hangindent=\dimen257
Package caption Info: Standard document class detected.
)
\c@caption@flags=\count299
\c@continuedfloat=\count300
Package caption Info: float package is loaded.
Package caption Info: hyperref package is loaded.
Package caption Info: longtable package is loaded.

(/usr/share/texlive/texmf-dist/tex/latex/caption/ltcaption.sty
Package: ltcaption 2018/08/26 v1.4a longtable captions (AR)
))
(/usr/share/texlive/texmf-dist/tex/latex/etoc/etoc.sty
Package: etoc 2019/11/17 v1.09b Completely customisable TOCs (JFB)
\Etoc@toctoks=\toks32
\c@etoc@tocid=\count301
\c@etoc@tocdepth=\count302
\etoc@framed@titlebox=\box112
\etoc@framed@contentsbox=\box113
)
(/usr/share/texlive/texmf-dist/tex/latex/l3backend/l3backend-pdfmode.def
File: l3backend-pdfmode.def 2020-02-03 L3 backend support: PDF mode
\l__kernel_color_stack_int=\count303
\l__pdf_internal_box=\box114
)
No file refman.aux.
\openout1 = `refman.aux'.

LaTeX Font Info:    Checking defaults for OML/cmm/m/it on input line 146.
LaTeX Font Info:    ... okay on input line 146.
LaTeX Font Info:    Checking defaults for OMS/cmsy/m/n on input line 146.
LaTeX Font Info:    ... okay on input line 146.
LaTeX Font Info:    Checking defaults for OT1/cmr/m/n on input line 146.
LaTeX Font Info:    ... okay on input line 146.
LaTeX Font Info:    Checking defaults for T1/cmr/m/n on input line 146.
LaTeX Font Info:    ... okay on input line 146.
LaTeX Font Info:    Checking defaults for TS1/cmr/m/n on input line 146.
LaTeX Font Info:    ... okay on input line 146.
LaTeX Font Info:    Checking defaults for OMX/cmex/m/n on input line 146.
LaTeX Font Info:    ... okay on input line 146.
LaTeX Font Info:    Checking defaults for U/cmr/m/n on input line 146.
LaTeX Font Info:    ... okay on input line 146.
LaTeX Font Info:    Checking defaults for PD1/pdf/m/n on input line 146.
LaTeX Font Info:    ... okay on input line 146.
LaTeX Font Info:    Checking defaults for PU/pdf/m/n on input line 146.
LaTeX Font Info:    ... okay on input line 146.
LaTeX Font Info:    Trying to load font information for T1+phv on input line 14
6.
(/usr/share/texlive/texmf-dist/tex/latex/psnfss/t1phv.fd
File: t1phv.fd 2001/06/04 scalable font definitions for T1/phv.
)
LaTeX Font Info:    Font shape `T1/phv/m/n' will be
(Font)              scaled to size 8.99994pt on input line 146.

(/usr/share/texlive/texmf-dist/tex/context/base/mkii/supp-pdf.mkii
[Loading MPS to PDF converter (version 2006.09.02).]
\scratchcounter=\count304
\scratchdimen=\dimen258
\scratchbox=\box115
\nofMPsegments=\count305
\nofMParguments=\count306
\everyMPshowfont=\toks33
\MPscratchCnt=\count307
\MPscratchDim=\dimen259
\MPnumerator=\count308
\makeMPintoPDFobject=\count309
\everyMPtoPDFconversion=\toks34
) (/usr/share/texlive/texmf-dist/tex/latex/epstopdf-pkg/epstopdf-base.sty
Package: epstopdf-base 2020-01-24 v2.11 Base part for package epstopdf
Package epstopdf-base Info: Redefining graphics rule for `.eps' on input line 4
85.

(/usr/share/texlive/texmf-dist/tex/latex/latexconfig/epstopdf-sys.cfg
File: epstopdf-sys.cfg 2010/07/13 v1.3 Configuration of (r)epstopdf for TeX Liv
e
))
*geometry* driver: auto-detecting
*geometry* detected driver: pdftex
*geometry* verbose mode - [ preamble ] result:
* driver: pdftex
* paper: a4paper
* layout: <same size as paper>
* layoutoffset:(h,v)=(0.0pt,0.0pt)
* modes: twoside 
* h-part:(L,W,R)=(71.13188pt, 455.24411pt, 71.13188pt)
* v-part:(T,H,B)=(71.13188pt, 702.78308pt, 71.13188pt)
* \paperwidth=597.50787pt
* \paperheight=845.04684pt
* \textwidth=455.24411pt
* \textheight=702.78308pt
* \oddsidemargin=-1.1381pt
* \evensidemargin=-1.1381pt
* \topmargin=-31.2056pt
* \headheight=12.0pt
* \headsep=18.06749pt
* \topskip=10.0pt
* \footskip=25.29494pt
* \marginparwidth=125.0pt
* \marginparsep=7.0pt
* \columnsep=10.0pt
* \skip\footins=9.0pt plus 4.0pt minus 2.0pt
* \hoffset=0.0pt
* \voffset=0.0pt
* \mag=1000
* \@twocolumnfalse
* \@twosidetrue
* \@mparswitchtrue
* \@reversemarginfalse
* (1in=72.27pt=25.4mm, 1cm=28.453pt)

Package backref Info: ** backref set up for natbib ** on input line 146.
\AtBeginShipoutBox=\box116
Package hyperref Info: Link coloring ON on input line 146.
(/usr/share/texlive/texmf-dist/tex/latex/hyperref/nameref.sty
Package: nameref 2019/09/16 v2.46 Cross-referencing by name of section

(/usr/share/texlive/texmf-dist/tex/latex/refcount/refcount.sty
Package: refcount 2019/12/15 v3.6 Data extraction from label references (HO)
)
(/usr/share/texlive/texmf-dist/tex/generic/gettitlestring/gettitlestring.sty
Package: gettitlestring 2019/12/15 v1.6 Cleanup title references (HO)
)
\c@section@level=\count310
)
LaTeX Info: Redefining \ref on input line 146.
LaTeX Info: Redefining \pageref on input line 146.
LaTeX Info: Redefining \nameref on input line 146.
\@outlinefile=\write5
\openout5 = `refman.out'.

Package caption Info: Begin \AtBeginDocument code.
Package caption Info: End \AtBeginDocument code.

No file refman.toc.
Package hyperref Info: Option `pageanchor' set `false' on input line 152.
Package hyperref Info: Option `bookmarksnumbered' set `true' on input line 152.

Package hyperref Info: Option `unicode' set `true' on input line 152.
LaTeX Font Info:    Font shape `T1/phv/m/n' will be
(Font)              scaled to size 12.9599pt on input line 157.
LaTeX Font Info:    Font shape `T1/phv/m/n' will be
(Font)              scaled to size 10.79993pt on input line 157.
LaTeX Font Info:    Font shape `T1/phv/m/n' will be
(Font)              scaled to size 6.29996pt on input line 157.
LaTeX Font Info:    Trying to load font information for U+msa on input line 157
.
(/usr/share/texlive/texmf-dist/tex/latex/amsfonts/umsa.fd
File: umsa.fd 2013/01/14 v3.01 AMS symbols A
)
LaTeX Font Info:    Trying to load font information for U+msb on input line 157
.

(/usr/share/texlive/texmf-dist/tex/latex/amsfonts/umsb.fd
File: umsb.fd 2013/01/14 v3.01 AMS symbols B
)
LaTeX Font Info:    Trying to load font information for U+wasy on input line 15
7.

(/usr/share/texlive/texmf-dist/tex/latex/wasysym/uwasy.fd
File: uwasy.fd 2020/01/19 v2.4 Wasy-2 symbol font definitions
) [1


{/var/lib/texmf/fonts/map/pdftex/updmap/pdftex.map}] [2

]
\tf@toc=\write6
\openout6 = `refman.toc'.

Package hyperref Info: Option `pageanchor' set `true' on input line 167.

Chapter 1.
LaTeX Font Info:    Font shape `T1/phv/m/n' will be
(Font)              scaled to size 18.66588pt on input line 170.
LaTeX Font Info:    Font shape `T1/phv/b/n' will be
(Font)              scaled to size 18.66588pt on input line 170.
LaTeX Font Info:    Font shape `T1/phv/bc/n' will be
(Font)              scaled to size 18.66588pt on input line 170.
LaTeX Font Info:    Font shape `T1/phv/m/n' will be
(Font)              scaled to size 22.39185pt on input line 170.
LaTeX Font Info:    Font shape `T1/phv/b/n' will be
(Font)              scaled to size 22.39185pt on input line 170.
LaTeX Font Info:    Font shape `T1/phv/bc/n' will be
(Font)              scaled to size 22.39185pt on input line 170.
(./todo.tex
LaTeX Font Info:    Font shape `T1/phv/b/n' will be
(Font)              scaled to size 8.99994pt on input line 3.
LaTeX Font Info:    Font shape `T1/phv/b/n' will be
(Font)              scaled to size 6.29996pt on input line 3.
LaTeX Font Info:    Trying to load font information for T1+pcr on input line 10
.
 (/usr/share/texlive/texmf-dist/tex/latex/psnfss/t1pcr.fd
File: t1pcr.fd 2001/06/04 font definitions for T1/pcr.
)) [1


]
[2

]
Chapter 2.
(./bug.tex
LaTeX Font Info:    Trying to load font information for TS1+phv on input line 2
9.
 (/usr/share/texlive/texmf-dist/tex/latex/psnfss/ts1phv.fd
File: ts1phv.fd 2001/06/04 scalable font definitions for TS1/phv.
)
LaTeX Font Info:    Font shape `TS1/phv/m/n' will be
(Font)              scaled to size 8.99994pt on input line 29.
) [3]
[4

]
Chapter 3.
(./files.tex
LaTeX Font Info:    Font shape `T1/phv/b/n' will be
(Font)              scaled to size 12.9599pt on input line 1.


LaTeX Warning: Reference `boltzeq4_ar_8f' on page 5 undefined on input line 3.


LaTeX Warning: Reference `chemsource_8f90' on page 5 undefined on input line 4.



LaTeX Warning: Reference `currentflux_8_f' on page 5 undefined on input line 5.



LaTeX Warning: Reference `electcond_8f90' on page 5 undefined on input line 6.


LaTeX Warning: Reference `getsigma_8f90' on page 5 undefined on input line 7.


LaTeX Warning: Reference `iondegree4_ar_8f' on page 5 undefined on input line 8
.


LaTeX Warning: Reference `massaction_8f90' on page 5 undefined on input line 9.



LaTeX Warning: Reference `massaction_s_u2_8f90' on page 5 undefined on input li
ne 10.


LaTeX Warning: Reference `ohmsource_8f90' on page 5 undefined on input line 11.



LaTeX Warning: Reference `plasflow__inf_8f' on page 5 undefined on input line 1
2.


LaTeX Warning: Reference `rate_8f90' on page 5 undefined on input line 13.


LaTeX Warning: Reference `read_argon_8f90' on page 5 undefined on input line 14
.


LaTeX Warning: Reference `chemsource_i_i_8f90' on page 5 undefined on input lin
e 15.


LaTeX Warning: Reference `bc28vii_8_f' on page 5 undefined on input line 16.


LaTeX Warning: Reference `bc28vii4_ar_8_f' on page 5 undefined on input line 17
.


LaTeX Warning: Reference `bc28viii_8_f' on page 5 undefined on input line 18.


LaTeX Warning: Reference `bc4vii_8_f' on page 5 undefined on input line 19.


LaTeX Warning: Reference `bc5vii_8_f' on page 5 undefined on input line 20.


LaTeX Warning: Reference `bc5vii4_ar_8_f' on page 5 undefined on input line 21.



LaTeX Warning: Reference `bc5viii_8f' on page 5 undefined on input line 22.


LaTeX Warning: Reference `beta_8f' on page 5 undefined on input line 23.


LaTeX Warning: Reference `check_8f' on page 5 undefined on input line 24.


LaTeX Warning: Reference `cons2parm_8f' on page 5 undefined on input line 25.


LaTeX Warning: Reference `cons2parm4_ar_8f' on page 5 undefined on input line 2
6.


LaTeX Warning: Reference `cons2symm_8f' on page 5 undefined on input line 27.


LaTeX Warning: Reference `eigen___i_i_8_f' on page 5 undefined on input line 28
.


LaTeX Warning: Reference `eigen___i_ibis_8_f' on page 5 undefined on input line
 29.


LaTeX Warning: Reference `eigen___i_x_8_f' on page 5 undefined on input line 30
.


LaTeX Warning: Reference `eigen___v_i_i_8_f' on page 5 undefined on input line 
31.


LaTeX Warning: Reference `eigen___v_i_i_i_8f' on page 5 undefined on input line
 32.


LaTeX Warning: Reference `eigen___x_8_f' on page 5 undefined on input line 33.


LaTeX Warning: Reference `eigen___x_i_8_f' on page 5 undefined on input line 34
.


LaTeX Warning: Reference `eigen___x_i_i_8_f' on page 5 undefined on input line 
35.


LaTeX Warning: Reference `_euler_i_i_8_f' on page 5 undefined on input line 36.



LaTeX Warning: Reference `_euler_i_ibis_8f' on page 5 undefined on input line 3
7.


LaTeX Warning: Reference `_euler_i_x_8f' on page 5 undefined on input line 38.


LaTeX Warning: Reference `_euler_v_i_i_8f' on page 5 undefined on input line 39
.


LaTeX Warning: Reference `_euler_v_i_i_i_8f' on page 5 undefined on input line 
40.


LaTeX Warning: Reference `_euler_x_8f' on page 5 undefined on input line 41.

[5]

LaTeX Warning: Reference `_euler_x_i_8f' on page 6 undefined on input line 42.


LaTeX Warning: Reference `_euler_x_i_i_8f' on page 6 undefined on input line 43
.


LaTeX Warning: Reference `flxale_8f' on page 6 undefined on input line 44.


LaTeX Warning: Reference `flxb4_8f' on page 6 undefined on input line 45.


LaTeX Warning: Reference `flxw2_8f' on page 6 undefined on input line 46.


LaTeX Warning: Reference `flxw4_8f' on page 6 undefined on input line 47.


LaTeX Warning: Reference `frame_8f' on page 6 undefined on input line 48.


LaTeX Warning: Reference `gradprim_8f' on page 6 undefined on input line 49.


LaTeX Warning: Reference `lagmin_8f' on page 6 undefined on input line 50.


LaTeX Warning: Reference `linavg_8f' on page 6 undefined on input line 51.


LaTeX Warning: Reference `linearize_8f' on page 6 undefined on input line 52.


LaTeX Warning: Reference `_matrix_splitting_8f' on page 6 undefined on input li
ne 53.


LaTeX Warning: Reference `matspl_i_i_8_f' on page 6 undefined on input line 54.



LaTeX Warning: Reference `matspl_i_x_8_f' on page 6 undefined on input line 55.



LaTeX Warning: Reference `matspl_v_i_i_8_f' on page 6 undefined on input line 5
6.


LaTeX Warning: Reference `matspl_v_i_i_i_8_f' on page 6 undefined on input line
 57.


LaTeX Warning: Reference `matspl_x_8_f' on page 6 undefined on input line 58.


LaTeX Warning: Reference `matspl_x_i_8_f' on page 6 undefined on input line 59.



LaTeX Warning: Reference `matspl_x_i_i_8_f' on page 6 undefined on input line 6
0.


LaTeX Warning: Reference `parm2char_h_e_8f' on page 6 undefined on input line 6
1.


LaTeX Warning: Reference `parm2cons_8f' on page 6 undefined on input line 62.


LaTeX Warning: Reference `parm2cons4_ar_8f' on page 6 undefined on input line 6
3.


LaTeX Warning: Reference `parm2cons_s_a_8f' on page 6 undefined on input line 6
4.


LaTeX Warning: Reference `parm2prim_8f' on page 6 undefined on input line 65.


LaTeX Warning: Reference `parm2symm_8f' on page 6 undefined on input line 66.


LaTeX Warning: Reference `pforce_8f' on page 6 undefined on input line 67.


LaTeX Warning: Reference `pressc_8f' on page 6 undefined on input line 68.


LaTeX Warning: Reference `pressderiv_8f' on page 6 undefined on input line 69.


LaTeX Warning: Reference `pressi_8f' on page 6 undefined on input line 70.


LaTeX Warning: Reference `symm2cons_8f' on page 6 undefined on input line 71.


LaTeX Warning: Reference `symm2parm_8f' on page 6 undefined on input line 72.


LaTeX Warning: Reference `transf_8f' on page 6 undefined on input line 73.


LaTeX Warning: Reference `vstate_8f' on page 6 undefined on input line 74.


LaTeX Warning: Reference `wall_8f' on page 6 undefined on input line 75.


LaTeX Warning: Reference `aratio_8f' on page 6 undefined on input line 76.


LaTeX Warning: Reference `avgflx_8f' on page 6 undefined on input line 77.


LaTeX Warning: Reference `backup_8f' on page 6 undefined on input line 78.


LaTeX Warning: Reference `bndchk_8f' on page 6 undefined on input line 79.


LaTeX Warning: Reference `cdist_8f' on page 6 undefined on input line 80.


LaTeX Warning: Reference `celnhb_8f' on page 6 undefined on input line 81.


LaTeX Warning: Reference `celptr_8f' on page 6 undefined on input line 82.


LaTeX Warning: Reference `chkflx_8f' on page 6 undefined on input line 83.


LaTeX Warning: Reference `chkflx2_8f' on page 6 undefined on input line 84.


LaTeX Warning: Reference `chkgcl_8f' on page 6 undefined on input line 85.


LaTeX Warning: Reference `chkint_8f' on page 6 undefined on input line 86.


LaTeX Warning: Reference `ff_8f' on page 6 undefined on input line 87.


LaTeX Warning: Reference `getvol_8f' on page 6 undefined on input line 88.


LaTeX Warning: Reference `_mat_get_size_seq_8f' on page 6 undefined on input li
ne 89.


LaTeX Warning: Reference `median_8f' on page 6 undefined on input line 90.


LaTeX Warning: Reference `motion__type_8f' on page 6 undefined on input line 91
.


LaTeX Warning: Reference `mshcnt_8_f' on page 6 undefined on input line 92.


LaTeX Warning: Reference `nodcod_8f' on page 6 undefined on input line 93.


LaTeX Warning: Reference `periodic_8_f' on page 6 undefined on input line 94.


LaTeX Warning: Reference `probe_8f' on page 6 undefined on input line 95.


LaTeX Warning: Reference `rankcl_8f' on page 6 undefined on input line 96.

[6]

LaTeX Warning: Reference `rotate_8f' on page 7 undefined on input line 97.


LaTeX Warning: Reference `seg3d_8f' on page 7 undefined on input line 98.


LaTeX Warning: Reference `setbndflxptr_8f' on page 7 undefined on input line 99
.


LaTeX Warning: Reference `setpto_8f' on page 7 undefined on input line 100.


LaTeX Warning: Reference `subyy_8f' on page 7 undefined on input line 101.


LaTeX Warning: Reference `subyz_8f' on page 7 undefined on input line 102.


LaTeX Warning: Reference `updtp_8f' on page 7 undefined on input line 103.


LaTeX Warning: Reference `bvsflx2_8f' on page 7 undefined on input line 104.


LaTeX Warning: Reference `bvsflx4_8f' on page 7 undefined on input line 105.


LaTeX Warning: Reference `laminar_8f' on page 7 undefined on input line 106.


LaTeX Warning: Reference `sutherlaw_8f' on page 7 undefined on input line 107.


LaTeX Warning: Reference `vsflx2_8f' on page 7 undefined on input line 108.


LaTeX Warning: Reference `vsflx4_8f' on page 7 undefined on input line 109.


LaTeX Warning: Reference `wskin_8_f' on page 7 undefined on input line 110.


LaTeX Warning: Reference `advect_8f' on page 7 undefined on input line 111.


LaTeX Warning: Reference `laplace_8f' on page 7 undefined on input line 112.


LaTeX Warning: Reference `laplace4motion_8f' on page 7 undefined on input line 
113.


LaTeX Warning: Reference `scalar_8f' on page 7 undefined on input line 114.


LaTeX Warning: Reference `source_8f' on page 7 undefined on input line 115.


LaTeX Warning: Reference `tdummy_8f' on page 7 undefined on input line 116.


LaTeX Warning: Reference `visco_8f' on page 7 undefined on input line 117.


LaTeX Warning: Reference `_c_d_s_8f' on page 7 undefined on input line 118.


LaTeX Warning: Reference `_f_c_t__scheme_8_f' on page 7 undefined on input line
 119.


LaTeX Warning: Reference `_f_v__scheme_8f' on page 7 undefined on input line 12
0.


LaTeX Warning: Reference `_f_v_sys__scheme_8f' on page 7 undefined on input lin
e 121.


LaTeX Warning: Reference `_l_d_a2__scheme_8f' on page 7 undefined on input line
 122.


LaTeX Warning: Reference `_l_d_a2_sys__scheme_8_f' on page 7 undefined on input
 line 123.


LaTeX Warning: Reference `_l_d_a__scheme_8f' on page 7 undefined on input line 
124.


LaTeX Warning: Reference `_l_d_a_s__fast_8_f' on page 7 undefined on input line
 125.


LaTeX Warning: Reference `_l_d_a_sqr__scheme_8f' on page 7 undefined on input l
ine 126.


LaTeX Warning: Reference `_l_d_a_sys__scheme_8_f' on page 7 undefined on input 
line 127.


LaTeX Warning: Reference `limiters_8f' on page 7 undefined on input line 128.


LaTeX Warning: Reference `_l_s_sys__scheme_8_f' on page 7 undefined on input li
ne 129.


LaTeX Warning: Reference `_l_w2__scheme_8f' on page 7 undefined on input line 1
30.


LaTeX Warning: Reference `_l_w__scheme_8f' on page 7 undefined on input line 13
1.


LaTeX Warning: Reference `_l_wa_sys__scheme_8_f' on page 7 undefined on input l
ine 132.


LaTeX Warning: Reference `_l_wb_sys__scheme_8_f' on page 7 undefined on input l
ine 133.


LaTeX Warning: Reference `_l_w_sys__scheme_8_f' on page 7 undefined on input li
ne 134.


LaTeX Warning: Reference `_n__scheme_8f' on page 7 undefined on input line 135.



LaTeX Warning: Reference `_n_l2__scheme_8f' on page 7 undefined on input line 1
36.


LaTeX Warning: Reference `_n_l__scheme_8f' on page 7 undefined on input line 13
7.


LaTeX Warning: Reference `_n_s__scheme_8f' on page 7 undefined on input line 13
8.


LaTeX Warning: Reference `_n_sys__scheme_8f' on page 7 undefined on input line 
139.


LaTeX Warning: Reference `petsc__kernel_8c' on page 7 undefined on input line 1
40.


LaTeX Warning: Reference `_p_s_i__scheme_8f' on page 7 undefined on input line 
141.


LaTeX Warning: Reference `_s_d_k__scheme_8f' on page 7 undefined on input line 
142.


LaTeX Warning: Reference `_s_u_p_g__scheme_8f' on page 7 undefined on input lin
e 143.


LaTeX Warning: Reference `test0_8inc' on page 7 undefined on input line 144.


LaTeX Warning: Reference `test1_8inc' on page 7 undefined on input line 145.


LaTeX Warning: Reference `test2_8inc' on page 7 undefined on input line 146.


LaTeX Warning: Reference `_u_c_v_sys__scheme_8_f' on page 7 undefined on input 
line 147.


LaTeX Warning: Reference `unsteady1_8f' on page 7 undefined on input line 148.


LaTeX Warning: Reference `unsteady2_8_f' on page 7 undefined on input line 149.



LaTeX Warning: Reference `unsteady4_8_f' on page 7 undefined on input line 150.



LaTeX Warning: Reference `_v_k_i_b__scheme_8_f' on page 7 undefined on input li
ne 151.


LaTeX Warning: Reference `_application_function_8_f' on page 7 undefined on inp
ut line 152.


LaTeX Warning: Reference `_application_function__t_8_f' on page 7 undefined on 
input line 153.


LaTeX Warning: Reference `blockdata_8f' on page 7 undefined on input line 154.

[7]

LaTeX Warning: Reference `bndry__iset_8_f' on page 8 undefined on input line 15
5.


LaTeX Warning: Reference `bndvflx_8_f' on page 8 undefined on input line 156.


LaTeX Warning: Reference `clearmem_8_f' on page 8 undefined on input line 157.


LaTeX Warning: Reference `exgeo_8_f' on page 8 undefined on input line 158.


LaTeX Warning: Reference `getidx_8f' on page 8 undefined on input line 159.


LaTeX Warning: Reference `getnrm_8f' on page 8 undefined on input line 160.


LaTeX Warning: Reference `ghost_8_f' on page 8 undefined on input line 161.


LaTeX Warning: Reference `ghost2_8_f' on page 8 undefined on input line 162.


LaTeX Warning: Reference `init_8_f' on page 8 undefined on input line 163.


LaTeX Warning: Reference `iset_8_f' on page 8 undefined on input line 164.


LaTeX Warning: Reference `iset__t_8_f' on page 8 undefined on input line 165.


LaTeX Warning: Reference `_jacobian_boundary_conditions_8_f' on page 8 undefine
d on input line 166.


LaTeX Warning: Reference `lhsbc5_8_f' on page 8 undefined on input line 167.


LaTeX Warning: Reference `lhsbc6_8_f' on page 8 undefined on input line 168.


LaTeX Warning: Reference `main_8_f' on page 8 undefined on input line 169.


LaTeX Warning: Reference `_mat_alloca_m_p_i_8_f' on page 8 undefined on input l
ine 170.


LaTeX Warning: Reference `_mat_alloca_seq_8_f' on page 8 undefined on input lin
e 171.


LaTeX Warning: Reference `matsch_8_f' on page 8 undefined on input line 172.


LaTeX Warning: Reference `_motion_solver_8_f' on page 8 undefined on input line
 173.


LaTeX Warning: Reference `my_t_s_8_f' on page 8 undefined on input line 174.


LaTeX Warning: Reference `newgeo_8_f' on page 8 undefined on input line 175.


LaTeX Warning: Reference `nodres_8_f' on page 8 undefined on input line 176.


LaTeX Warning: Reference `nodres__t_8_f' on page 8 undefined on input line 177.



LaTeX Warning: Reference `noname_8f' on page 8 undefined on input line 178.


LaTeX Warning: Reference `printmat_8_f' on page 8 undefined on input line 179.


LaTeX Warning: Reference `printmat2_8_f' on page 8 undefined on input line 180.



LaTeX Warning: Reference `printmatmm_8_f' on page 8 undefined on input line 181
.


LaTeX Warning: Reference `ptest_8f' on page 8 undefined on input line 182.


LaTeX Warning: Reference `qb_8_f' on page 8 undefined on input line 183.


LaTeX Warning: Reference `rdat_8_f' on page 8 undefined on input line 184.


LaTeX Warning: Reference `readat_8_f' on page 8 undefined on input line 185.


LaTeX Warning: Reference `rgrdpts_8_f' on page 8 undefined on input line 186.


LaTeX Warning: Reference `rhsbc1_8_f' on page 8 undefined on input line 187.


LaTeX Warning: Reference `rhsbc4_8_f' on page 8 undefined on input line 188.


LaTeX Warning: Reference `rhsbc5_8_f' on page 8 undefined on input line 189.


LaTeX Warning: Reference `rhsbc5c_8_f' on page 8 undefined on input line 190.


LaTeX Warning: Reference `rhsbc6_8_f' on page 8 undefined on input line 191.


LaTeX Warning: Reference `_r_h_s_function_8_f' on page 8 undefined on input lin
e 192.


LaTeX Warning: Reference `_r_h_s_function__t_8_f' on page 8 undefined on input 
line 193.


LaTeX Warning: Reference `_r_h_s_jacobian_8_f' on page 8 undefined on input lin
e 194.


LaTeX Warning: Reference `_r_h_s_jacobian__t_8_f' on page 8 undefined on input 
line 195.


LaTeX Warning: Reference `rotaterhs_8f' on page 8 undefined on input line 196.


LaTeX Warning: Reference `rotaterhs2_8f' on page 8 undefined on input line 197.



LaTeX Warning: Reference `sclsch_8_f' on page 8 undefined on input line 198.


LaTeX Warning: Reference `setbc4laplace_8_f' on page 8 undefined on input line 
199.


LaTeX Warning: Reference `seterr_8_f' on page 8 undefined on input line 200.


LaTeX Warning: Reference `setibc_8_f' on page 8 undefined on input line 201.


LaTeX Warning: Reference `setup_l_h_s__b_8_f' on page 8 undefined on input line
 202.


LaTeX Warning: Reference `setup_r_h_s_8_f' on page 8 undefined on input line 20
3.


LaTeX Warning: Reference `setup_r_h_s__t_8_f' on page 8 undefined on input line
 204.


LaTeX Warning: Reference `solzne_8_f' on page 8 undefined on input line 205.


LaTeX Warning: Reference `seq_2test_8_f' on page 8 undefined on input line 206.



LaTeX Warning: Reference `tmodel_8_f' on page 8 undefined on input line 207.


LaTeX Warning: Reference `turbini_8_f' on page 8 undefined on input line 208.


LaTeX Warning: Reference `turbsch_8_f' on page 8 undefined on input line 209.


LaTeX Warning: Reference `update2_8_f' on page 8 undefined on input line 210.


LaTeX Warning: Reference `update3_8_f' on page 8 undefined on input line 211.


LaTeX Warning: Reference `update4_8_f' on page 8 undefined on input line 212.

[8]

LaTeX Warning: Reference `weakbc_8_f' on page 9 undefined on input line 213.


LaTeX Warning: Reference `limitvisct_8f' on page 9 undefined on input line 214.



LaTeX Warning: Reference `sa_8_f' on page 9 undefined on input line 215.


LaTeX Warning: Reference `sa7_8_f' on page 9 undefined on input line 216.


LaTeX Warning: Reference `sa8_8_f' on page 9 undefined on input line 217.


LaTeX Warning: Reference `sa__neg___bassi_8_f' on page 9 undefined on input lin
e 218.


LaTeX Warning: Reference `tbdest_8f' on page 9 undefined on input line 219.


LaTeX Warning: Reference `tbdiff_8f' on page 9 undefined on input line 220.


LaTeX Warning: Reference `tbprod_8f' on page 9 undefined on input line 221.


LaTeX Warning: Reference `tbtrip_8f' on page 9 undefined on input line 222.


LaTeX Warning: Reference `tdiff_8f' on page 9 undefined on input line 223.


LaTeX Warning: Reference `tdu_8f' on page 9 undefined on input line 224.


LaTeX Warning: Reference `test_8for' on page 9 undefined on input line 225.


LaTeX Warning: Reference `tft1_8f' on page 9 undefined on input line 226.


LaTeX Warning: Reference `tft2_8f' on page 9 undefined on input line 227.


LaTeX Warning: Reference `tfv1_8f' on page 9 undefined on input line 228.


LaTeX Warning: Reference `tfv2_8f' on page 9 undefined on input line 229.


LaTeX Warning: Reference `tfv3_8f' on page 9 undefined on input line 230.


LaTeX Warning: Reference `tfw_8f' on page 9 undefined on input line 231.


LaTeX Warning: Reference `tgt_8f' on page 9 undefined on input line 232.


LaTeX Warning: Reference `tindx_8_f' on page 9 undefined on input line 233.


LaTeX Warning: Reference `tsa_8f' on page 9 undefined on input line 234.


LaTeX Warning: Reference `tsa1_8f' on page 9 undefined on input line 235.


LaTeX Warning: Reference `tsc_8f' on page 9 undefined on input line 236.


LaTeX Warning: Reference `tsetup_8f' on page 9 undefined on input line 237.


LaTeX Warning: Reference `turbcomp_8_f' on page 9 undefined on input line 238.


LaTeX Warning: Reference `sa7b_8_f' on page 9 undefined on input line 239.


LaTeX Warning: Reference `binsrc_8f' on page 9 undefined on input line 240.


LaTeX Warning: Reference `cross__prod_8f' on page 9 undefined on input line 241
.


LaTeX Warning: Reference `csrfmt_8f' on page 9 undefined on input line 242.


LaTeX Warning: Reference `dinit_8f' on page 9 undefined on input line 243.


LaTeX Warning: Reference `div_8f' on page 9 undefined on input line 244.


LaTeX Warning: Reference `dump_8f' on page 9 undefined on input line 245.


LaTeX Warning: Reference `factorial_8f' on page 9 undefined on input line 246.


LaTeX Warning: Reference `gauss_8f' on page 9 undefined on input line 247.


LaTeX Warning: Reference `getunit_8f' on page 9 undefined on input line 248.


LaTeX Warning: Reference `i4rank_8f' on page 9 undefined on input line 249.


LaTeX Warning: Reference `icopy_8f' on page 9 undefined on input line 250.


LaTeX Warning: Reference `icycl_8f' on page 9 undefined on input line 251.


LaTeX Warning: Reference `igthr_8f' on page 9 undefined on input line 252.


LaTeX Warning: Reference `iinit_8f' on page 9 undefined on input line 253.


LaTeX Warning: Reference `isctr_8f' on page 9 undefined on input line 254.


LaTeX Warning: Reference `isdmin_8f' on page 9 undefined on input line 255.


LaTeX Warning: Reference `isortrx_8f' on page 9 undefined on input line 256.


LaTeX Warning: Reference `jcycl_8f' on page 9 undefined on input line 257.


LaTeX Warning: Reference `lenstr_8f' on page 9 undefined on input line 258.


LaTeX Warning: Reference `ludeco_8f' on page 9 undefined on input line 259.


LaTeX Warning: Reference `lusolv_8f' on page 9 undefined on input line 260.


LaTeX Warning: Reference `matins_8f' on page 9 undefined on input line 261.


LaTeX Warning: Reference `matsub_8f' on page 9 undefined on input line 262.


LaTeX Warning: Reference `matsum_8f' on page 9 undefined on input line 263.


LaTeX Warning: Reference `matvec_8f' on page 9 undefined on input line 264.


LaTeX Warning: Reference `mlusol_8f' on page 9 undefined on input line 265.


LaTeX Warning: Reference `mlusolx_8f' on page 9 undefined on input line 266.


LaTeX Warning: Reference `mmio_8f' on page 9 undefined on input line 267.


LaTeX Warning: Reference `nullmat_8f' on page 9 undefined on input line 268.


LaTeX Warning: Reference `poisson_8f90' on page 9 undefined on input line 269.


LaTeX Warning: Reference `print_8f' on page 9 undefined on input line 270.

[9]

LaTeX Warning: Reference `qsort2_8f' on page 10 undefined on input line 271.


LaTeX Warning: Reference `qsorti_8f' on page 10 undefined on input line 272.


LaTeX Warning: Reference `quadrature_8f' on page 10 undefined on input line 273
.


LaTeX Warning: Reference `r8rank_8f' on page 10 undefined on input line 274.


LaTeX Warning: Reference `reordr_8f' on page 10 undefined on input line 275.


LaTeX Warning: Reference `rg_8f' on page 10 undefined on input line 276.


LaTeX Warning: Reference `rnkidx_8f' on page 10 undefined on input line 277.


LaTeX Warning: Reference `simpson_8f' on page 10 undefined on input line 278.


LaTeX Warning: Reference `store_8f' on page 10 undefined on input line 279.


LaTeX Warning: Reference `tecplot_8f' on page 10 undefined on input line 280.


LaTeX Warning: Reference `util_2test_8_f' on page 10 undefined on input line 28
1.


LaTeX Warning: Reference `tet__mesh__order4__adj__count_8f90' on page 10 undefi
ned on input line 282.


LaTeX Warning: Reference `toms380_8f' on page 10 undefined on input line 283.


LaTeX Warning: Reference `trapezium_8f' on page 10 undefined on input line 284.



LaTeX Warning: Reference `triangulation__order3__adj__count_8f' on page 10 unde
fined on input line 285.


LaTeX Warning: Reference `unitmat_8f' on page 10 undefined on input line 286.


LaTeX Warning: Reference `xgemv_8f' on page 10 undefined on input line 287.

) [10]
Chapter 4.
(./boltzeq4_ar_8f.tex
LaTeX Font Info:    Font shape `T1/phv/b/n' will be
(Font)              scaled to size 10.79993pt on input line 3.
LaTeX Font Info:    Font shape `T1/phv/m/n' will be
(Font)              scaled to size 7.19995pt on input line 15.
LaTeX Font Info:    Font shape `T1/pcr/m/it' in size <8> not available
(Font)              Font shape `T1/pcr/m/sl' tried instead on input line 15.
) (./chemsource_8f90.tex
LaTeX Font Info:    Font shape `T1/pcr/m/it' in size <7> not available
(Font)              Font shape `T1/pcr/m/sl' tried instead on input line 23.
 [11

]) (./currentflux_8_f.tex)
(./electcond_8f90.tex [12]) (./getsigma_8f90.tex [13]) (./iondegree4_ar_8f.tex)
(./massaction_8f90.tex) (./massaction_s_u2_8f90.tex [14]) (./ohmsource_8f90.tex
) (./plasflow__inf_8f.tex [15]) (./rate_8f90.tex [16]) (./read_argon_8f90.tex)
(./chemsource_i_i_8f90.tex [17]) (./bc28vii_8_f.tex) (./bc28vii4_ar_8_f.tex
[18]) (./bc28viii_8_f.tex) (./bc4vii_8_f.tex [19]) (./bc5vii_8_f.tex [20])
(./bc5vii4_ar_8_f.tex) (./bc5viii_8f.tex [21]) (./beta_8f.tex) (./check_8f.tex
[22]) (./cons2parm_8f.tex) (./cons2parm4_ar_8f.tex) (./cons2symm_8f.tex
[23]) (./eigen___i_i_8_f.tex) (./eigen___i_ibis_8_f.tex [24])
(./eigen___i_x_8_f.tex) (./eigen___v_i_i_8_f.tex) (./eigen___v_i_i_i_8f.tex
[25]) (./eigen___x_8_f.tex) (./eigen___x_i_8_f.tex [26])
(./eigen___x_i_i_8_f.tex) (./_euler_i_i_8_f.tex [27]

Package longtable Warning: Column widths have changed
(longtable)                in table 4.1 on input line 49.

[28]) (./_euler_i_ibis_8f.tex

Package longtable Warning: Column widths have changed
(longtable)                in table 4.2 on input line 49.

[29]) (./_euler_i_x_8f.tex

Package longtable Warning: Column widths have changed
(longtable)                in table 4.3 on input line 49.

[30]) (./_euler_v_i_i_8f.tex

Package longtable Warning: Column widths have changed
(longtable)                in table 4.4 on input line 49.

[31]) (./_euler_v_i_i_i_8f.tex [32]

Package longtable Warning: Column widths have changed
(longtable)                in table 4.5 on input line 49.

) (./_euler_x_8f.tex [33]

Package longtable Warning: Column widths have changed
(longtable)                in table 4.6 on input line 49.

) (./_euler_x_i_8f.tex
Underfull \hbox (badness 10000) detected at line 17
[][][]
 []

[34] [35]

Package longtable Warning: Column widths have changed
(longtable)                in table 4.7 on input line 54.

) (./_euler_x_i_i_8f.tex [36]

Package longtable Warning: Column widths have changed
(longtable)                in table 4.8 on input line 49.

) (./flxale_8f.tex
Underfull \hbox (badness 10000) detected at line 19
[][][]
 []

[37]
Overfull \hbox (243.64966pt too wide) detected at line 34
\OML/cmm/m/it/10 C \OT1/cmr/m/n/10 = []  =  []
 []


Package longtable Warning: Column widths have changed
(longtable)                in table 4.9 on input line 54.


Underfull \hbox (badness 10000) detected at line 55
[][][]
 []

[38]
Underfull \hbox (badness 10000) detected at line 58
[][][]
 []


Underfull \hbox (badness 10000) detected at line 61
[][][]
 []


Underfull \hbox (badness 10000) detected at line 64
[][][]
 []


Underfull \hbox (badness 10000) detected at line 67
[][][]
 []


Underfull \hbox (badness 10000) detected at line 70
[][][]
 []


Underfull \hbox (badness 10000) detected at line 81
[][][]
 []


Package longtable Warning: Column widths have changed
(longtable)                in table 4.10 on input line 104.


Overfull \vbox (71.88449pt too high) has occurred while \output is active []


[39]
Underfull \hbox (badness 10000) detected at line 105
[][][]
 []


Underfull \hbox (badness 10000) detected at line 108
[][][]
 []


Underfull \hbox (badness 10000) detected at line 111
[][][]
 []


Underfull \hbox (badness 10000) detected at line 114
[][][]
 []


Underfull \hbox (badness 10000) detected at line 117
[][][]
 []


Underfull \hbox (badness 10000) detected at line 120
[][][]
 []

) (./flxb4_8f.tex) (./flxw2_8f.tex [40]
Underfull \hbox (badness 10000) detected at line 17
[][][]
 []


Package longtable Warning: Column widths have changed
(longtable)                in table 4.11 on input line 46.

[41]
Underfull \hbox (badness 10000) detected at line 51
[][][]
 []


Underfull \hbox (badness 10000) detected at line 54
[][][]
 []


Underfull \hbox (badness 10000) detected at line 57
[][][]
 []


Underfull \hbox (badness 10000) detected at line 60
[][][]
 []


Underfull \hbox (badness 10000) detected at line 63
[][][]
 []


Underfull \hbox (badness 10000) detected at line 66
[][][]
 []

) (./flxw4_8f.tex
LaTeX Font Info:    Font shape `T1/phv/m/n' will be
(Font)              scaled to size 8.09995pt on input line 7.
LaTeX Font Info:    Font shape `T1/phv/m/it' in size <9> not available
(Font)              Font shape `T1/phv/m/sl' tried instead on input line 7.
LaTeX Font Info:    Font shape `T1/phv/m/sl' will be
(Font)              scaled to size 8.09995pt on input line 7.
LaTeX Font Info:    Font shape `T1/phv/b/it' in size <9> not available
(Font)              Font shape `T1/phv/b/sl' tried instead on input line 7.
LaTeX Font Info:    Font shape `T1/phv/b/sl' will be
(Font)              scaled to size 8.09995pt on input line 7.
LaTeX Font Info:    Font shape `T1/phv/b/it' in size <7> not available
(Font)              Font shape `T1/phv/b/sl' tried instead on input line 7.
LaTeX Font Info:    Font shape `T1/phv/b/sl' will be
(Font)              scaled to size 6.29996pt on input line 7.
 [42]
Underfull \hbox (badness 10000) detected at line 23
[][][]
 []


Package longtable Warning: Column widths have changed
(longtable)                in table 4.12 on input line 52.

[43]
Underfull \hbox (badness 10000) detected at line 57
[][][]
 []


Underfull \hbox (badness 10000) detected at line 60
[][][]
 []


Underfull \hbox (badness 10000) detected at line 63
[][][]
 []


Underfull \hbox (badness 10000) detected at line 66
[][][]
 []


Underfull \hbox (badness 10000) detected at line 69
[][][]
 []


Underfull \hbox (badness 10000) detected at line 72
[][][]
 []


Underfull \hbox (badness 10000) detected at line 85
[][][]
 []

[44]

Package longtable Warning: Column widths have changed
(longtable)                in table 4.13 on input line 112.


Underfull \hbox (badness 10000) detected at line 113
[][][]
 []


Underfull \hbox (badness 10000) detected at line 116
[][][]
 []


Underfull \hbox (badness 10000) detected at line 119
[][][]
 []


Underfull \hbox (badness 10000) detected at line 122
[][][]
 []


Underfull \hbox (badness 10000) detected at line 125
[][][]
 []


Underfull \hbox (badness 10000) detected at line 128
[][][]
 []

) (./frame_8f.tex) (./gradprim_8f.tex [45]) (./lagmin_8f.tex) (./linavg_8f.tex
[46]) (./linearize_8f.tex) (./_matrix_splitting_8f.tex [47])
(./matspl_i_i_8_f.tex [48]
Underfull \hbox (badness 10000) detected at line 21
[][][]
 []


Package longtable Warning: Column widths have changed
(longtable)                in table 4.14 on input line 60.


Underfull \hbox (badness 10000) detected at line 61
[][][]
 []

[49]
Underfull \hbox (badness 10000) detected at line 64
[][][]
 []


Underfull \hbox (badness 10000) detected at line 67
[][][]
 []


Underfull \hbox (badness 10000) detected at line 70
[][][]
 []


Underfull \hbox (badness 10000) detected at line 73
[][][]
 []


Underfull \hbox (badness 10000) detected at line 76
[][][]
 []


Underfull \hbox (badness 10000) detected at line 79
[][][]
 []

) (./matspl_i_x_8_f.tex [50]
Underfull \hbox (badness 10000) detected at line 21
[][][]
 []


Package longtable Warning: Column widths have changed
(longtable)                in table 4.15 on input line 60.


Underfull \hbox (badness 10000) detected at line 61
[][][]
 []

[51]
Underfull \hbox (badness 10000) detected at line 64
[][][]
 []


Underfull \hbox (badness 10000) detected at line 67
[][][]
 []


Underfull \hbox (badness 10000) detected at line 70
[][][]
 []


Underfull \hbox (badness 10000) detected at line 73
[][][]
 []


Underfull \hbox (badness 10000) detected at line 76
[][][]
 []


Underfull \hbox (badness 10000) detected at line 79
[][][]
 []

) (./matspl_v_i_i_8_f.tex
Underfull \hbox (badness 10000) detected at line 17
[][][]
 []

[52]

Package longtable Warning: Column widths have changed
(longtable)                in table 4.16 on input line 56.


Underfull \hbox (badness 10000) detected at line 57
[][][]
 []

[53]
Underfull \hbox (badness 10000) detected at line 60
[][][]
 []


Underfull \hbox (badness 10000) detected at line 63
[][][]
 []


Underfull \hbox (badness 10000) detected at line 66
[][][]
 []


Underfull \hbox (badness 10000) detected at line 69
[][][]
 []


Underfull \hbox (badness 10000) detected at line 72
[][][]
 []


Underfull \hbox (badness 10000) detected at line 75
[][][]
 []

) (./matspl_v_i_i_i_8_f.tex [54]
Underfull \hbox (badness 10000) detected at line 21
[][][]
 []


Package longtable Warning: Column widths have changed
(longtable)                in table 4.17 on input line 60.


Underfull \hbox (badness 10000) detected at line 61
[][][]
 []

[55]
Underfull \hbox (badness 10000) detected at line 64
[][][]
 []


Underfull \hbox (badness 10000) detected at line 67
[][][]
 []


Underfull \hbox (badness 10000) detected at line 70
[][][]
 []


Underfull \hbox (badness 10000) detected at line 73
[][][]
 []


Underfull \hbox (badness 10000) detected at line 76
[][][]
 []


Underfull \hbox (badness 10000) detected at line 79
[][][]
 []

) (./matspl_x_8_f.tex [56]
Underfull \hbox (badness 10000) detected at line 21
[][][]
 []


Package longtable Warning: Column widths have changed
(longtable)                in table 4.18 on input line 60.


Underfull \hbox (badness 10000) detected at line 61
[][][]
 []

[57]
Underfull \hbox (badness 10000) detected at line 64
[][][]
 []


Underfull \hbox (badness 10000) detected at line 67
[][][]
 []


Underfull \hbox (badness 10000) detected at line 70
[][][]
 []


Underfull \hbox (badness 10000) detected at line 73
[][][]
 []


Underfull \hbox (badness 10000) detected at line 76
[][][]
 []


Underfull \hbox (badness 10000) detected at line 79
[][][]
 []

) (./matspl_x_i_8_f.tex
Underfull \hbox (badness 10000) detected at line 17
[][][]
 []


Overfull \hbox (33.40921pt too wide) detected at line 22
[] \OT1/cmr/m/n/10 = \OML/cmm/m/it/10 K[] \OT1/cmr/m/n/10 = []\OT1/cmr/bx/n/10 
A[] \OT1/cmr/m/n/10 = []\OT1/cmr/bx/n/10 R[]^^C[]L[] \OT1/cmr/m/n/10 = [] []
 []

[58]
Overfull \hbox (106.34425pt too wide) detected at line 42
\OT1/cmr/bx/n/10 L[] \OT1/cmr/m/n/10 = []   \OT1/cmr/bx/n/10 R[] \OT1/cmr/m/n/1
0 = []
 []

[59]

Package longtable Warning: Column widths have changed
(longtable)                in table 4.19 on input line 80.


Underfull \hbox (badness 10000) detected at line 81
[][][]
 []


Underfull \hbox (badness 10000) detected at line 84
[][][]
 []


Underfull \hbox (badness 10000) detected at line 87
[][][]
 []


Underfull \hbox (badness 10000) detected at line 90
[][][]
 []

[60]
Underfull \hbox (badness 10000) detected at line 93
[][][]
 []


Underfull \hbox (badness 10000) detected at line 96
[][][]
 []


Underfull \hbox (badness 10000) detected at line 99
[][][]
 []

) (./matspl_x_i_i_8_f.tex [61]) (./parm2char_h_e_8f.tex) (./parm2cons_8f.tex
[62]
Underfull \hbox (badness 10000) detected at line 17
[][][]
 []


Package longtable Warning: Column widths have changed
(longtable)                in table 4.20 on input line 32.


Underfull \hbox (badness 10000) detected at line 33
[][][]
 []


Underfull \hbox (badness 10000) detected at line 36
[][][]
 []


Underfull \hbox (badness 10000) detected at line 39
[][][]
 []


Underfull \hbox (badness 10000) detected at line 42
[][][]
 []


Underfull \hbox (badness 10000) detected at line 45
[][][]
 []


Underfull \hbox (badness 10000) detected at line 48
[][][]
 []

) (./parm2cons4_ar_8f.tex [63]) (./parm2cons_s_a_8f.tex) (./parm2prim_8f.tex)
(./parm2symm_8f.tex [64]
Underfull \hbox (badness 10000) detected at line 17
[][][]
 []


Overfull \hbox (115.79893pt too wide) detected at line 20
[] \OT1/cmr/m/n/10 = [] [] = []
 []


Package longtable Warning: Column widths have changed
(longtable)                in table 4.21 on input line 30.


Overfull \vbox (38.94972pt too high) has occurred while \output is active []


[65]
Underfull \hbox (badness 10000) detected at line 31
[][][]
 []


Underfull \hbox (badness 10000) detected at line 34
[][][]
 []


Underfull \hbox (badness 10000) detected at line 37
[][][]
 []


Underfull \hbox (badness 10000) detected at line 40
[][][]
 []


Underfull \hbox (badness 10000) detected at line 43
[][][]
 []


Underfull \hbox (badness 10000) detected at line 46
[][][]
 []

) (./pforce_8f.tex
LaTeX Font Info:    Font shape `T1/phv/bc/n' will be
(Font)              scaled to size 6.29996pt on input line 23.

Underfull \hbox (badness 10000) detected at line 23
[][][]
 []

[66]

Package longtable Warning: Column widths have changed
(longtable)                in table 4.22 on input line 45.


Underfull \hbox (badness 10000) detected at line 46
[][][]
 []


Underfull \hbox (badness 10000) detected at line 49
[][][]
 []


Underfull \hbox (badness 10000) detected at line 52
[][][]
 []


Underfull \hbox (badness 10000) detected at line 55
[][][]
 []


Underfull \hbox (badness 10000) detected at line 58
[][][]
 []


Underfull \hbox (badness 10000) detected at line 61
[][][]
 []


Underfull \hbox (badness 10000) detected at line 64
[][][]
 []


Underfull \hbox (badness 10000) detected at line 67
[][][]
 []

[67]
Underfull \hbox (badness 10000) detected at line 80
[][][]
 []


Package longtable Warning: Column widths have changed
(longtable)                in table 4.23 on input line 102.


Underfull \hbox (badness 10000) detected at line 103
[][][]
 []


Underfull \hbox (badness 10000) detected at line 106
[][][]
 []


Underfull \hbox (badness 10000) detected at line 109
[][][]
 []


Underfull \hbox (badness 10000) detected at line 112
[][][]
 []


Underfull \hbox (badness 10000) detected at line 115
[][][]
 []


Underfull \hbox (badness 10000) detected at line 118
[][][]
 []

[68]
Underfull \hbox (badness 10000) detected at line 121
[][][]
 []


Underfull \hbox (badness 10000) detected at line 124
[][][]
 []


Underfull \hbox (badness 10000) detected at line 127
[][][]
 []

) (./pressc_8f.tex) (./pressderiv_8f.tex [69]) (./pressi_8f.tex)
(./symm2cons_8f.tex) (./symm2parm_8f.tex [70]
Underfull \hbox (badness 10000) detected at line 17
[][][]
 []


Overfull \hbox (225.59511pt too wide) detected at line 20
[] \OT1/cmr/m/n/10 = [] [] []   = []
 []


Package longtable Warning: Column widths have changed
(longtable)                in table 4.24 on input line 30.

[71]
Underfull \hbox (badness 10000) detected at line 31
[][][]
 []


Underfull \hbox (badness 10000) detected at line 34
[][][]
 []


Underfull \hbox (badness 10000) detected at line 37
[][][]
 []


Underfull \hbox (badness 10000) detected at line 40
[][][]
 []


Underfull \hbox (badness 10000) detected at line 43
[][][]
 []


Underfull \hbox (badness 10000) detected at line 46
[][][]
 []

) (./transf_8f.tex [72]) (./vstate_8f.tex [73] [74]) (./wall_8f.tex
Underfull \hbox (badness 10000) detected at line 27
[][][]
 []

[75]

Package longtable Warning: Column widths have changed
(longtable)                in table 4.25 on input line 44.


Underfull \hbox (badness 10000) detected at line 45
[][][]
 []


Underfull \hbox (badness 10000) detected at line 48
[][][]
 []


Underfull \hbox (badness 10000) detected at line 51
[][][]
 []


Underfull \hbox (badness 10000) detected at line 54
[][][]
 []


Underfull \hbox (badness 10000) detected at line 57
[][][]
 []


Underfull \hbox (badness 10000) detected at line 60
[][][]
 []


Underfull \hbox (badness 10000) detected at line 63
[][][]
 []

[76]
Underfull \hbox (badness 10000) detected at line 74
[][][]
 []


Overfull \hbox (27.31715pt too wide) detected at line 77
[] \OT1/cmr/m/n/10 = []
 []


Package longtable Warning: Column widths have changed
(longtable)                in table 4.26 on input line 91.


Underfull \hbox (badness 10000) detected at line 92
[][][]
 []

[77]
Underfull \hbox (badness 10000) detected at line 95
[][][]
 []


Underfull \hbox (badness 10000) detected at line 98
[][][]
 []


Underfull \hbox (badness 10000) detected at line 101
[][][]
 []


Underfull \hbox (badness 10000) detected at line 104
[][][]
 []


Underfull \hbox (badness 10000) detected at line 107
[][][]
 []


Underfull \hbox (badness 10000) detected at line 110
[][][]
 []


Underfull \hbox (badness 10000) detected at line 125
[][][]
 []

[78]

Package longtable Warning: Column widths have changed
(longtable)                in table 4.27 on input line 144.


Underfull \hbox (badness 10000) detected at line 145
[][][]
 []


Underfull \hbox (badness 10000) detected at line 148
[][][]
 []


Underfull \hbox (badness 10000) detected at line 151
[][][]
 []


Underfull \hbox (badness 10000) detected at line 154
[][][]
 []


Underfull \hbox (badness 10000) detected at line 157
[][][]
 []


Underfull \hbox (badness 10000) detected at line 160
[][][]
 []


Underfull \hbox (badness 10000) detected at line 175
[][][]
 []

[79]

Package longtable Warning: Column widths have changed
(longtable)                in table 4.28 on input line 192.


Underfull \hbox (badness 10000) detected at line 193
[][][]
 []


Underfull \hbox (badness 10000) detected at line 196
[][][]
 []


Underfull \hbox (badness 10000) detected at line 199
[][][]
 []


Underfull \hbox (badness 10000) detected at line 202
[][][]
 []


Underfull \hbox (badness 10000) detected at line 205
[][][]
 []


Underfull \hbox (badness 10000) detected at line 208
[][][]
 []

) (./aratio_8f.tex) (./avgflx_8f.tex [80] [81]) (./backup_8f.tex)
(./bndchk_8f.tex [82]) (./cdist_8f.tex) (./celnhb_8f.tex [83]) (./celptr_8f.tex
[84]
Underfull \hbox (badness 10000) detected at line 17
[][][]
 []


Package longtable Warning: Column widths have changed
(longtable)                in table 4.29 on input line 58.


Overfull \vbox (26.58147pt too high) has occurred while \output is active []


[85]
Underfull \hbox (badness 10000) detected at line 59
[][][]
 []


Underfull \hbox (badness 10000) detected at line 62
[][][]
 []


Underfull \hbox (badness 10000) detected at line 65
[][][]
 []


Underfull \hbox (badness 10000) detected at line 68
[][][]
 []


Underfull \hbox (badness 10000) detected at line 71
[][][]
 []


Underfull \hbox (badness 10000) detected at line 74
[][][]
 []


Underfull \hbox (badness 10000) detected at line 77
[][][]
 []

) (./chkflx_8f.tex [86]
Underfull \hbox (badness 10000) detected at line 23
[][][]
 []


Package longtable Warning: Column widths have changed
(longtable)                in table 4.30 on input line 61.

[87]
Underfull \hbox (badness 10000) detected at line 62
[][][]
 []


Underfull \hbox (badness 10000) detected at line 65
[][][]
 []


Underfull \hbox (badness 10000) detected at line 68
[][][]
 []


Underfull \hbox (badness 10000) detected at line 71
[][][]
 []


Underfull \hbox (badness 10000) detected at line 74
[][][]
 []


Underfull \hbox (badness 10000) detected at line 77
[][][]
 []


Underfull \hbox (badness 10000) detected at line 90
[][][]
 []


Package longtable Warning: Column widths have changed
(longtable)                in table 4.31 on input line 105.


Overfull \vbox (29.02937pt too high) has occurred while \output is active []


[88]
Underfull \hbox (badness 10000) detected at line 106
[][][]
 []


Underfull \hbox (badness 10000) detected at line 109
[][][]
 []


Underfull \hbox (badness 10000) detected at line 112
[][][]
 []


Underfull \hbox (badness 10000) detected at line 115
[][][]
 []


Underfull \hbox (badness 10000) detected at line 118
[][][]
 []


Underfull \hbox (badness 10000) detected at line 121
[][][]
 []

) (./chkflx2_8f.tex) (./chkgcl_8f.tex [89]
Underfull \hbox (badness 10000) detected at line 17
[][][]
 []

[90]

Package longtable Warning: Column widths have changed
(longtable)                in table 4.32 on input line 68.


Underfull \hbox (badness 10000) detected at line 69
[][][]
 []


Underfull \hbox (badness 10000) detected at line 72
[][][]
 []


Underfull \hbox (badness 10000) detected at line 75
[][][]
 []


Underfull \hbox (badness 10000) detected at line 78
[][][]
 []

[91]
Underfull \hbox (badness 10000) detected at line 81
[][][]
 []


Underfull \hbox (badness 10000) detected at line 84
[][][]
 []

) (./chkint_8f.tex
Underfull \hbox (badness 10000) detected at line 17
[][][]
 []

[92]

Package longtable Warning: Column widths have changed
(longtable)                in table 4.33 on input line 58.


Underfull \hbox (badness 10000) detected at line 59
[][][]
 []


Underfull \hbox (badness 10000) detected at line 62
[][][]
 []

[93]
Underfull \hbox (badness 10000) detected at line 65
[][][]
 []


Underfull \hbox (badness 10000) detected at line 68
[][][]
 []


Underfull \hbox (badness 10000) detected at line 71
[][][]
 []


Underfull \hbox (badness 10000) detected at line 74
[][][]
 []


Underfull \hbox (badness 10000) detected at line 79
[][][]
 []

) (./ff_8f.tex
Underfull \hbox (badness 10000) detected at line 17
[][][]
 []

[94] [95]

Package longtable Warning: Column widths have changed
(longtable)                in table 4.34 on input line 48.


Underfull \hbox (badness 10000) detected at line 49
[][][]
 []


Underfull \hbox (badness 10000) detected at line 52
[][][]
 []


Underfull \hbox (badness 10000) detected at line 55
[][][]
 []


Underfull \hbox (badness 10000) detected at line 58
[][][]
 []


Underfull \hbox (badness 10000) detected at line 61
[][][]
 []


Underfull \hbox (badness 10000) detected at line 64
[][][]
 []

) (./getvol_8f.tex [96]
Underfull \hbox (badness 10000) detected at line 17
[][][]
 []


Package longtable Warning: Column widths have changed
(longtable)                in table 4.35 on input line 52.

[97]
Underfull \hbox (badness 10000) detected at line 53
[][][]
 []


Underfull \hbox (badness 10000) detected at line 56
[][][]
 []


Underfull \hbox (badness 10000) detected at line 59
[][][]
 []


Underfull \hbox (badness 10000) detected at line 62
[][][]
 []


Underfull \hbox (badness 10000) detected at line 65
[][][]
 []


Underfull \hbox (badness 10000) detected at line 68
[][][]
 []

) (./_mat_get_size_seq_8f.tex [98]) (./median_8f.tex) (./motion__type_8f.tex
[99]
Underfull \hbox (badness 10000) detected at line 35
[][][]
 []


Package longtable Warning: Column widths have changed
(longtable)                in table 4.36 on input line 52.

[100]
Underfull \hbox (badness 10000) detected at line 59
[][][]
 []


Package longtable Warning: Column widths have changed
(longtable)                in table 4.37 on input line 83.


Underfull \hbox (badness 10000) detected at line 90
[][][]
 []

[101]

Package longtable Warning: Column widths have changed
(longtable)                in table 4.38 on input line 121.

[102]
Underfull \hbox (badness 10000) detected at line 128
[][][]
 []


Package longtable Warning: Column widths have changed
(longtable)                in table 4.39 on input line 151.


Underfull \hbox (badness 10000) detected at line 158
[][][]
 []

[103]

Package longtable Warning: Column widths have changed
(longtable)                in table 4.40 on input line 189.

[104]
Underfull \hbox (badness 10000) detected at line 196
[][][]
 []


Package longtable Warning: Column widths have changed
(longtable)                in table 4.41 on input line 234.

[105]
Underfull \hbox (badness 10000) detected at line 241
[][][]
 []

[106]

Package longtable Warning: Column widths have changed
(longtable)                in table 4.42 on input line 295.


Package longtable Warning: Column widths have changed
(longtable)                in table 4.43 on input line 314.


Underfull \hbox (badness 10000) detected at line 315
[][][]
 []

[107] [108]

Package longtable Warning: Column widths have changed
(longtable)                in table 4.44 on input line 363.


Underfull \hbox (badness 10000) detected at line 364
[][][]
 []

[109]
Underfull \hbox (badness 10000) detected at line 412
[][][]
 []

[110]

Package longtable Warning: Column widths have changed
(longtable)                in table 4.45 on input line 446.

) (./mshcnt_8_f.tex
Underfull \vbox (badness 10000) has occurred while \output is active []

 [111])
(./nodcod_8f.tex [112]) (./periodic_8_f.tex) (./probe_8f.tex [113])
(./rankcl_8f.tex) (./rotate_8f.tex [114]) (./seg3d_8f.tex)
(./setbndflxptr_8f.tex [115]) (./setpto_8f.tex) (./subyy_8f.tex [116])
(./subyz_8f.tex) (./updtp_8f.tex [117]) (./bvsflx2_8f.tex [118])
(./bvsflx4_8f.tex [119]
Underfull \hbox (badness 10000) detected at line 17
[][][]
 []


Package longtable Warning: Column widths have changed
(longtable)                in table 4.46 on input line 62.


Underfull \hbox (badness 10000) detected at line 63
[][][]
 []


Underfull \hbox (badness 10000) detected at line 66
[][][]
 []


Underfull \hbox (badness 10000) detected at line 69
[][][]
 []


Underfull \hbox (badness 10000) detected at line 72
[][][]
 []


Underfull \hbox (badness 10000) detected at line 75
[][][]
 []


Underfull \hbox (badness 10000) detected at line 78
[][][]
 []

[120]
Underfull \hbox (badness 10000) detected at line 83
[][][]
 []

) (./laminar_8f.tex) (./sutherlaw_8f.tex [121]) (./vsflx2_8f.tex)
(./vsflx4_8f.tex [122] [123] [124] [125]

Package longtable Warning: Column widths have changed
(longtable)                in table 4.47 on input line 135.


Underfull \hbox (badness 10000) detected at line 136
[][][]
 []


Underfull \hbox (badness 10000) detected at line 139
[][][]
 []


Underfull \hbox (badness 10000) detected at line 142
[][][]
 []


Underfull \hbox (badness 10000) detected at line 145
[][][]
 []


Underfull \hbox (badness 10000) detected at line 148
[][][]
 []


Underfull \hbox (badness 10000) detected at line 151
[][][]
 []


Underfull \hbox (badness 10000) detected at line 156
[][][]
 []

) (./wskin_8_f.tex [126]) (./advect_8f.tex
Underfull \hbox (badness 10000) detected at line 21
[][][]
 []

[127]

Package longtable Warning: Column widths have changed
(longtable)                in table 4.48 on input line 60.


Underfull \hbox (badness 10000) detected at line 61
[][][]
 []


Underfull \hbox (badness 10000) detected at line 64
[][][]
 []


Underfull \hbox (badness 10000) detected at line 67
[][][]
 []

[128]
Underfull \hbox (badness 10000) detected at line 70
[][][]
 []


Underfull \hbox (badness 10000) detected at line 73
[][][]
 []


Underfull \hbox (badness 10000) detected at line 76
[][][]
 []


Underfull \hbox (badness 10000) detected at line 85
[][][]
 []

[129]

Package longtable Warning: Column widths have changed
(longtable)                in table 4.49 on input line 111.


Underfull \hbox (badness 10000) detected at line 112
[][][]
 []


Underfull \hbox (badness 10000) detected at line 115
[][][]
 []


Underfull \hbox (badness 10000) detected at line 118
[][][]
 []


Underfull \hbox (badness 10000) detected at line 121
[][][]
 []


Underfull \hbox (badness 10000) detected at line 124
[][][]
 []


Underfull \hbox (badness 10000) detected at line 127
[][][]
 []


Underfull \hbox (badness 10000) detected at line 130
[][][]
 []


Underfull \hbox (badness 10000) detected at line 139
[][][]
 []

! Undefined control sequence.
l.144 ...s\delta-x\sin\delta\right)\right)+ x\text
                                                  {'}y\text{'} -xy \] where ...

? q
OK, entering \batchmode...
! TeX capacity exceeded, sorry [input stack size=5000].
\next ->'
         \kern -\h@ngquotewd \kern \h@ngquotewd 
l.144 ...elta-x\sin\delta\right)\right)+ x\text{'}
                                                  y\text{'} -xy \] where \be...
If you really absolutely need more capacity,
you can ask a wizard to enlarge me.

 
Here is how much of TeX's memory you used:
 18306 strings out of 483107
 268273 string characters out of 5964631
 542426 words of memory out of 5000000
 31627 multiletter control sequences out of 15000+600000
 599168 words of font info for 109 fonts, out of 8000000 for 9000
 59 hyphenation exceptions out of 8191
 5000i,16n,96p,2559b,640s stack positions out of 5000i,500n,10000p,200000b,80000s
!  ==> Fatal error occurred, no output PDF file produced!
