This file contains any messages produced by compilers while
running configure, to aid debugging if configure makes a mistake.

It was created by libtirpc configure 1.3.1, which was
generated by GNU Autoconf 2.69.  Invocation command line was

  $ ./configure 

## --------- ##
## Platform. ##
## --------- ##

hostname = lk-inspiron3542
uname -m = x86_64
uname -r = 5.4.0-73-generic
uname -s = Linux
uname -v = #82-Ubuntu SMP Wed Apr 14 17:39:42 UTC 2021

/usr/bin/uname -p = x86_64
/bin/uname -X     = unknown

/bin/arch              = x86_64
/usr/bin/arch -k       = unknown
/usr/convex/getsysinfo = unknown
/usr/bin/hostinfo      = unknown
/bin/machine           = unknown
/usr/bin/oslevel       = unknown
/bin/universe          = unknown

PATH: /home/lk/CFD/julia/julia-27d39316da/bin
PATH: /opt/visit/bin
PATH: /home/lk/ThirdParty-v1706/platforms/linux64Gcc/gperftools-2.5/bin
PATH: /home/lk/OpenFOAM/lk-v1706/platforms/linux64GccDPInt32Opt/bin
PATH: /home/lk/site/v1706/platforms/linux64GccDPInt32Opt/bin
PATH: /home/lk/OpenFOAM-v1706/platforms/linux64GccDPInt32Opt/bin
PATH: /home/lk/OpenFOAM-v1706/bin
PATH: /home/lk/OpenFOAM-v1706/wmake
PATH: /home/lk/MATLAB/R2020b/bin
PATH: /home/lk/miniconda3/bin
PATH: /home/lk/miniconda3/condabin
PATH: /home/lk/CFD/SPARK-ECOSYSTEM/Tools/HDF5/bin
PATH: /opt/tecplot/360ex_2020r2/bin
PATH: /home/lk/intel/oneapi/compiler/2021.1.2/linux/lib/oclfpga/llvm/aocl-bin
PATH: /home/lk/intel/oneapi/compiler/2021.1.2/linux/lib/oclfpga/bin
PATH: /home/lk/intel/oneapi/compiler/2021.1.2/linux/bin/intel64
PATH: /home/lk/intel/oneapi/compiler/2021.1.2/linux/bin
PATH: /home/lk/intel/oneapi/compiler/2021.1.2/linux/ioc/bin
PATH: /home/lk/intel/oneapi/mpi/2021.1.1/libfabric/bin
PATH: /home/lk/intel/oneapi/mpi/2021.1.1/bin
PATH: /home/lk/intel/oneapi/mkl/latest/bin/intel64
PATH: /home/lk/intel/oneapi/vtune/2021.1.2/bin64
PATH: /home/lk/intel/oneapi/advisor/2021.1.1/bin64
PATH: /home/lk/intel/oneapi/compiler/2021.1.1/linux/bin/intel64
PATH: /home/lk/intel/oneapi/compiler/2021.1.1/linux/bin
PATH: /home/lk/intel/oneapi/compiler/2021.1.1/linux/ioc/bin
PATH: /home/lk/intel/oneapi/dev-utilities/2021.1.1/bin
PATH: /home/lk/.local/bin
PATH: /usr/local/sbin
PATH: /usr/local/bin
PATH: /usr/sbin
PATH: /usr/bin
PATH: /sbin
PATH: /bin
PATH: /usr/games
PATH: /usr/local/games
PATH: /snap/bin
PATH: /home/lk/dgdinst/bin
PATH: /home/lk/CFD/UnDiFi-2D/petsc-3.7.7/arch-linux2-c-debug/bin
PATH: /home/lk/CFD/pFUnit/build/installed/PFUNIT-4.2/bin


## ----------- ##
## Core tests. ##
## ----------- ##

configure:2281: checking for a BSD-compatible install
configure:2349: result: /usr/bin/install -c
configure:2360: checking whether build environment is sane
configure:2415: result: yes
configure:2564: checking for a thread-safe mkdir -p
configure:2603: result: /usr/bin/mkdir -p
configure:2610: checking for gawk
configure:2626: found /usr/bin/gawk
configure:2637: result: gawk
configure:2648: checking whether make sets $(MAKE)
configure:2670: result: yes
configure:2699: checking whether make supports nested variables
configure:2716: result: yes
configure:2853: checking whether make supports nested variables
configure:2870: result: yes
configure:2931: checking for gcc
configure:2958: result: icc
configure:3187: checking for C compiler version
configure:3196: icc --version >&5
icc (ICC) 2021.1.2 20201208
Copyright (C) 1985-2020 Intel Corporation.  All rights reserved.

configure:3207: $? = 0
configure:3196: icc -v >&5
icc version 2021.1.2 (gcc version 9.3.0 compatibility)
configure:3207: $? = 0
configure:3196: icc -V >&5
Intel(R) C Intel(R) 64 Compiler Classic for applications running on Intel(R) 64, Version 2021.1.2 Build 20201208_000000
Copyright (C) 1985-2020 Intel Corporation.  All rights reserved.

configure:3207: $? = 0
configure:3196: icc -qversion >&5
icc: command line warning #10006: ignoring unknown option '-qversion'
icc: command line error: no files specified; for help type "icc -help"
configure:3207: $? = 1
configure:3227: checking whether the C compiler works
configure:3249: icc    conftest.c  >&5
configure:3253: $? = 0
configure:3301: result: yes
configure:3304: checking for C compiler default output file name
configure:3306: result: a.out
configure:3312: checking for suffix of executables
configure:3319: icc -o conftest    conftest.c  >&5
configure:3323: $? = 0
configure:3345: result: 
configure:3367: checking whether we are cross compiling
configure:3375: icc -o conftest    conftest.c  >&5
configure:3379: $? = 0
configure:3386: ./conftest
configure:3390: $? = 0
configure:3378: result: no
configure:3383: checking for suffix of object files
configure:3405: icc -c   conftest.c >&5
configure:3409: $? = 0
configure:3430: result: o
configure:3434: checking whether we are using the GNU C compiler
configure:3453: icc -c   conftest.c >&5
configure:3453: $? = 0
configure:3462: result: yes
configure:3471: checking whether icc accepts -g
configure:3491: icc -c -g  conftest.c >&5
configure:3491: $? = 0
configure:3532: result: yes
configure:3549: checking for icc option to accept ISO C89
configure:3612: icc  -c -g -O2  conftest.c >&5
configure:3612: $? = 0
configure:3625: result: none needed
configure:3650: checking whether icc understands -c and -o together
configure:3672: icc -c conftest.c -o conftest2.o
configure:3675: $? = 0
configure:3672: icc -c conftest.c -o conftest2.o
configure:3675: $? = 0
configure:3687: result: yes
configure:3707: checking whether make supports the include directive
configure:3722: make -f confmf.GNU && cat confinc.out
this is the am__doit target
configure:3725: $? = 0
configure:3744: result: yes (GNU style)
configure:3769: checking dependency style of icc
configure:3880: result: gcc3
configure:3929: checking how to run the C preprocessor
configure:3960: icc -E  conftest.c
configure:3960: $? = 0
configure:3974: icc -E  conftest.c
conftest.c(11): error #2379: cannot open source file "ac_nonexistent.h"
  #include <ac_nonexistent.h>
                             ^

configure:3974: $? = 2
configure: failed program was:
| /* confdefs.h */
| #define PACKAGE_NAME "libtirpc"
| #define PACKAGE_TARNAME "libtirpc"
| #define PACKAGE_VERSION "1.3.1"
| #define PACKAGE_STRING "libtirpc 1.3.1"
| #define PACKAGE_BUGREPORT ""
| #define PACKAGE_URL ""
| #define PACKAGE "libtirpc"
| #define VERSION "1.3.1"
| /* end confdefs.h.  */
| #include <ac_nonexistent.h>
configure:3999: result: icc -E
configure:4019: icc -E  conftest.c
configure:4019: $? = 0
configure:4033: icc -E  conftest.c
conftest.c(11): error #2379: cannot open source file "ac_nonexistent.h"
  #include <ac_nonexistent.h>
                             ^

configure:4033: $? = 2
configure: failed program was:
| /* confdefs.h */
| #define PACKAGE_NAME "libtirpc"
| #define PACKAGE_TARNAME "libtirpc"
| #define PACKAGE_VERSION "1.3.1"
| #define PACKAGE_STRING "libtirpc 1.3.1"
| #define PACKAGE_BUGREPORT ""
| #define PACKAGE_URL ""
| #define PACKAGE "libtirpc"
| #define VERSION "1.3.1"
| /* end confdefs.h.  */
| #include <ac_nonexistent.h>
configure:4062: checking for grep that handles long lines and -e
configure:4120: result: /usr/bin/grep
configure:4125: checking for egrep
configure:4187: result: /usr/bin/grep -E
configure:4192: checking for ANSI C header files
configure:4212: icc -c -g -O2  conftest.c >&5
configure:4212: $? = 0
configure:4285: icc -o conftest -g -O2   conftest.c  >&5
configure:4285: $? = 0
configure:4285: ./conftest
configure:4285: $? = 0
configure:4296: result: yes
configure:4309: checking for sys/types.h
configure:4309: icc -c -g -O2  conftest.c >&5
configure:4309: $? = 0
configure:4309: result: yes
configure:4309: checking for sys/stat.h
configure:4309: icc -c -g -O2  conftest.c >&5
configure:4309: $? = 0
configure:4309: result: yes
configure:4309: checking for stdlib.h
configure:4309: icc -c -g -O2  conftest.c >&5
configure:4309: $? = 0
configure:4309: result: yes
configure:4309: checking for string.h
configure:4309: icc -c -g -O2  conftest.c >&5
configure:4309: $? = 0
configure:4309: result: yes
configure:4309: checking for memory.h
configure:4309: icc -c -g -O2  conftest.c >&5
configure:4309: $? = 0
configure:4309: result: yes
configure:4309: checking for strings.h
configure:4309: icc -c -g -O2  conftest.c >&5
configure:4309: $? = 0
configure:4309: result: yes
configure:4309: checking for inttypes.h
configure:4309: icc -c -g -O2  conftest.c >&5
configure:4309: $? = 0
configure:4309: result: yes
configure:4309: checking for stdint.h
configure:4309: icc -c -g -O2  conftest.c >&5
configure:4309: $? = 0
configure:4309: result: yes
configure:4309: checking for unistd.h
configure:4309: icc -c -g -O2  conftest.c >&5
configure:4309: $? = 0
configure:4309: result: yes
configure:4321: checking gssapi/gssapi.h usability
configure:4321: icc -c -g -O2  conftest.c >&5
configure:4321: $? = 0
configure:4321: result: yes
configure:4321: checking gssapi/gssapi.h presence
configure:4321: icc -E  conftest.c
configure:4321: $? = 0
configure:4321: result: yes
configure:4321: checking for gssapi/gssapi.h
configure:4321: result: yes
configure:4393: checking for krb5-config
configure:4409: found /usr/bin/krb5-config
configure:4420: result: krb5-config
configure:4513: checking build system type
configure:4527: result: x86_64-pc-linux-gnu
configure:4588: checking host system type
configure:4601: result: x86_64-pc-linux-gnu
configure:4642: checking how to print strings
configure:4669: result: printf
configure:4690: checking for a sed that does not truncate output
configure:4754: result: /usr/bin/sed
configure:4772: checking for fgrep
configure:4834: result: /usr/bin/grep -F
configure:4869: checking for ld used by icc
configure:4936: result: xild
configure:4943: checking if the linker (xild) is GNU ld
configure:4958: result: yes
configure:4970: checking for BSD- or MS-compatible name lister (nm)
configure:5024: result: /usr/bin/nm -B
configure:5154: checking the name lister (/usr/bin/nm -B) interface
configure:5161: icc -c -g -O2  conftest.c >&5
configure:5164: /usr/bin/nm -B "conftest.o"
configure:5167: output
0000000000000000 N .debug_info_seg
0000000000000000 B some_variable
configure:5168: result: BSD nm
configure:5171: checking whether ln -s works
configure:5175: result: yes
configure:5183: checking the maximum length of command line arguments
configure:5314: result: 1572864
configure:5362: checking how to convert x86_64-pc-linux-gnu file names to x86_64-pc-linux-gnu format
configure:5402: result: func_convert_file_noop
configure:5409: checking how to convert x86_64-pc-linux-gnu file names to toolchain format
configure:5429: result: func_convert_file_noop
configure:5436: checking for xild option to reload object files
configure:5443: result: -r
configure:5517: checking for objdump
configure:5533: found /usr/bin/objdump
configure:5544: result: objdump
configure:5576: checking how to recognize dependent libraries
configure:5776: result: pass_all
configure:5861: checking for dlltool
configure:5891: result: no
configure:5921: checking how to associate runtime and link libraries
configure:5948: result: printf %s\n
configure:6072: checking for archiver @FILE support
configure:6089: icc -c -g -O2  conftest.c >&5
configure:6089: $? = 0
configure:6092: xiar cr libconftest.a @conftest.lst >&5
xiar: executing 'ar'
configure:6095: $? = 0
configure:6100: xiar cr libconftest.a @conftest.lst >&5
xiar: executing 'ar'
ar: conftest.o: No such file or directory
configure:6103: $? = 1
configure:6102: result: @
configure:6160: checking for strip
configure:6176: found /usr/bin/strip
configure:6187: result: strip
configure:6259: checking for ranlib
configure:6275: found /usr/bin/ranlib
configure:6286: result: ranlib
configure:6388: checking command to parse /usr/bin/nm -B output from icc object
configure:6541: icc -c -g -O2  conftest.c >&5
configure:6544: $? = 0
configure:6548: /usr/bin/nm -B conftest.o | sed -n -e 's/^.*[	 ]\([ABCDGIRSTW][ABCDGIRSTW]*\)[	 ][	 ]*\([_A-Za-z][_A-Za-z0-9]*\)$/\1 \2 \2/p' | sed '/ __gnu_lto/d' > conftest.nm
configure:6614: icc -o conftest -g -O2   conftest.c conftstm.o >&5
configure:6617: $? = 0
configure:6655: result: ok
configure:6702: checking for sysroot
configure:6732: result: no
configure:6739: checking for a working dd
configure:6777: result: /usr/bin/dd
configure:6781: checking how to truncate binary pipes
configure:6796: result: /usr/bin/dd bs=4096 count=1
configure:6932: icc -c -g -O2  conftest.c >&5
configure:6935: $? = 0
configure:7125: checking for mt
configure:7141: found /usr/bin/mt
configure:7152: result: mt
configure:7175: checking if mt is a manifest tool
configure:7181: mt '-?'
configure:7189: result: no
configure:7863: checking for dlfcn.h
configure:7863: icc -c -g -O2  conftest.c >&5
configure:7863: $? = 0
configure:7863: result: yes
configure:8119: checking for objdir
configure:8134: result: .libs
configure:8398: checking if icc supports -fno-rtti -fno-exceptions
configure:8416: icc -c -g -O2  -fno-rtti -fno-exceptions conftest.c >&5
configure:8420: $? = 0
configure:8433: result: yes
configure:8797: checking for icc option to produce PIC
configure:8804: result: -fPIC -DPIC
configure:8812: checking if icc PIC flag -fPIC -DPIC works
configure:8830: icc -c -g -O2  -fPIC -DPIC -DPIC conftest.c >&5
configure:8834: $? = 0
configure:8847: result: yes
configure:8876: checking if icc static flag -static works
configure:8904: result: yes
configure:8919: checking if icc supports -c -o file.o
configure:8940: icc -c -g -O2  -o out/conftest2.o conftest.c >&5
configure:8944: $? = 0
configure:8966: result: yes
configure:8974: checking if icc supports -c -o file.o
configure:9021: result: yes
configure:9054: checking whether the icc linker (xild -m elf_x86_64) supports shared libraries
configure:10317: result: yes
configure:10354: checking whether -lc should be explicitly linked in
configure:10362: icc -c -g -O2  conftest.c >&5
configure:10365: $? = 0
configure:10380: icc -shared  -fPIC -DPIC conftest.o  -v -Wl,-soname -Wl,conftest -o conftest 2\>\&1 \| /usr/bin/grep  -lc  \>/dev/null 2\>\&1
configure:10383: $? = 0
configure:10397: result: no
configure:10557: checking dynamic linker characteristics
configure:11138: icc -o conftest -g -O2   -Wl,-rpath -Wl,/foo conftest.c  >&5
configure:11138: $? = 0
configure:11387: result: GNU/Linux ld.so
configure:11509: checking how to hardcode library paths into programs
configure:11534: result: immediate
configure:12082: checking whether stripping libraries is possible
configure:12087: result: yes
configure:12122: checking if libtool supports shared libraries
configure:12124: result: yes
configure:12127: checking whether to build shared libraries
configure:12152: result: yes
configure:12155: checking whether to build static libraries
configure:12159: result: yes
configure:8975: checking for dirent.h that defines DIR
configure:8994: icc -c -g -O2  conftest.c >&5
configure:8994: $? = 0
configure:9002: result: yes
configure:9015: checking for library containing opendir
configure:9046: icc -o conftest -g -O2   conftest.c  >&5
configure:9046: $? = 0
configure:9063: result: none required
configure:9134: checking arpa/inet.h usability
configure:9134: icc -c -g -O2  conftest.c >&5
configure:9134: $? = 0
configure:9134: result: yes
configure:9134: checking arpa/inet.h presence
configure:9134: icc -E  conftest.c
configure:9134: $? = 0
configure:9134: result: yes
configure:9134: checking for arpa/inet.h
configure:9134: result: yes
configure:9134: checking fcntl.h usability
configure:9134: icc -c -g -O2  conftest.c >&5
configure:9134: $? = 0
configure:9134: result: yes
configure:9134: checking fcntl.h presence
configure:9134: icc -E  conftest.c
configure:9134: $? = 0
configure:9134: result: yes
configure:9134: checking for fcntl.h
configure:9134: result: yes
configure:9134: checking libintl.h usability
configure:9134: icc -c -g -O2  conftest.c >&5
configure:9134: $? = 0
configure:9134: result: yes
configure:9134: checking libintl.h presence
configure:9134: icc -E  conftest.c
configure:9134: $? = 0
configure:9134: result: yes
configure:9134: checking for libintl.h
configure:9134: result: yes
configure:9134: checking limits.h usability
configure:9134: icc -c -g -O2  conftest.c >&5
configure:9134: $? = 0
configure:9134: result: yes
configure:9134: checking limits.h presence
configure:9134: icc -E  conftest.c
configure:9134: $? = 0
configure:9134: result: yes
configure:9134: checking for limits.h
configure:9134: result: yes
configure:9134: checking locale.h usability
configure:9134: icc -c -g -O2  conftest.c >&5
configure:9134: $? = 0
configure:9134: result: yes
configure:9134: checking locale.h presence
configure:9134: icc -E  conftest.c
configure:9134: $? = 0
configure:9134: result: yes
configure:9134: checking for locale.h
configure:9134: result: yes
configure:9134: checking netdb.h usability
configure:9134: icc -c -g -O2  conftest.c >&5
configure:9134: $? = 0
configure:9134: result: yes
configure:9134: checking netdb.h presence
configure:9134: icc -E  conftest.c
configure:9134: $? = 0
configure:9134: result: yes
configure:9134: checking for netdb.h
configure:9134: result: yes
configure:9134: checking netinet/in.h usability
configure:9134: icc -c -g -O2  conftest.c >&5
configure:9134: $? = 0
configure:9134: result: yes
configure:9134: checking netinet/in.h presence
configure:9134: icc -E  conftest.c
configure:9134: $? = 0
configure:9134: result: yes
configure:9134: checking for netinet/in.h
configure:9134: result: yes
configure:9134: checking stddef.h usability
configure:9134: icc -c -g -O2  conftest.c >&5
configure:9134: $? = 0
configure:9134: result: yes
configure:9134: checking stddef.h presence
configure:9134: icc -E  conftest.c
configure:9134: $? = 0
configure:9134: result: yes
configure:9134: checking for stddef.h
configure:9134: result: yes
configure:9134: checking for stdint.h
configure:9134: result: yes
configure:9134: checking for stdlib.h
configure:9134: result: yes
configure:9134: checking for string.h
configure:9134: result: yes
configure:9134: checking sys/ioctl.h usability
configure:9134: icc -c -g -O2  conftest.c >&5
configure:9134: $? = 0
configure:9134: result: yes
configure:9134: checking sys/ioctl.h presence
configure:9134: icc -E  conftest.c
configure:9134: $? = 0
configure:9134: result: yes
configure:9134: checking for sys/ioctl.h
configure:9134: result: yes
configure:9134: checking sys/param.h usability
configure:9134: icc -c -g -O2  conftest.c >&5
configure:9134: $? = 0
configure:9134: result: yes
configure:9134: checking sys/param.h presence
configure:9134: icc -E  conftest.c
configure:9134: $? = 0
configure:9134: result: yes
configure:9134: checking for sys/param.h
configure:9134: result: yes
configure:9134: checking sys/socket.h usability
configure:9134: icc -c -g -O2  conftest.c >&5
configure:9134: $? = 0
configure:9134: result: yes
configure:9134: checking sys/socket.h presence
configure:9134: icc -E  conftest.c
configure:9134: $? = 0
configure:9134: result: yes
configure:9134: checking for sys/socket.h
configure:9134: result: yes
configure:9134: checking sys/time.h usability
configure:9134: icc -c -g -O2  conftest.c >&5
configure:9134: $? = 0
configure:9134: result: yes
configure:9134: checking sys/time.h presence
configure:9134: icc -E  conftest.c
configure:9134: $? = 0
configure:9134: result: yes
configure:9134: checking for sys/time.h
configure:9134: result: yes
configure:9134: checking syslog.h usability
configure:9134: icc -c -g -O2  conftest.c >&5
configure:9134: $? = 0
configure:9134: result: yes
configure:9134: checking syslog.h presence
configure:9134: icc -E  conftest.c
configure:9134: $? = 0
configure:9134: result: yes
configure:9134: checking for syslog.h
configure:9134: result: yes
configure:9134: checking for unistd.h
configure:9134: result: yes
configure:9134: checking features.h usability
configure:9134: icc -c -g -O2  conftest.c >&5
configure:9134: $? = 0
configure:9134: result: yes
configure:9134: checking features.h presence
configure:9134: icc -E  conftest.c
configure:9134: $? = 0
configure:9134: result: yes
configure:9134: checking for features.h
configure:9134: result: yes
configure:9134: checking gssapi/gssapi_ext.h usability
configure:9134: icc -c -g -O2  conftest.c >&5
configure:9134: $? = 0
configure:9134: result: yes
configure:9134: checking gssapi/gssapi_ext.h presence
configure:9134: icc -E  conftest.c
configure:9134: $? = 0
configure:9134: result: yes
configure:9134: checking for gssapi/gssapi_ext.h
configure:9134: result: yes
configure:9144: checking for pthread_create in -lpthread
configure:9169: icc -o conftest -g -O2   conftest.c -lpthread   >&5
configure:9169: $? = 0
configure:9178: result: yes
configure:9192: checking for getrpcbyname
configure:9192: icc -o conftest -g -O2   conftest.c -lpthread  >&5
configure:9192: $? = 0
configure:9192: result: yes
configure:9192: checking for getrpcbynumber
configure:9192: icc -o conftest -g -O2   conftest.c -lpthread  >&5
configure:9192: $? = 0
configure:9192: result: yes
configure:9192: checking for setrpcent
configure:9192: icc -o conftest -g -O2   conftest.c -lpthread  >&5
configure:9192: $? = 0
configure:9192: result: yes
configure:9192: checking for endrpcent
configure:9192: icc -o conftest -g -O2   conftest.c -lpthread  >&5
configure:9192: $? = 0
configure:9192: result: yes
configure:9192: checking for getrpcent
configure:9192: icc -o conftest -g -O2   conftest.c -lpthread  >&5
configure:9192: $? = 0
configure:9192: result: yes
configure:9307: checking that generated files are newer than configure
configure:9313: result: done
configure:9352: creating ./config.status

## ---------------------- ##
## Running config.status. ##
## ---------------------- ##

This file was extended by libtirpc config.status 1.3.1, which was
generated by GNU Autoconf 2.69.  Invocation command line was

  CONFIG_FILES    = 
  CONFIG_HEADERS  = 
  CONFIG_LINKS    = 
  CONFIG_COMMANDS = 
  $ ./config.status 

on lk-inspiron3542

config.status:1124: creating Makefile
config.status:1124: creating src/Makefile
config.status:1124: creating man/Makefile
config.status:1124: creating doc/Makefile
config.status:1124: creating libtirpc.pc
config.status:1124: creating config.h
config.status:1305: config.h is unchanged
config.status:1353: executing depfiles commands
config.status:1430: cd src       && sed -e '/# am--include-marker/d' Makefile         | make -f - am--depfiles
make: Nothing to be done for 'am--depfiles'.
config.status:1435: $? = 0
config.status:1353: executing libtool commands

## ---------------- ##
## Cache variables. ##
## ---------------- ##

ac_cv_build=x86_64-pc-linux-gnu
ac_cv_c_compiler_gnu=yes
ac_cv_env_CC_set=set
ac_cv_env_CC_value=icc
ac_cv_env_CFLAGS_set=
ac_cv_env_CFLAGS_value=
ac_cv_env_CPPFLAGS_set=
ac_cv_env_CPPFLAGS_value=
ac_cv_env_CPP_set=
ac_cv_env_CPP_value=
ac_cv_env_LDFLAGS_set=
ac_cv_env_LDFLAGS_value=
ac_cv_env_LIBS_set=
ac_cv_env_LIBS_value=
ac_cv_env_LT_SYS_LIBRARY_PATH_set=
ac_cv_env_LT_SYS_LIBRARY_PATH_value=
ac_cv_env_build_alias_set=
ac_cv_env_build_alias_value=
ac_cv_env_host_alias_set=
ac_cv_env_host_alias_value=
ac_cv_env_target_alias_set=
ac_cv_env_target_alias_value=
ac_cv_func_endrpcent=yes
ac_cv_func_getrpcbyname=yes
ac_cv_func_getrpcbynumber=yes
ac_cv_func_getrpcent=yes
ac_cv_func_setrpcent=yes
ac_cv_header_arpa_inet_h=yes
ac_cv_header_dirent_dirent_h=yes
ac_cv_header_dlfcn_h=yes
ac_cv_header_fcntl_h=yes
ac_cv_header_features_h=yes
ac_cv_header_gssapi_gssapi_ext_h=yes
ac_cv_header_gssapi_gssapi_h=yes
ac_cv_header_inttypes_h=yes
ac_cv_header_libintl_h=yes
ac_cv_header_limits_h=yes
ac_cv_header_locale_h=yes
ac_cv_header_memory_h=yes
ac_cv_header_netdb_h=yes
ac_cv_header_netinet_in_h=yes
ac_cv_header_stdc=yes
ac_cv_header_stddef_h=yes
ac_cv_header_stdint_h=yes
ac_cv_header_stdlib_h=yes
ac_cv_header_string_h=yes
ac_cv_header_strings_h=yes
ac_cv_header_sys_ioctl_h=yes
ac_cv_header_sys_param_h=yes
ac_cv_header_sys_socket_h=yes
ac_cv_header_sys_stat_h=yes
ac_cv_header_sys_time_h=yes
ac_cv_header_sys_types_h=yes
ac_cv_header_syslog_h=yes
ac_cv_header_unistd_h=yes
ac_cv_host=x86_64-pc-linux-gnu
ac_cv_lib_pthread_pthread_create=yes
ac_cv_objext=o
ac_cv_path_EGREP='/usr/bin/grep -E'
ac_cv_path_FGREP='/usr/bin/grep -F'
ac_cv_path_GREP=/usr/bin/grep
ac_cv_path_SED=/usr/bin/sed
ac_cv_path_install='/usr/bin/install -c'
ac_cv_path_lt_DD=/usr/bin/dd
ac_cv_path_mkdir=/usr/bin/mkdir
ac_cv_prog_AWK=gawk
ac_cv_prog_CPP='icc -E'
ac_cv_prog_ac_ct_CC=icc
ac_cv_prog_ac_ct_KRB5_CONFIG=krb5-config
ac_cv_prog_ac_ct_MANIFEST_TOOL=mt
ac_cv_prog_ac_ct_OBJDUMP=objdump
ac_cv_prog_ac_ct_RANLIB=ranlib
ac_cv_prog_ac_ct_STRIP=strip
ac_cv_prog_cc_c89=
ac_cv_prog_cc_g=yes
ac_cv_prog_make_make_set=yes
ac_cv_search_opendir='none required'
am_cv_CC_dependencies_compiler_type=gcc3
am_cv_make_support_nested_variables=yes
am_cv_prog_cc_c_o=yes
lt_cv_ar_at_file=@
lt_cv_archive_cmds_need_lc=no
lt_cv_deplibs_check_method=pass_all
lt_cv_file_magic_cmd='$MAGIC_CMD'
lt_cv_file_magic_test_file=
lt_cv_ld_reload_flag=-r
lt_cv_nm_interface='BSD nm'
lt_cv_objdir=.libs
lt_cv_path_LD=xild
lt_cv_path_NM='/usr/bin/nm -B'
lt_cv_path_mainfest_tool=no
lt_cv_prog_compiler_c_o=yes
lt_cv_prog_compiler_pic='-fPIC -DPIC'
lt_cv_prog_compiler_pic_works=yes
lt_cv_prog_compiler_rtti_exceptions=yes
lt_cv_prog_compiler_static_works=yes
lt_cv_prog_gnu_ld=yes
lt_cv_sharedlib_from_linklib_cmd='printf %s\n'
lt_cv_shlibpath_overrides_runpath=yes
lt_cv_sys_global_symbol_pipe='sed -n -e '\''s/^.*[	 ]\([ABCDGIRSTW][ABCDGIRSTW]*\)[	 ][	 ]*\([_A-Za-z][_A-Za-z0-9]*\)$/\1 \2 \2/p'\'' | sed '\''/ __gnu_lto/d'\'''
lt_cv_sys_global_symbol_to_c_name_address='sed -n -e '\''s/^: \(.*\) .*$/  {"\1", (void *) 0},/p'\'' -e '\''s/^[ABCDGIRSTW][ABCDGIRSTW]* .* \(.*\)$/  {"\1", (void *) \&\1},/p'\'''
lt_cv_sys_global_symbol_to_c_name_address_lib_prefix='sed -n -e '\''s/^: \(.*\) .*$/  {"\1", (void *) 0},/p'\'' -e '\''s/^[ABCDGIRSTW][ABCDGIRSTW]* .* \(lib.*\)$/  {"\1", (void *) \&\1},/p'\'' -e '\''s/^[ABCDGIRSTW][ABCDGIRSTW]* .* \(.*\)$/  {"lib\1", (void *) \&\1},/p'\'''
lt_cv_sys_global_symbol_to_cdecl='sed -n -e '\''s/^T .* \(.*\)$/extern int \1();/p'\'' -e '\''s/^[ABCDGIRSTW][ABCDGIRSTW]* .* \(.*\)$/extern char \1;/p'\'''
lt_cv_sys_global_symbol_to_import=
lt_cv_sys_max_cmd_len=1572864
lt_cv_to_host_file_cmd=func_convert_file_noop
lt_cv_to_tool_file_cmd=func_convert_file_noop
lt_cv_truncate_bin='/usr/bin/dd bs=4096 count=1'

## ----------------- ##
## Output variables. ##
## ----------------- ##

ACLOCAL='${SHELL} /home/lk/Templates/UnDiFi-2D/lib/libtirpc-1.3.1/missing aclocal-1.16'
AMDEPBACKSLASH='\'
AMDEP_FALSE='#'
AMDEP_TRUE=''
AMTAR='$${TAR-tar}'
AM_BACKSLASH='\'
AM_DEFAULT_V='$(AM_DEFAULT_VERBOSITY)'
AM_DEFAULT_VERBOSITY='0'
AM_V='$(V)'
AR='xiar'
AUTHDES_FALSE=''
AUTHDES_TRUE='#'
AUTOCONF='${SHELL} /home/lk/Templates/UnDiFi-2D/lib/libtirpc-1.3.1/missing autoconf'
AUTOHEADER='${SHELL} /home/lk/Templates/UnDiFi-2D/lib/libtirpc-1.3.1/missing autoheader'
AUTOMAKE='${SHELL} /home/lk/Templates/UnDiFi-2D/lib/libtirpc-1.3.1/missing automake-1.16'
AWK='gawk'
CC='icc'
CCDEPMODE='depmode=gcc3'
CFLAGS='-g -O2'
CPP='icc -E'
CPPFLAGS=''
CYGPATH_W='echo'
DEFS='-DHAVE_CONFIG_H'
DEPDIR='.deps'
DLLTOOL='false'
DSYMUTIL=''
DUMPBIN=''
ECHO_C=''
ECHO_N='-n'
ECHO_T=''
EGREP='/usr/bin/grep -E'
EXEEXT=''
FGREP='/usr/bin/grep -F'
GREP='/usr/bin/grep'
GSSAPI_CFLAGS='-isystem /usr/include/mit-krb5'
GSSAPI_LIBS='-L/usr/lib/x86_64-linux-gnu/mit-krb5 -Wl,-Bsymbolic-functions -Wl,-z,relro -lgssapi_krb5 -lkrb5 -lk5crypto -lcom_err'
GSS_FALSE='#'
GSS_TRUE=''
INET6_FALSE='#'
INET6_TRUE=''
INSTALL_DATA='${INSTALL} -m 644'
INSTALL_PROGRAM='${INSTALL}'
INSTALL_SCRIPT='${INSTALL}'
INSTALL_STRIP_PROGRAM='$(install_sh) -c -s'
KRB5_CONFIG='krb5-config'
LD='xild -m elf_x86_64'
LDFLAGS=''
LDFLAG_NOUNDEFINED='-Wl,--no-undefined'
LIBOBJS=''
LIBS='-lpthread '
LIBTOOL='$(SHELL) $(top_builddir)/libtool'
LIPO=''
LN_S='ln -s'
LTLIBOBJS=''
LT_SYS_LIBRARY_PATH=''
LT_VERSION_INFO='3:0:0'
MAKEINFO='${SHELL} /home/lk/Templates/UnDiFi-2D/lib/libtirpc-1.3.1/missing makeinfo'
MANIFEST_TOOL=':'
MKDIR_P='/usr/bin/mkdir -p'
NM='/usr/bin/nm -B'
NMEDIT=''
OBJDUMP='objdump'
OBJEXT='o'
OTOOL64=''
OTOOL=''
PACKAGE='libtirpc'
PACKAGE_BUGREPORT=''
PACKAGE_NAME='libtirpc'
PACKAGE_STRING='libtirpc 1.3.1'
PACKAGE_TARNAME='libtirpc'
PACKAGE_URL=''
PACKAGE_VERSION='1.3.1'
PATH_SEPARATOR=':'
RANLIB='ranlib'
SED='/usr/bin/sed'
SET_MAKE=''
SHELL='/bin/bash'
STRIP='strip'
SYMVERS_FALSE='#'
SYMVERS_TRUE=''
VERSION='1.3.1'
ac_ct_AR=''
ac_ct_CC='icc'
ac_ct_DUMPBIN=''
am__EXEEXT_FALSE=''
am__EXEEXT_TRUE='#'
am__fastdepCC_FALSE='#'
am__fastdepCC_TRUE=''
am__include='include'
am__isrc=''
am__leading_dot='.'
am__nodep='_no'
am__quote=''
am__tar='$${TAR-tar} chof - "$$tardir"'
am__untar='$${TAR-tar} xf -'
bindir='${exec_prefix}/bin'
build='x86_64-pc-linux-gnu'
build_alias=''
build_cpu='x86_64'
build_os='linux-gnu'
build_vendor='pc'
datadir='${datarootdir}'
datarootdir='${prefix}/share'
docdir='${datarootdir}/doc/${PACKAGE_TARNAME}'
dvidir='${docdir}'
exec_prefix='${prefix}'
host='x86_64-pc-linux-gnu'
host_alias=''
host_cpu='x86_64'
host_os='linux-gnu'
host_vendor='pc'
htmldir='${docdir}'
includedir='${prefix}/include'
infodir='${datarootdir}/info'
install_sh='${SHELL} /home/lk/Templates/UnDiFi-2D/lib/libtirpc-1.3.1/install-sh'
libdir='${exec_prefix}/lib'
libexecdir='${exec_prefix}/libexec'
localedir='${datarootdir}/locale'
localstatedir='${prefix}/var'
mandir='${datarootdir}/man'
mkdir_p='$(MKDIR_P)'
oldincludedir='/usr/include'
pdfdir='${docdir}'
prefix='/usr'
program_transform_name='s,x,x,'
psdir='${docdir}'
runstatedir='${localstatedir}/run'
sbindir='${exec_prefix}/sbin'
sharedstatedir='${prefix}/com'
sysconfdir='${prefix}/etc'
target_alias=''

## ----------- ##
## confdefs.h. ##
## ----------- ##

/* confdefs.h */
#define PACKAGE_NAME "libtirpc"
#define PACKAGE_TARNAME "libtirpc"
#define PACKAGE_VERSION "1.3.1"
#define PACKAGE_STRING "libtirpc 1.3.1"
#define PACKAGE_BUGREPORT ""
#define PACKAGE_URL ""
#define PACKAGE "libtirpc"
#define VERSION "1.3.1"
#define STDC_HEADERS 1
#define HAVE_SYS_TYPES_H 1
#define HAVE_SYS_STAT_H 1
#define HAVE_STDLIB_H 1
#define HAVE_STRING_H 1
#define HAVE_MEMORY_H 1
#define HAVE_STRINGS_H 1
#define HAVE_INTTYPES_H 1
#define HAVE_STDINT_H 1
#define HAVE_UNISTD_H 1
#define INET6 1
#define HAVE_DLFCN_H 1
#define LT_OBJDIR ".libs/"
#define HAVE_DIRENT_H 1
#define HAVE_ARPA_INET_H 1
#define HAVE_FCNTL_H 1
#define HAVE_LIBINTL_H 1
#define HAVE_LIMITS_H 1
#define HAVE_LOCALE_H 1
#define HAVE_NETDB_H 1
#define HAVE_NETINET_IN_H 1
#define HAVE_STDDEF_H 1
#define HAVE_STDINT_H 1
#define HAVE_STDLIB_H 1
#define HAVE_STRING_H 1
#define HAVE_SYS_IOCTL_H 1
#define HAVE_SYS_PARAM_H 1
#define HAVE_SYS_SOCKET_H 1
#define HAVE_SYS_TIME_H 1
#define HAVE_SYSLOG_H 1
#define HAVE_UNISTD_H 1
#define HAVE_FEATURES_H 1
#define HAVE_GSSAPI_GSSAPI_EXT_H 1
#define HAVE_LIBPTHREAD 1
#define HAVE_GETRPCBYNAME 1
#define HAVE_GETRPCBYNUMBER 1
#define HAVE_SETRPCENT 1
#define HAVE_ENDRPCENT 1
#define HAVE_GETRPCENT 1

configure: exit 0
